Command line:
   counter_isim_beh.exe
     -simmode  gui
     -simrunnum  0
     -socket  2012

Wed Apr 01 22:22:44 2015


 Elaboration Time: 0.03125 sec

 Current Memory Usage: 364.089 Meg

 Total Signals          : 32
 Total Nets             : 40
 Total Signal Drivers   : 30
 Total Blocks           : 10
 Total Primitive Blocks : 9
 Total Processes        : 40
 Total Traceable Variables  : 28
 Total Scalar Nets and Variables : 137
Total Line Count : 50

 Total Simulation Time: 0.046875 sec

 Current Memory Usage: 678.679 Meg

Wed Apr 01 22:23:45 2015

