Release 14.7 - xst P.20131013 (nt64)
Copyright (c) 1995-2013 Xilinx, Inc.  All rights reserved.
--> Parameter TMPDIR set to xst/projnav.tmp


Total REAL time to Xst completion: 0.00 secs
Total CPU time to Xst completion: 0.10 secs
 
--> Parameter xsthdpdir set to xst


Total REAL time to Xst completion: 0.00 secs
Total CPU time to Xst completion: 0.10 secs
 
--> Reading design: speaker.prj

TABLE OF CONTENTS
  1) Synthesis Options Summary
  2) HDL Parsing
  3) HDL Elaboration
  4) HDL Synthesis
       4.1) HDL Synthesis Report
  5) Advanced HDL Synthesis
       5.1) Advanced HDL Synthesis Report
  6) Low Level Synthesis
  7) Partition Report
  8) Design Summary
       8.1) Primitive and Black Box Usage
       8.2) Device utilization summary
       8.3) Partition Resource Summary
       8.4) Timing Report
            8.4.1) Clock Information
            8.4.2) Asynchronous Control Signals Information
            8.4.3) Timing Summary
            8.4.4) Timing Details
            8.4.5) Cross Clock Domains Report


=========================================================================
*                      Synthesis Options Summary                        *
=========================================================================
---- Source Parameters
Input File Name                    : "speaker.prj"
Ignore Synthesis Constraint File   : NO

---- Target Parameters
Output File Name                   : "speaker"
Output Format                      : NGC
Target Device                      : xc6slx16-3-csg324

---- Source Options
Top Module Name                    : speaker
Automatic FSM Extraction           : YES
FSM Encoding Algorithm             : Auto
Safe Implementation                : No
FSM Style                          : LUT
RAM Extraction                     : Yes
RAM Style                          : Auto
ROM Extraction                     : Yes
Shift Register Extraction          : YES
ROM Style                          : Auto
Resource Sharing                   : YES
Asynchronous To Synchronous        : NO
Shift Register Minimum Size        : 2
Use DSP Block                      : Auto
Automatic Register Balancing       : No

---- Target Options
LUT Combining                      : Auto
Reduce Control Sets                : Auto
Add IO Buffers                     : YES
Global Maximum Fanout              : 100000
Add Generic Clock Buffer(BUFG)     : 16
Register Duplication               : YES
Optimize Instantiated Primitives   : NO
Use Clock Enable                   : Auto
Use Synchronous Set                : Auto
Use Synchronous Reset              : Auto
Pack IO Registers into IOBs        : Auto
Equivalent register Removal        : YES

---- General Options
Optimization Goal                  : Speed
Optimization Effort                : 1
Power Reduction                    : NO
Keep Hierarchy                     : No
Netlist Hierarchy                  : As_Optimized
RTL Output                         : Yes
Global Optimization                : AllClockNets
Read Cores                         : YES
Write Timing Constraints           : NO
Cross Clock Analysis               : NO
Hierarchy Separator                : /
Bus Delimiter                      : <>
Case Specifier                     : Maintain
Slice Utilization Ratio            : 100
BRAM Utilization Ratio             : 100
DSP48 Utilization Ratio            : 100
Auto BRAM Packing                  : NO
Slice Utilization Ratio Delta      : 5

=========================================================================


=========================================================================
*                          HDL Parsing                                  *
=========================================================================
Analyzing Verilog file "D:\Programming\EE2230\Lab10_2\tone_setting.v" into library work
Parsing verilog file "global.v" included at line 7.
Parsing module <tone_setting>.
Analyzing Verilog file "D:\Programming\EE2230\Lab10_2\speaker_control.v" into library work
Parsing module <speaker_control>.
Analyzing Verilog file "D:\Programming\EE2230\Lab10_2\keypad_scan.v" into library work
Parsing verilog file "global.v" included at line 7.
Parsing module <keypad_scan>.
Analyzing Verilog file "D:\Programming\EE2230\Lab10_2\FTSD_scan.v" into library work
Parsing verilog file "global.v" included at line 7.
Parsing module <FTSD_scan>.
Analyzing Verilog file "D:\Programming\EE2230\Lab10_2\FTSD_decoder.v" into library work
Parsing verilog file "global.v" included at line 7.
Parsing module <FTSD_decoder>.
Analyzing Verilog file "D:\Programming\EE2230\Lab10_2\frequency_divider.v" into library work
Parsing verilog file "global.v" included at line 9.
Parsing module <frequency_divider>.
Analyzing Verilog file "D:\Programming\EE2230\Lab10_2\buzzer_control.v" into library work
Parsing module <buzzer_control>.
Analyzing Verilog file "D:\Programming\EE2230\Lab10_2\speaker.v" into library work
Parsing module <speaker>.

=========================================================================
*                            HDL Elaboration                            *
=========================================================================

Elaborating module <speaker>.

Elaborating module <frequency_divider>.
WARNING:HDLCompiler:1127 - "D:\Programming\EE2230\Lab10_2\speaker.v" Line 49: Assignment to clk_cnt ignored, since the identifier is never used

Elaborating module <keypad_scan>.

Elaborating module <tone_setting>.

Elaborating module <buzzer_control>.

Elaborating module <speaker_control>.

Elaborating module <FTSD_decoder>.

Elaborating module <FTSD_scan>.

=========================================================================
*                           HDL Synthesis                               *
=========================================================================

Synthesizing Unit <speaker>.
    Related source file is "D:\Programming\EE2230\Lab10_2\speaker.v".
INFO:Xst:3210 - "D:\Programming\EE2230\Lab10_2\speaker.v" line 48: Output port <clk_cnt> of the instance <fteq_div> is unconnected or connected to loadless signal.
    Summary:
	no macro.
Unit <speaker> synthesized.

Synthesizing Unit <frequency_divider>.
    Related source file is "D:\Programming\EE2230\Lab10_2\frequency_divider.v".
    Found 2-bit register for signal <clk_scn>.
    Found 7-bit register for signal <cnt_h>.
    Found 15-bit register for signal <cnt_l>.
    Found 1-bit register for signal <clk_cnt>.
    Found 25-bit adder for signal <cnt_tmp> created at line 30.
    Summary:
	inferred   1 Adder/Subtractor(s).
	inferred  25 D-type flip-flop(s).
Unit <frequency_divider> synthesized.

Synthesizing Unit <keypad_scan>.
    Related source file is "D:\Programming\EE2230\Lab10_2\keypad_scan.v".
    Found 4-bit register for signal <pause_delay>.
    Found 4-bit register for signal <key>.
    Found 5-bit register for signal <press_shift>.
    Found 2-bit register for signal <sel>.
    Found 1-bit register for signal <keypad_state>.
    Found 1-bit register for signal <pressed_scn>.
    Found 1-bit register for signal <pressed>.
    Found 2-bit adder for signal <sel_next> created at line 42.
    Found 4-bit adder for signal <pause_delay[3]_GND_3_o_add_25_OUT> created at line 178.
    Found 4x4-bit Read Only RAM for signal <row_scn>
    Found 5-bit comparator greater for signal <GND_3_o_press_shift[4]_LessThan_32_o> created at line 214
    Summary:
	inferred   1 RAM(s).
	inferred   2 Adder/Subtractor(s).
	inferred  18 D-type flip-flop(s).
	inferred   1 Comparator(s).
	inferred   4 Multiplexer(s).
Unit <keypad_scan> synthesized.

Synthesizing Unit <tone_setting>.
    Related source file is "D:\Programming\EE2230\Lab10_2\tone_setting.v".
WARNING:Xst:647 - Input <clk> is never used. This port will be preserved and left unconnected if it belongs to a top-level block or it belongs to a sub-block and the hierarchy of this sub-block is preserved.
WARNING:Xst:647 - Input <rst> is never used. This port will be preserved and left unconnected if it belongs to a top-level block or it belongs to a sub-block and the hierarchy of this sub-block is preserved.
    Summary:
	inferred  30 Multiplexer(s).
Unit <tone_setting> synthesized.

Synthesizing Unit <buzzer_control>.
    Related source file is "D:\Programming\EE2230\Lab10_2\buzzer_control.v".
    Found 20-bit register for signal <clk_cnt>.
    Found 1-bit register for signal <b_clk>.
    Found 20-bit adder for signal <clk_cnt[19]_GND_5_o_add_2_OUT> created at line 48.
    Found 20-bit comparator equal for signal <clk_cnt[19]_note_div[19]_equal_2_o> created at line 41
    Summary:
	inferred   1 Adder/Subtractor(s).
	inferred  21 D-type flip-flop(s).
	inferred   1 Comparator(s).
	inferred   1 Multiplexer(s).
Unit <buzzer_control> synthesized.

Synthesizing Unit <speaker_control>.
    Related source file is "D:\Programming\EE2230\Lab10_2\speaker_control.v".
    Found 7-bit register for signal <clk_128>.
    Found 4-bit register for signal <audio_bck_cnt>.
    Found 2-bit register for signal <cnt_4>.
    Found 1-bit register for signal <audio_bck>.
    Found 1-bit register for signal <audio_ws>.
    Found 2-bit adder for signal <cnt_4[1]_GND_6_o_add_1_OUT> created at line 50.
    Found 7-bit adder for signal <clk_128[6]_GND_6_o_add_5_OUT> created at line 75.
    Found 4-bit adder for signal <audio_bck_cnt_next> created at line 94.
    Found 1-bit 32-to-1 multiplexer for signal <audio_data> created at line 111.
    Summary:
	inferred   3 Adder/Subtractor(s).
	inferred  15 D-type flip-flop(s).
	inferred   3 Multiplexer(s).
Unit <speaker_control> synthesized.

Synthesizing Unit <FTSD_decoder>.
    Related source file is "D:\Programming\EE2230\Lab10_2\FTSD_decoder.v".
    Found 64x15-bit Read Only RAM for signal <ftsd>
    Summary:
	inferred   1 RAM(s).
Unit <FTSD_decoder> synthesized.

Synthesizing Unit <FTSD_scan>.
    Related source file is "D:\Programming\EE2230\Lab10_2\FTSD_scan.v".
    Found 19-bit 4-to-1 multiplexer for signal <display> created at line 24.
    Summary:
	inferred   1 Multiplexer(s).
Unit <FTSD_scan> synthesized.

=========================================================================
HDL Synthesis Report

Macro Statistics
# RAMs                                                 : 3
 4x4-bit single-port Read Only RAM                     : 1
 64x15-bit single-port Read Only RAM                   : 2
# Adders/Subtractors                                   : 7
 2-bit adder                                           : 2
 20-bit adder                                          : 1
 25-bit adder                                          : 1
 4-bit adder                                           : 2
 7-bit adder                                           : 1
# Registers                                            : 18
 1-bit register                                        : 7
 15-bit register                                       : 1
 2-bit register                                        : 3
 20-bit register                                       : 1
 4-bit register                                        : 3
 5-bit register                                        : 1
 7-bit register                                        : 2
# Comparators                                          : 2
 20-bit comparator equal                               : 1
 5-bit comparator greater                              : 1
# Multiplexers                                         : 39
 1-bit 2-to-1 multiplexer                              : 2
 1-bit 32-to-1 multiplexer                             : 1
 12-bit 2-to-1 multiplexer                             : 15
 19-bit 4-to-1 multiplexer                             : 1
 2-bit 2-to-1 multiplexer                              : 1
 20-bit 2-to-1 multiplexer                             : 16
 4-bit 2-to-1 multiplexer                              : 2
 7-bit 2-to-1 multiplexer                              : 1

=========================================================================

=========================================================================
*                       Advanced HDL Synthesis                          *
=========================================================================


Synthesizing (advanced) Unit <FTSD_decoder>.
INFO:Xst:3218 - HDL ADVISOR - The RAM <Mram_ftsd> will be implemented on LUTs either because you have described an asynchronous read or because of currently unsupported block RAM features. If you have described an asynchronous read, making it synchronous would allow you to take advantage of available block RAM resources, for optimized device usage and improved timings. Please refer to your documentation for coding guidelines.
    -----------------------------------------------------------------------
    | ram_type           | Distributed                         |          |
    -----------------------------------------------------------------------
    | Port A                                                              |
    |     aspect ratio   | 64-word x 15-bit                    |          |
    |     weA            | connected to signal <GND>           | high     |
    |     addrA          | connected to signal <bcd>           |          |
    |     diA            | connected to signal <GND>           |          |
    |     doA            | connected to signal <ftsd>          |          |
    -----------------------------------------------------------------------
Unit <FTSD_decoder> synthesized (advanced).

Synthesizing (advanced) Unit <buzzer_control>.
The following registers are absorbed into counter <clk_cnt>: 1 register on signal <clk_cnt>.
Unit <buzzer_control> synthesized (advanced).

Synthesizing (advanced) Unit <keypad_scan>.
The following registers are absorbed into counter <sel>: 1 register on signal <sel>.
INFO:Xst:3218 - HDL ADVISOR - The RAM <Mram_row_scn> will be implemented on LUTs either because you have described an asynchronous read or because of currently unsupported block RAM features. If you have described an asynchronous read, making it synchronous would allow you to take advantage of available block RAM resources, for optimized device usage and improved timings. Please refer to your documentation for coding guidelines.
    -----------------------------------------------------------------------
    | ram_type           | Distributed                         |          |
    -----------------------------------------------------------------------
    | Port A                                                              |
    |     aspect ratio   | 4-word x 4-bit                      |          |
    |     weA            | connected to signal <GND>           | high     |
    |     addrA          | connected to signal <sel>           |          |
    |     diA            | connected to signal <GND>           |          |
    |     doA            | connected to signal <row_scn>       |          |
    -----------------------------------------------------------------------
Unit <keypad_scan> synthesized (advanced).

Synthesizing (advanced) Unit <speaker_control>.
The following registers are absorbed into counter <cnt_4>: 1 register on signal <cnt_4>.
The following registers are absorbed into counter <clk_128>: 1 register on signal <clk_128>.
The following registers are absorbed into counter <audio_bck_cnt>: 1 register on signal <audio_bck_cnt>.
Unit <speaker_control> synthesized (advanced).

=========================================================================
Advanced HDL Synthesis Report

Macro Statistics
# RAMs                                                 : 3
 4x4-bit single-port distributed Read Only RAM         : 1
 64x15-bit single-port distributed Read Only RAM       : 2
# Adders/Subtractors                                   : 2
 25-bit adder                                          : 1
 4-bit adder                                           : 1
# Counters                                             : 5
 2-bit up counter                                      : 2
 20-bit up counter                                     : 1
 4-bit up counter                                      : 1
 7-bit up counter                                      : 1
# Registers                                            : 44
 Flip-Flops                                            : 44
# Comparators                                          : 2
 20-bit comparator equal                               : 1
 5-bit comparator greater                              : 1
# Multiplexers                                         : 36
 1-bit 2-to-1 multiplexer                              : 2
 1-bit 32-to-1 multiplexer                             : 1
 12-bit 2-to-1 multiplexer                             : 15
 19-bit 4-to-1 multiplexer                             : 1
 20-bit 2-to-1 multiplexer                             : 15
 4-bit 2-to-1 multiplexer                              : 2

=========================================================================

=========================================================================
*                         Low Level Synthesis                           *
=========================================================================

Optimizing unit <frequency_divider> ...

Optimizing unit <speaker> ...

Optimizing unit <keypad_scan> ...

Optimizing unit <tone_setting> ...

Optimizing unit <speaker_control> ...
WARNING:Xst:2677 - Node <fteq_div/clk_cnt> of sequential type is unconnected in block <speaker>.
WARNING:Xst:2677 - Node <fteq_div/cnt_h_6> of sequential type is unconnected in block <speaker>.
WARNING:Xst:2677 - Node <fteq_div/cnt_h_5> of sequential type is unconnected in block <speaker>.
WARNING:Xst:2677 - Node <fteq_div/cnt_h_4> of sequential type is unconnected in block <speaker>.
WARNING:Xst:2677 - Node <fteq_div/cnt_h_3> of sequential type is unconnected in block <speaker>.
WARNING:Xst:2677 - Node <fteq_div/cnt_h_2> of sequential type is unconnected in block <speaker>.
WARNING:Xst:2677 - Node <fteq_div/cnt_h_1> of sequential type is unconnected in block <speaker>.
WARNING:Xst:2677 - Node <fteq_div/cnt_h_0> of sequential type is unconnected in block <speaker>.
INFO:Xst:2261 - The FF/Latch <pad_scn/sel_0> in Unit <speaker> is equivalent to the following 3 FFs/Latches, which will be removed : <fteq_div/cnt_l_0> <spk_ctl/cnt_4_0> <spk_ctl/clk_128_0> 
INFO:Xst:2261 - The FF/Latch <pad_scn/sel_1> in Unit <speaker> is equivalent to the following 3 FFs/Latches, which will be removed : <fteq_div/cnt_l_1> <spk_ctl/cnt_4_1> <spk_ctl/clk_128_1> 
INFO:Xst:2261 - The FF/Latch <fteq_div/cnt_l_2> in Unit <speaker> is equivalent to the following 2 FFs/Latches, which will be removed : <spk_ctl/clk_128_2> <spk_ctl/audio_bck> 
INFO:Xst:2261 - The FF/Latch <fteq_div/cnt_l_3> in Unit <speaker> is equivalent to the following FF/Latch, which will be removed : <spk_ctl/clk_128_3> 
INFO:Xst:2261 - The FF/Latch <fteq_div/cnt_l_4> in Unit <speaker> is equivalent to the following FF/Latch, which will be removed : <spk_ctl/clk_128_4> 
INFO:Xst:2261 - The FF/Latch <fteq_div/cnt_l_5> in Unit <speaker> is equivalent to the following FF/Latch, which will be removed : <spk_ctl/clk_128_5> 
INFO:Xst:2261 - The FF/Latch <fteq_div/cnt_l_6> in Unit <speaker> is equivalent to the following FF/Latch, which will be removed : <spk_ctl/clk_128_6> 
INFO:Xst:2261 - The FF/Latch <fteq_div/cnt_l_7> in Unit <speaker> is equivalent to the following FF/Latch, which will be removed : <spk_ctl/audio_ws> 

Mapping all equations...
Building and optimizing final netlist ...
Found area constraint ratio of 100 (+ 5) on block speaker, actual ratio is 1.
FlipFlop pad_scn/key_0 has been replicated 2 time(s)
FlipFlop pad_scn/key_1 has been replicated 1 time(s)
FlipFlop pad_scn/key_2 has been replicated 1 time(s)
FlipFlop pad_scn/key_3 has been replicated 1 time(s)
FlipFlop pad_scn/pressed has been replicated 1 time(s)

Final Macro Processing ...

=========================================================================
Final Register Report

Macro Statistics
# Registers                                            : 64
 Flip-Flops                                            : 64

=========================================================================

=========================================================================
*                           Partition Report                            *
=========================================================================

Partition Implementation Status
-------------------------------

  No Partitions were found in this design.

-------------------------------

=========================================================================
*                            Design Summary                             *
=========================================================================

Top Level Output File Name         : speaker.ngc

Primitive and Black Box Usage:
------------------------------
# BELS                             : 221
#      GND                         : 1
#      INV                         : 6
#      LUT1                        : 16
#      LUT2                        : 32
#      LUT3                        : 3
#      LUT4                        : 28
#      LUT5                        : 44
#      LUT6                        : 12
#      MUXCY                       : 43
#      VCC                         : 1
#      XORCY                       : 35
# FlipFlops/Latches                : 64
#      FDC                         : 54
#      FDCE                        : 10
# Clock Buffers                    : 1
#      BUFG                        : 1
# IO Buffers                       : 34
#      IBUF                        : 6
#      OBUF                        : 28

Device utilization summary:
---------------------------

Selected Device : 6slx16csg324-3 


Slice Logic Utilization: 
 Number of Slice Registers:              64  out of  18224     0%  
 Number of Slice LUTs:                  141  out of   9112     1%  
    Number used as Logic:               141  out of   9112     1%  

Slice Logic Distribution: 
 Number of LUT Flip Flop pairs used:    148
   Number with an unused Flip Flop:      84  out of    148    56%  
   Number with an unused LUT:             7  out of    148     4%  
   Number of fully used LUT-FF pairs:    57  out of    148    38%  
   Number of unique control sets:         4

IO Utilization: 
 Number of IOs:                          34
 Number of bonded IOBs:                  34  out of    232    14%  

Specific Feature Utilization:
 Number of BUFG/BUFGCTRLs:                1  out of     16     6%  

---------------------------
Partition Resource Summary:
---------------------------

  No Partitions were found in this design.

---------------------------


=========================================================================
Timing Report

NOTE: THESE TIMING NUMBERS ARE ONLY A SYNTHESIS ESTIMATE.
      FOR ACCURATE TIMING INFORMATION PLEASE REFER TO THE TRACE REPORT
      GENERATED AFTER PLACE-and-ROUTE.

Clock Information:
------------------
-----------------------------------+------------------------------+-------+
Clock Signal                       | Clock buffer(FF name)        | Load  |
-----------------------------------+------------------------------+-------+
clk                                | IBUF+BUFG                    | 60    |
fteq_div/cnt_l_2                   | NONE(spk_ctl/audio_bck_cnt_3)| 4     |
-----------------------------------+------------------------------+-------+
INFO:Xst:2169 - HDL ADVISOR - Some clock signals were not automatically buffered by XST with BUFG/BUFR resources. Please use the buffer_type constraint in order to insert these buffers to the clock signals to help prevent skew problems.

Asynchronous Control Signals Information:
----------------------------------------
No asynchronous control signals found in this design

Timing Summary:
---------------
Speed Grade: -3

   Minimum period: 5.286ns (Maximum Frequency: 189.191MHz)
   Minimum input arrival time before clock: 4.076ns
   Maximum output required time after clock: 7.541ns
   Maximum combinational path delay: 4.372ns

Timing Details:
---------------
All values displayed in nanoseconds (ns)

=========================================================================
Timing constraint: Default period analysis for Clock 'clk'
  Clock period: 5.286ns (frequency: 189.191MHz)
  Total number of paths / destination ports: 24685 / 70
-------------------------------------------------------------------------
Delay:               5.286ns (Levels of Logic = 7)
  Source:            pad_scn/key_1 (FF)
  Destination:       buz_ctl/b_clk (FF)
  Source Clock:      clk rising
  Destination Clock: clk rising

  Data Path: pad_scn/key_1 to buz_ctl/b_clk
                                Gate     Net
    Cell:in->out      fanout   Delay   Delay  Logical Name (Net Name)
    ----------------------------------------  ------------
     FDCE:C->Q            18   0.447   1.278  pad_scn/key_1 (pad_scn/key_1)
     LUT5:I2->O            1   0.205   0.684  tone_set/Mmux_note_data21 (note_data<10>)
     LUT6:I4->O            1   0.203   0.000  buz_ctl/Mcompar_clk_cnt[19]_note_div[19]_equal_2_o_lut<3> (buz_ctl/Mcompar_clk_cnt[19]_note_div[19]_equal_2_o_lut<3>)
     MUXCY:S->O            1   0.172   0.000  buz_ctl/Mcompar_clk_cnt[19]_note_div[19]_equal_2_o_cy<3> (buz_ctl/Mcompar_clk_cnt[19]_note_div[19]_equal_2_o_cy<3>)
     MUXCY:CI->O           1   0.019   0.000  buz_ctl/Mcompar_clk_cnt[19]_note_div[19]_equal_2_o_cy<4> (buz_ctl/Mcompar_clk_cnt[19]_note_div[19]_equal_2_o_cy<4>)
     MUXCY:CI->O           1   0.019   0.000  buz_ctl/Mcompar_clk_cnt[19]_note_div[19]_equal_2_o_cy<5> (buz_ctl/Mcompar_clk_cnt[19]_note_div[19]_equal_2_o_cy<5>)
     MUXCY:CI->O          22   0.019   1.133  buz_ctl/Mcompar_clk_cnt[19]_note_div[19]_equal_2_o_cy<6> (buz_ctl/clk_cnt[19]_note_div[19]_equal_2_o)
     INV:I->O              1   0.206   0.579  buz_ctl/Mcompar_clk_cnt[19]_note_div[19]_equal_2_o_cy<6>_inv_INV_0 (buz_ctl/Mcompar_clk_cnt[19]_note_div[19]_equal_2_o_cy<6>_inv)
     FDCE:CE                   0.322          buz_ctl/b_clk
    ----------------------------------------
    Total                      5.286ns (1.612ns logic, 3.674ns route)
                                       (30.5% logic, 69.5% route)

=========================================================================
Timing constraint: Default period analysis for Clock 'fteq_div/cnt_l_2'
  Clock period: 2.048ns (frequency: 488.317MHz)
  Total number of paths / destination ports: 10 / 4
-------------------------------------------------------------------------
Delay:               2.048ns (Levels of Logic = 1)
  Source:            spk_ctl/audio_bck_cnt_0 (FF)
  Destination:       spk_ctl/audio_bck_cnt_0 (FF)
  Source Clock:      fteq_div/cnt_l_2 rising
  Destination Clock: fteq_div/cnt_l_2 rising

  Data Path: spk_ctl/audio_bck_cnt_0 to spk_ctl/audio_bck_cnt_0
                                Gate     Net
    Cell:in->out      fanout   Delay   Delay  Logical Name (Net Name)
    ----------------------------------------  ------------
     FDC:C->Q              5   0.447   0.714  spk_ctl/audio_bck_cnt_0 (spk_ctl/audio_bck_cnt_0)
     INV:I->O              1   0.206   0.579  spk_ctl/Mcount_audio_bck_cnt_xor<0>11_INV_0 (spk_ctl/Result<0>)
     FDC:D                     0.102          spk_ctl/audio_bck_cnt_0
    ----------------------------------------
    Total                      2.048ns (0.755ns logic, 1.293ns route)
                                       (36.9% logic, 63.1% route)

=========================================================================
Timing constraint: Default OFFSET IN BEFORE for Clock 'clk'
  Total number of paths / destination ports: 140 / 80
-------------------------------------------------------------------------
Offset:              4.076ns (Levels of Logic = 2)
  Source:            pb_in_rst (PAD)
  Destination:       buz_ctl/b_clk (FF)
  Destination Clock: clk rising

  Data Path: pb_in_rst to buz_ctl/b_clk
                                Gate     Net
    Cell:in->out      fanout   Delay   Delay  Logical Name (Net Name)
    ----------------------------------------  ------------
     IBUF:I->O             1   1.222   0.579  pb_in_rst_IBUF (pb_in_rst_IBUF)
     INV:I->O             64   0.206   1.639  rst1_INV_0 (rst)
     FDCE:CLR                  0.430          buz_ctl/b_clk
    ----------------------------------------
    Total                      4.076ns (1.858ns logic, 2.218ns route)
                                       (45.6% logic, 54.4% route)

=========================================================================
Timing constraint: Default OFFSET IN BEFORE for Clock 'fteq_div/cnt_l_2'
  Total number of paths / destination ports: 4 / 4
-------------------------------------------------------------------------
Offset:              4.076ns (Levels of Logic = 2)
  Source:            pb_in_rst (PAD)
  Destination:       spk_ctl/audio_bck_cnt_3 (FF)
  Destination Clock: fteq_div/cnt_l_2 rising

  Data Path: pb_in_rst to spk_ctl/audio_bck_cnt_3
                                Gate     Net
    Cell:in->out      fanout   Delay   Delay  Logical Name (Net Name)
    ----------------------------------------  ------------
     IBUF:I->O             1   1.222   0.579  pb_in_rst_IBUF (pb_in_rst_IBUF)
     INV:I->O             64   0.206   1.639  rst1_INV_0 (rst)
     FDC:CLR                   0.430          spk_ctl/audio_bck_cnt_0
    ----------------------------------------
    Total                      4.076ns (1.858ns logic, 2.218ns route)
                                       (45.6% logic, 54.4% route)

=========================================================================
Timing constraint: Default OFFSET OUT AFTER for Clock 'clk'
  Total number of paths / destination ports: 653 / 26
-------------------------------------------------------------------------
Offset:              7.541ns (Levels of Logic = 4)
  Source:            pad_scn/pressed (FF)
  Destination:       display<14> (PAD)
  Source Clock:      clk rising

  Data Path: pad_scn/pressed to display<14>
                                Gate     Net
    Cell:in->out      fanout   Delay   Delay  Logical Name (Net Name)
    ----------------------------------------  ------------
     FDC:C->Q             16   0.447   1.349  pad_scn/pressed (pad_scn/pressed)
     LUT5:I0->O           14   0.203   1.302  tone_set/Mmux_note_disp11 (note_disp<10>)
     LUT5:I0->O            1   0.203   0.684  ftsd_dec_B/Mram_ftsd21 (dispA<2>)
     LUT4:I2->O            1   0.203   0.579  ftsd_scn/Mmux_display121 (display_2_OBUF)
     OBUF:I->O                 2.571          display_2_OBUF (display<2>)
    ----------------------------------------
    Total                      7.541ns (3.627ns logic, 3.914ns route)
                                       (48.1% logic, 51.9% route)

=========================================================================
Timing constraint: Default OFFSET OUT AFTER for Clock 'fteq_div/cnt_l_2'
  Total number of paths / destination ports: 4 / 1
-------------------------------------------------------------------------
Offset:              4.713ns (Levels of Logic = 2)
  Source:            spk_ctl/audio_bck_cnt_1 (FF)
  Destination:       audio_data (PAD)
  Source Clock:      fteq_div/cnt_l_2 rising

  Data Path: spk_ctl/audio_bck_cnt_1 to audio_data
                                Gate     Net
    Cell:in->out      fanout   Delay   Delay  Logical Name (Net Name)
    ----------------------------------------  ------------
     FDC:C->Q              4   0.447   0.912  spk_ctl/audio_bck_cnt_1 (spk_ctl/audio_bck_cnt_1)
     LUT5:I2->O            1   0.205   0.579  spk_ctl/Mmux_audio_data11 (audio_data_OBUF)
     OBUF:I->O                 2.571          audio_data_OBUF (audio_data)
    ----------------------------------------
    Total                      4.713ns (3.223ns logic, 1.490ns route)
                                       (68.4% logic, 31.6% route)

=========================================================================
Timing constraint: Default path analysis
  Total number of paths / destination ports: 1 / 1
-------------------------------------------------------------------------
Delay:               4.372ns (Levels of Logic = 2)
  Source:            clk (PAD)
  Destination:       audio_sysclk (PAD)

  Data Path: clk to audio_sysclk
                                Gate     Net
    Cell:in->out      fanout   Delay   Delay  Logical Name (Net Name)
    ----------------------------------------  ------------
     IBUF:I->O             1   1.222   0.579  clk_IBUF (clk_IBUF)
     OBUF:I->O                 2.571          audio_sysclk_OBUF (audio_sysclk)
    ----------------------------------------
    Total                      4.372ns (3.793ns logic, 0.579ns route)
                                       (86.8% logic, 13.2% route)

=========================================================================

Cross Clock Domains Report:
--------------------------

Clock to Setup on destination clock clk
---------------+---------+---------+---------+---------+
               | Src:Rise| Src:Fall| Src:Rise| Src:Fall|
Source Clock   |Dest:Rise|Dest:Rise|Dest:Fall|Dest:Fall|
---------------+---------+---------+---------+---------+
clk            |    5.286|         |         |         |
---------------+---------+---------+---------+---------+

Clock to Setup on destination clock fteq_div/cnt_l_2
----------------+---------+---------+---------+---------+
                | Src:Rise| Src:Fall| Src:Rise| Src:Fall|
Source Clock    |Dest:Rise|Dest:Rise|Dest:Fall|Dest:Fall|
----------------+---------+---------+---------+---------+
fteq_div/cnt_l_2|    2.048|         |         |         |
----------------+---------+---------+---------+---------+

=========================================================================


Total REAL time to Xst completion: 4.00 secs
Total CPU time to Xst completion: 4.75 secs
 
--> 

Total memory usage is 239924 kilobytes

Number of errors   :    0 (   0 filtered)
Number of warnings :   11 (   0 filtered)
Number of infos    :   12 (   0 filtered)

