--------------------------------------------------------------------------------
Release 14.7 Trace  (nt64)
Copyright (c) 1995-2013 Xilinx, Inc.  All rights reserved.

D:\Xilinx\14.7\ISE_DS\ISE\bin\nt64\unwrapped\trce.exe -intstyle ise -v 3 -s 3
-n 3 -fastpaths -xml display_decoder.twx display_decoder.ncd -o
display_decoder.twr display_decoder.pcf -ucf display.ucf

Design file:              display_decoder.ncd
Physical constraint file: display_decoder.pcf
Device,package,speed:     xc6slx16,csg324,C,-3 (PRODUCTION 1.23 2013-10-13)
Report level:             verbose report

Environment Variable      Effect 
--------------------      ------ 
NONE                      No environment variables were set
--------------------------------------------------------------------------------

INFO:Timing:2698 - No timing constraints found, doing default enumeration.
INFO:Timing:3412 - To improve timing, see the Timing Closure User Guide (UG612).
INFO:Timing:2752 - To get complete path coverage, use the unconstrained paths 
   option. All paths that are not constrained will be reported in the 
   unconstrained paths section(s) of the report.
INFO:Timing:3339 - The clock-to-out numbers in this timing report are based on 
   a 50 Ohm transmission line loading model.  For the details of this model, 
   and for more information on accounting for different loading conditions, 
   please see the device datasheet.



Data Sheet report:
-----------------
All values displayed in nanoseconds (ns)

Setup/Hold to clock oscillator
------------+------------+------------+------------+------------+------------------+--------+
            |Max Setup to|  Process   |Max Hold to |  Process   |                  | Clock  |
Source      | clk (edge) |   Corner   | clk (edge) |   Corner   |Internal Clock(s) | Phase  |
------------+------------+------------+------------+------------+------------------+--------+
rst_n       |    1.988(R)|      SLOW  |   -0.480(R)|      SLOW  |oscillator_BUFGP  |   0.000|
------------+------------+------------+------------+------------+------------------+--------+

Clock oscillator to Pad
------------+-----------------+------------+-----------------+------------+------------------+--------+
            |Max (slowest) clk|  Process   |Min (fastest) clk|  Process   |                  | Clock  |
Destination |  (edge) to PAD  |   Corner   |  (edge) to PAD  |   Corner   |Internal Clock(s) | Phase  |
------------+-----------------+------------+-----------------+------------+------------------+--------+
display<2>  |         9.223(R)|      SLOW  |         5.024(R)|      FAST  |oscillator_BUFGP  |   0.000|
display<5>  |         8.656(R)|      SLOW  |         4.661(R)|      FAST  |oscillator_BUFGP  |   0.000|
display<7>  |         8.204(R)|      SLOW  |         4.308(R)|      FAST  |oscillator_BUFGP  |   0.000|
display<8>  |         8.919(R)|      SLOW  |         4.789(R)|      FAST  |oscillator_BUFGP  |   0.000|
display<9>  |         8.641(R)|      SLOW  |         4.605(R)|      FAST  |oscillator_BUFGP  |   0.000|
display<10> |         8.601(R)|      SLOW  |         4.607(R)|      FAST  |oscillator_BUFGP  |   0.000|
display<11> |         8.499(R)|      SLOW  |         4.531(R)|      FAST  |oscillator_BUFGP  |   0.000|
display<12> |         8.916(R)|      SLOW  |         4.792(R)|      FAST  |oscillator_BUFGP  |   0.000|
display<13> |         8.504(R)|      SLOW  |         4.465(R)|      FAST  |oscillator_BUFGP  |   0.000|
display<14> |         9.013(R)|      SLOW  |         4.862(R)|      FAST  |oscillator_BUFGP  |   0.000|
display<15> |         7.950(R)|      SLOW  |         4.222(R)|      FAST  |oscillator_BUFGP  |   0.000|
display<16> |         8.522(R)|      SLOW  |         4.504(R)|      FAST  |oscillator_BUFGP  |   0.000|
------------+-----------------+------------+-----------------+------------+------------------+--------+

Clock to Setup on destination clock oscillator
---------------+---------+---------+---------+---------+
               | Src:Rise| Src:Fall| Src:Rise| Src:Fall|
Source Clock   |Dest:Rise|Dest:Rise|Dest:Fall|Dest:Fall|
---------------+---------+---------+---------+---------+
oscillator     |    1.901|         |         |         |
---------------+---------+---------+---------+---------+


Analysis completed Thu Apr 16 18:39:08 2015 
--------------------------------------------------------------------------------

Trace Settings:
-------------------------
Trace Settings 

Peak Memory Usage: 236 MB



