Running: D:\Xilinx\14.7\ISE_DS\ISE\bin\nt64\unwrapped\fuse.exe -intstyle ise -incremental -lib unisims_ver -lib unimacro_ver -lib xilinxcorelib_ver -lib secureip -o D:/Programming/EE2230/Lab6_0/keypad_test_isim_beh.exe -prj D:/Programming/EE2230/Lab6_0/keypad_test_beh.prj work.keypad_test work.glbl 
ISim P.20131013 (signature 0x7708f090)
Number of CPUs detected in this system: 4
Turning on mult-threading, number of parallel sub-compilation jobs: 8 
Determining compilation order of HDL files
Analyzing Verilog file "D:/Programming/EE2230/Lab6_0/keypad_scan.v" into library work
Analyzing Verilog file "D:/Programming/EE2230/Lab6_0/keypad.v" into library work
Analyzing Verilog file "D:/Programming/EE2230/Lab6_0/keypad_test.v" into library work
Analyzing Verilog file "D:/Xilinx/14.7/ISE_DS/ISE//verilog/src/glbl.v" into library work
Starting static elaboration
WARNING:HDLCompiler:1016 - "D:/Programming/EE2230/Lab6_0/keypad.v" Line 28: Port pressed is not connected to this instance
Completed static elaboration
Compiling module keypad_scan
Compiling module keypad
Compiling module keypad_test
Compiling module glbl
Time Resolution for simulation is 1ps.
Waiting for 1 sub-compilation(s) to finish...
Compiled 4 Verilog Units
Built simulation executable D:/Programming/EE2230/Lab6_0/keypad_test_isim_beh.exe
Fuse Memory Usage: 26084 KB
Fuse CPU Usage: 780 ms
