Release 14.7 - xst P.20131013 (nt64)
Copyright (c) 1995-2013 Xilinx, Inc.  All rights reserved.
--> Parameter TMPDIR set to xst/projnav.tmp


Total REAL time to Xst completion: 0.00 secs
Total CPU time to Xst completion: 0.06 secs
 
--> Parameter xsthdpdir set to xst


Total REAL time to Xst completion: 0.00 secs
Total CPU time to Xst completion: 0.06 secs
 
--> Reading design: bin_up_counter.prj

TABLE OF CONTENTS
  1) Synthesis Options Summary
  2) HDL Parsing
  3) HDL Elaboration
  4) HDL Synthesis
       4.1) HDL Synthesis Report
  5) Advanced HDL Synthesis
       5.1) Advanced HDL Synthesis Report
  6) Low Level Synthesis
  7) Partition Report
  8) Design Summary
       8.1) Primitive and Black Box Usage
       8.2) Device utilization summary
       8.3) Partition Resource Summary
       8.4) Timing Report
            8.4.1) Clock Information
            8.4.2) Asynchronous Control Signals Information
            8.4.3) Timing Summary
            8.4.4) Timing Details
            8.4.5) Cross Clock Domains Report


=========================================================================
*                      Synthesis Options Summary                        *
=========================================================================
---- Source Parameters
Input File Name                    : "bin_up_counter.prj"
Ignore Synthesis Constraint File   : NO

---- Target Parameters
Output File Name                   : "bin_up_counter"
Output Format                      : NGC
Target Device                      : xc6slx16-3-csg324

---- Source Options
Top Module Name                    : bin_up_counter
Automatic FSM Extraction           : YES
FSM Encoding Algorithm             : Auto
Safe Implementation                : No
FSM Style                          : LUT
RAM Extraction                     : Yes
RAM Style                          : Auto
ROM Extraction                     : Yes
Shift Register Extraction          : YES
ROM Style                          : Auto
Resource Sharing                   : YES
Asynchronous To Synchronous        : NO
Shift Register Minimum Size        : 2
Use DSP Block                      : Auto
Automatic Register Balancing       : No

---- Target Options
LUT Combining                      : Auto
Reduce Control Sets                : Auto
Add IO Buffers                     : YES
Global Maximum Fanout              : 100000
Add Generic Clock Buffer(BUFG)     : 16
Register Duplication               : YES
Optimize Instantiated Primitives   : NO
Use Clock Enable                   : Auto
Use Synchronous Set                : Auto
Use Synchronous Reset              : Auto
Pack IO Registers into IOBs        : Auto
Equivalent register Removal        : YES

---- General Options
Optimization Goal                  : Speed
Optimization Effort                : 1
Power Reduction                    : NO
Keep Hierarchy                     : No
Netlist Hierarchy                  : As_Optimized
RTL Output                         : Yes
Global Optimization                : AllClockNets
Read Cores                         : YES
Write Timing Constraints           : NO
Cross Clock Analysis               : NO
Hierarchy Separator                : /
Bus Delimiter                      : <>
Case Specifier                     : Maintain
Slice Utilization Ratio            : 100
BRAM Utilization Ratio             : 100
DSP48 Utilization Ratio            : 100
Auto BRAM Packing                  : NO
Slice Utilization Ratio Delta      : 5

=========================================================================


=========================================================================
*                          HDL Parsing                                  *
=========================================================================
Analyzing Verilog file "D:\103061142\Lab3_2\freq_div.v" into library work
Parsing module <freq_div>.
Analyzing Verilog file "D:\103061142\Lab3_2\bin_up_counter.v" into library work
Parsing module <bin_up_counter>.

=========================================================================
*                            HDL Elaboration                            *
=========================================================================

Elaborating module <bin_up_counter>.

Elaborating module <freq_div>.

=========================================================================
*                           HDL Synthesis                               *
=========================================================================

Synthesizing Unit <bin_up_counter>.
    Related source file is "D:\103061142\Lab3_2\bin_up_counter.v".
    Found 4-bit register for signal <bcd>.
    Found 4-bit adder for signal <bcd[3]_GND_1_o_add_1_OUT> created at line 40.
    Found 4-bit comparator lessequal for signal <n0001> created at line 39
    Summary:
	inferred   1 Adder/Subtractor(s).
	inferred   4 D-type flip-flop(s).
	inferred   1 Comparator(s).
	inferred   1 Multiplexer(s).
Unit <bin_up_counter> synthesized.

Synthesizing Unit <freq_div>.
    Related source file is "D:\103061142\Lab3_2\freq_div.v".
    Found 24-bit register for signal <cnt>.
    Found 1-bit register for signal <clk_out>.
    Found 25-bit adder for signal <cnt_tmp> created at line 35.
    Summary:
	inferred   1 Adder/Subtractor(s).
	inferred  25 D-type flip-flop(s).
Unit <freq_div> synthesized.

=========================================================================
HDL Synthesis Report

Macro Statistics
# Adders/Subtractors                                   : 2
 25-bit adder                                          : 1
 4-bit adder                                           : 1
# Registers                                            : 3
 1-bit register                                        : 1
 24-bit register                                       : 1
 4-bit register                                        : 1
# Comparators                                          : 1
 4-bit comparator lessequal                            : 1
# Multiplexers                                         : 1
 4-bit 2-to-1 multiplexer                              : 1

=========================================================================

=========================================================================
*                       Advanced HDL Synthesis                          *
=========================================================================


Synthesizing (advanced) Unit <bin_up_counter>.
The following registers are absorbed into counter <bcd>: 1 register on signal <bcd>.
Unit <bin_up_counter> synthesized (advanced).

=========================================================================
Advanced HDL Synthesis Report

Macro Statistics
# Adders/Subtractors                                   : 1
 25-bit adder                                          : 1
# Counters                                             : 1
 4-bit up counter                                      : 1
# Registers                                            : 25
 Flip-Flops                                            : 25
# Comparators                                          : 1
 4-bit comparator lessequal                            : 1

=========================================================================

=========================================================================
*                         Low Level Synthesis                           *
=========================================================================

Optimizing unit <bin_up_counter> ...

Optimizing unit <freq_div> ...

Mapping all equations...
Building and optimizing final netlist ...
Found area constraint ratio of 100 (+ 5) on block bin_up_counter, actual ratio is 0.

Final Macro Processing ...

=========================================================================
Final Register Report

Macro Statistics
# Registers                                            : 29
 Flip-Flops                                            : 29

=========================================================================

=========================================================================
*                           Partition Report                            *
=========================================================================

Partition Implementation Status
-------------------------------

  No Partitions were found in this design.

-------------------------------

=========================================================================
*                            Design Summary                             *
=========================================================================

Top Level Output File Name         : bin_up_counter.ngc

Primitive and Black Box Usage:
------------------------------
# BELS                             : 81
#      GND                         : 1
#      INV                         : 2
#      LUT1                        : 24
#      LUT3                        : 1
#      LUT4                        : 3
#      MUXCY                       : 24
#      VCC                         : 1
#      XORCY                       : 25
# FlipFlops/Latches                : 29
#      FDC                         : 29
# Clock Buffers                    : 1
#      BUFGP                       : 1
# IO Buffers                       : 5
#      IBUF                        : 1
#      OBUF                        : 4

Device utilization summary:
---------------------------

Selected Device : 6slx16csg324-3 


Slice Logic Utilization: 
 Number of Slice Registers:              29  out of  18224     0%  
 Number of Slice LUTs:                   30  out of   9112     0%  
    Number used as Logic:                30  out of   9112     0%  

Slice Logic Distribution: 
 Number of LUT Flip Flop pairs used:     30
   Number with an unused Flip Flop:       1  out of     30     3%  
   Number with an unused LUT:             0  out of     30     0%  
   Number of fully used LUT-FF pairs:    29  out of     30    96%  
   Number of unique control sets:         2

IO Utilization: 
 Number of IOs:                           6
 Number of bonded IOBs:                   6  out of    232     2%  

Specific Feature Utilization:
 Number of BUFG/BUFGCTRLs:                1  out of     16     6%  

---------------------------
Partition Resource Summary:
---------------------------

  No Partitions were found in this design.

---------------------------


=========================================================================
Timing Report

NOTE: THESE TIMING NUMBERS ARE ONLY A SYNTHESIS ESTIMATE.
      FOR ACCURATE TIMING INFORMATION PLEASE REFER TO THE TRACE REPORT
      GENERATED AFTER PLACE-and-ROUTE.

Clock Information:
------------------
-----------------------------------+------------------------+-------+
Clock Signal                       | Clock buffer(FF name)  | Load  |
-----------------------------------+------------------------+-------+
CLK/clk_out                        | NONE(bcd_0)            | 4     |
orig_clk                           | BUFGP                  | 25    |
-----------------------------------+------------------------+-------+
INFO:Xst:2169 - HDL ADVISOR - Some clock signals were not automatically buffered by XST with BUFG/BUFR resources. Please use the buffer_type constraint in order to insert these buffers to the clock signals to help prevent skew problems.

Asynchronous Control Signals Information:
----------------------------------------
No asynchronous control signals found in this design

Timing Summary:
---------------
Speed Grade: -3

   Minimum period: 2.123ns (Maximum Frequency: 471.065MHz)
   Minimum input arrival time before clock: 3.685ns
   Maximum output required time after clock: 3.732ns
   Maximum combinational path delay: No path found

Timing Details:
---------------
All values displayed in nanoseconds (ns)

=========================================================================
Timing constraint: Default period analysis for Clock 'CLK/clk_out'
  Clock period: 1.714ns (frequency: 583.431MHz)
  Total number of paths / destination ports: 15 / 4
-------------------------------------------------------------------------
Delay:               1.714ns (Levels of Logic = 1)
  Source:            bcd_0 (FF)
  Destination:       bcd_0 (FF)
  Source Clock:      CLK/clk_out rising
  Destination Clock: CLK/clk_out rising

  Data Path: bcd_0 to bcd_0
                                Gate     Net
    Cell:in->out      fanout   Delay   Delay  Logical Name (Net Name)
    ----------------------------------------  ------------
     FDC:C->Q              5   0.447   0.962  bcd_0 (bcd_0)
     LUT4:I0->O            1   0.203   0.000  Mcount_bcd_xor<0>11 (Mcount_bcd)
     FDC:D                     0.102          bcd_0
    ----------------------------------------
    Total                      1.714ns (0.752ns logic, 0.962ns route)
                                       (43.9% logic, 56.1% route)

=========================================================================
Timing constraint: Default period analysis for Clock 'orig_clk'
  Clock period: 2.123ns (frequency: 471.065MHz)
  Total number of paths / destination ports: 325 / 25
-------------------------------------------------------------------------
Delay:               2.123ns (Levels of Logic = 26)
  Source:            CLK/cnt_0 (FF)
  Destination:       CLK/clk_out (FF)
  Source Clock:      orig_clk rising
  Destination Clock: orig_clk rising

  Data Path: CLK/cnt_0 to CLK/clk_out
                                Gate     Net
    Cell:in->out      fanout   Delay   Delay  Logical Name (Net Name)
    ----------------------------------------  ------------
     FDC:C->Q              1   0.447   0.579  CLK/cnt_0 (CLK/cnt_0)
     INV:I->O              1   0.206   0.000  CLK/Madd_cnt_tmp_lut<0>_INV_0 (CLK/Madd_cnt_tmp_lut<0>)
     MUXCY:S->O            1   0.172   0.000  CLK/Madd_cnt_tmp_cy<0> (CLK/Madd_cnt_tmp_cy<0>)
     MUXCY:CI->O           1   0.019   0.000  CLK/Madd_cnt_tmp_cy<1> (CLK/Madd_cnt_tmp_cy<1>)
     MUXCY:CI->O           1   0.019   0.000  CLK/Madd_cnt_tmp_cy<2> (CLK/Madd_cnt_tmp_cy<2>)
     MUXCY:CI->O           1   0.019   0.000  CLK/Madd_cnt_tmp_cy<3> (CLK/Madd_cnt_tmp_cy<3>)
     MUXCY:CI->O           1   0.019   0.000  CLK/Madd_cnt_tmp_cy<4> (CLK/Madd_cnt_tmp_cy<4>)
     MUXCY:CI->O           1   0.019   0.000  CLK/Madd_cnt_tmp_cy<5> (CLK/Madd_cnt_tmp_cy<5>)
     MUXCY:CI->O           1   0.019   0.000  CLK/Madd_cnt_tmp_cy<6> (CLK/Madd_cnt_tmp_cy<6>)
     MUXCY:CI->O           1   0.019   0.000  CLK/Madd_cnt_tmp_cy<7> (CLK/Madd_cnt_tmp_cy<7>)
     MUXCY:CI->O           1   0.019   0.000  CLK/Madd_cnt_tmp_cy<8> (CLK/Madd_cnt_tmp_cy<8>)
     MUXCY:CI->O           1   0.019   0.000  CLK/Madd_cnt_tmp_cy<9> (CLK/Madd_cnt_tmp_cy<9>)
     MUXCY:CI->O           1   0.019   0.000  CLK/Madd_cnt_tmp_cy<10> (CLK/Madd_cnt_tmp_cy<10>)
     MUXCY:CI->O           1   0.019   0.000  CLK/Madd_cnt_tmp_cy<11> (CLK/Madd_cnt_tmp_cy<11>)
     MUXCY:CI->O           1   0.019   0.000  CLK/Madd_cnt_tmp_cy<12> (CLK/Madd_cnt_tmp_cy<12>)
     MUXCY:CI->O           1   0.019   0.000  CLK/Madd_cnt_tmp_cy<13> (CLK/Madd_cnt_tmp_cy<13>)
     MUXCY:CI->O           1   0.019   0.000  CLK/Madd_cnt_tmp_cy<14> (CLK/Madd_cnt_tmp_cy<14>)
     MUXCY:CI->O           1   0.019   0.000  CLK/Madd_cnt_tmp_cy<15> (CLK/Madd_cnt_tmp_cy<15>)
     MUXCY:CI->O           1   0.019   0.000  CLK/Madd_cnt_tmp_cy<16> (CLK/Madd_cnt_tmp_cy<16>)
     MUXCY:CI->O           1   0.019   0.000  CLK/Madd_cnt_tmp_cy<17> (CLK/Madd_cnt_tmp_cy<17>)
     MUXCY:CI->O           1   0.019   0.000  CLK/Madd_cnt_tmp_cy<18> (CLK/Madd_cnt_tmp_cy<18>)
     MUXCY:CI->O           1   0.019   0.000  CLK/Madd_cnt_tmp_cy<19> (CLK/Madd_cnt_tmp_cy<19>)
     MUXCY:CI->O           1   0.019   0.000  CLK/Madd_cnt_tmp_cy<20> (CLK/Madd_cnt_tmp_cy<20>)
     MUXCY:CI->O           1   0.019   0.000  CLK/Madd_cnt_tmp_cy<21> (CLK/Madd_cnt_tmp_cy<21>)
     MUXCY:CI->O           1   0.019   0.000  CLK/Madd_cnt_tmp_cy<22> (CLK/Madd_cnt_tmp_cy<22>)
     MUXCY:CI->O           0   0.019   0.000  CLK/Madd_cnt_tmp_cy<23> (CLK/Madd_cnt_tmp_cy<23>)
     XORCY:CI->O           1   0.180   0.000  CLK/Madd_cnt_tmp_xor<24> (CLK/cnt_tmp<24>)
     FDC:D                     0.102          CLK/clk_out
    ----------------------------------------
    Total                      2.123ns (1.544ns logic, 0.579ns route)
                                       (72.7% logic, 27.3% route)

=========================================================================
Timing constraint: Default OFFSET IN BEFORE for Clock 'CLK/clk_out'
  Total number of paths / destination ports: 4 / 4
-------------------------------------------------------------------------
Offset:              3.685ns (Levels of Logic = 2)
  Source:            rst_n (PAD)
  Destination:       bcd_0 (FF)
  Destination Clock: CLK/clk_out rising

  Data Path: rst_n to bcd_0
                                Gate     Net
    Cell:in->out      fanout   Delay   Delay  Logical Name (Net Name)
    ----------------------------------------  ------------
     IBUF:I->O             1   1.222   0.579  rst_n_IBUF (rst_n_IBUF)
     INV:I->O             29   0.206   1.249  rst_n_inv1_INV_0 (CLK/rst_n_inv)
     FDC:CLR                   0.430          bcd_0
    ----------------------------------------
    Total                      3.685ns (1.858ns logic, 1.827ns route)
                                       (50.4% logic, 49.6% route)

=========================================================================
Timing constraint: Default OFFSET IN BEFORE for Clock 'orig_clk'
  Total number of paths / destination ports: 25 / 25
-------------------------------------------------------------------------
Offset:              3.685ns (Levels of Logic = 2)
  Source:            rst_n (PAD)
  Destination:       CLK/cnt_23 (FF)
  Destination Clock: orig_clk rising

  Data Path: rst_n to CLK/cnt_23
                                Gate     Net
    Cell:in->out      fanout   Delay   Delay  Logical Name (Net Name)
    ----------------------------------------  ------------
     IBUF:I->O             1   1.222   0.579  rst_n_IBUF (rst_n_IBUF)
     INV:I->O             29   0.206   1.249  rst_n_inv1_INV_0 (CLK/rst_n_inv)
     FDC:CLR                   0.430          CLK/clk_out
    ----------------------------------------
    Total                      3.685ns (1.858ns logic, 1.827ns route)
                                       (50.4% logic, 49.6% route)

=========================================================================
Timing constraint: Default OFFSET OUT AFTER for Clock 'CLK/clk_out'
  Total number of paths / destination ports: 4 / 4
-------------------------------------------------------------------------
Offset:              3.732ns (Levels of Logic = 1)
  Source:            bcd_3 (FF)
  Destination:       bcd<3> (PAD)
  Source Clock:      CLK/clk_out rising

  Data Path: bcd_3 to bcd<3>
                                Gate     Net
    Cell:in->out      fanout   Delay   Delay  Logical Name (Net Name)
    ----------------------------------------  ------------
     FDC:C->Q              5   0.447   0.714  bcd_3 (bcd_3)
     OBUF:I->O                 2.571          bcd_3_OBUF (bcd<3>)
    ----------------------------------------
    Total                      3.732ns (3.018ns logic, 0.714ns route)
                                       (80.9% logic, 19.1% route)

=========================================================================

Cross Clock Domains Report:
--------------------------

Clock to Setup on destination clock CLK/clk_out
---------------+---------+---------+---------+---------+
               | Src:Rise| Src:Fall| Src:Rise| Src:Fall|
Source Clock   |Dest:Rise|Dest:Rise|Dest:Fall|Dest:Fall|
---------------+---------+---------+---------+---------+
CLK/clk_out    |    1.714|         |         |         |
---------------+---------+---------+---------+---------+

Clock to Setup on destination clock orig_clk
---------------+---------+---------+---------+---------+
               | Src:Rise| Src:Fall| Src:Rise| Src:Fall|
Source Clock   |Dest:Rise|Dest:Rise|Dest:Fall|Dest:Fall|
---------------+---------+---------+---------+---------+
orig_clk       |    2.123|         |         |         |
---------------+---------+---------+---------+---------+

=========================================================================


Total REAL time to Xst completion: 4.00 secs
Total CPU time to Xst completion: 3.88 secs
 
--> 

Total memory usage is 255236 kilobytes

Number of errors   :    0 (   0 filtered)
Number of warnings :    0 (   0 filtered)
Number of infos    :    1 (   0 filtered)

