#-----------------------------------------------------------
# PlanAhead v14.7 (64-bit)
# Build 321239 by xbuild on Fri Sep 27 19:29:51 MDT 2013
# Start of session at: Tue May 19 19:10:44 2015
# Process ID: 10668
# Log file: D:/Programming/EE2230/Lab9_2/planAhead_run_2/planAhead.log
# Journal file: D:/Programming/EE2230/Lab9_2/planAhead_run_2/planAhead.jou
#-----------------------------------------------------------
INFO: [Common 17-78] Attempting to get a license: PlanAhead
INFO: [Common 17-290] Got license for PlanAhead
INFO: [Device 21-36] Loading parts and site information from C:/XilinxISE/14.7/ISE_DS/PlanAhead/data/parts/arch.xml
Parsing RTL primitives file [C:/XilinxISE/14.7/ISE_DS/PlanAhead/data/parts/xilinx/rtl/prims/rtl_prims.xml]
Finished parsing RTL primitives file [C:/XilinxISE/14.7/ISE_DS/PlanAhead/data/parts/xilinx/rtl/prims/rtl_prims.xml]
start_gui
source D:/Programming/EE2230/Lab9_2/pa.fromHdl.tcl
# create_project -name Lab9_2 -dir "D:/Programming/EE2230/Lab9_2/planAhead_run_2" -part xc6slx16csg324-3
# set_param project.pinAheadLayout yes
# set srcset [get_property srcset [current_run -impl]]
# set_property target_constrs_file "speaker.ucf" [current_fileset -constrset]
Adding file 'D:/Programming/EE2230/Lab9_2/speaker.ucf' to fileset 'constrs_1'
# set hdlfile [add_files [list {one_pulse.v}]]
# set_property file_type Verilog $hdlfile
# set_property library work $hdlfile
# set hdlfile [add_files [list {debounce_circuit.v}]]
# set_property file_type Verilog $hdlfile
# set_property library work $hdlfile
# set hdlfile [add_files [list {add3.v}]]
# set_property file_type Verilog $hdlfile
# set_property library work $hdlfile
# set hdlfile [add_files [list {speaker_control.v}]]
# set_property file_type Verilog $hdlfile
# set_property library work $hdlfile
# set hdlfile [add_files [list {sound_setting.v}]]
# set_property file_type Verilog $hdlfile
# set_property library work $hdlfile
# set hdlfile [add_files [list {push_button.v}]]
# set_property file_type Verilog $hdlfile
# set_property library work $hdlfile
# set hdlfile [add_files [list {FTSD_scan.v}]]
# set_property file_type Verilog $hdlfile
# set_property library work $hdlfile
# set hdlfile [add_files [list {FTSD_decoder.v}]]
# set_property file_type Verilog $hdlfile
# set_property library work $hdlfile
# set hdlfile [add_files [list {frequency_divider.v}]]
# set_property file_type Verilog $hdlfile
# set_property library work $hdlfile
# set hdlfile [add_files [list {buzzer_control.v}]]
# set_property file_type Verilog $hdlfile
# set_property library work $hdlfile
# set hdlfile [add_files [list {BIN_converter_BCD.v}]]
# set_property file_type Verilog $hdlfile
# set_property library work $hdlfile
# set hdlfile [add_files [list {speaker.v}]]
# set_property file_type Verilog $hdlfile
# set_property library work $hdlfile
# set_property top speaker $srcset
# add_files [list {speaker.ucf}] -fileset [get_property constrset [current_run]]
# open_rtl_design -part xc6slx16csg324-3
Using Verific elaboration
Parsing VHDL file "C:/XilinxISE/14.7/ISE_DS/PlanAhead/data/parts/xilinx/rtl/lib/synplify/synattr.vhd" into library synplify
Analyzing Verilog file "D:/Programming/EE2230/Lab9_2/one_pulse.v" into library work
Parsing verilog file "global.v" included at line 9. [D:/Programming/EE2230/Lab9_2/one_pulse.v:9]
Analyzing Verilog file "D:/Programming/EE2230/Lab9_2/debounce_circuit.v" into library work
Parsing verilog file "global.v" included at line 9. [D:/Programming/EE2230/Lab9_2/debounce_circuit.v:9]
Analyzing Verilog file "D:/Programming/EE2230/Lab9_2/add3.v" into library work
Analyzing Verilog file "D:/Programming/EE2230/Lab9_2/speaker_control.v" into library work
Analyzing Verilog file "D:/Programming/EE2230/Lab9_2/sound_setting.v" into library work
Analyzing Verilog file "D:/Programming/EE2230/Lab9_2/push_button.v" into library work
Analyzing Verilog file "D:/Programming/EE2230/Lab9_2/FTSD_scan.v" into library work
Parsing verilog file "global.v" included at line 7. [D:/Programming/EE2230/Lab9_2/FTSD_scan.v:7]
Analyzing Verilog file "D:/Programming/EE2230/Lab9_2/FTSD_decoder.v" into library work
Parsing verilog file "global.v" included at line 7. [D:/Programming/EE2230/Lab9_2/FTSD_decoder.v:7]
Analyzing Verilog file "D:/Programming/EE2230/Lab9_2/frequency_divider.v" into library work
Parsing verilog file "global.v" included at line 9. [D:/Programming/EE2230/Lab9_2/frequency_divider.v:9]
Analyzing Verilog file "D:/Programming/EE2230/Lab9_2/buzzer_control.v" into library work
Analyzing Verilog file "D:/Programming/EE2230/Lab9_2/BIN_converter_BCD.v" into library work
Analyzing Verilog file "D:/Programming/EE2230/Lab9_2/speaker.v" into library work
Loading clock regions from C:/XilinxISE/14.7/ISE_DS/PlanAhead/data\parts/xilinx/spartan6/spartan6lx/xc6slx16/ClockRegion.xml
Loading clock buffers from C:/XilinxISE/14.7/ISE_DS/PlanAhead/data\parts/xilinx/spartan6/spartan6lx/xc6slx16/ClockBuffers.xml
Loading package pin functions from C:/XilinxISE/14.7/ISE_DS/PlanAhead/data\parts/xilinx/spartan6/PinFunctions.xml...
Loading package from C:/XilinxISE/14.7/ISE_DS/PlanAhead/data\parts/xilinx/spartan6/spartan6lx/xc6slx16/csg324/Package.xml
Loading io standards from C:/XilinxISE/14.7/ISE_DS/PlanAhead/data\./parts/xilinx/spartan6/IOStandards.xml
Loading device configuration modes from C:/XilinxISE/14.7/ISE_DS/PlanAhead/data\parts/xilinx/spartan6/ConfigModes.xml
Loading list of drcs for the architecture : C:/XilinxISE/14.7/ISE_DS/PlanAhead/data\./parts/xilinx/spartan6/drc.xml
Parsing UCF File [D:/Programming/EE2230/Lab9_2/speaker.ucf]
Finished Parsing UCF File [D:/Programming/EE2230/Lab9_2/speaker.ucf]
INFO: [Project 1-111] Unisim Transformation Summary:
No Unisim elements were transformed.

Phase 0 | Netlist Checksum: 0d9610a8
open_rtl_design: Time (s): elapsed = 00:00:06 . Memory (MB): peak = 643.508 ; gain = 181.930
update_compile_order -fileset sim_1
exit
ERROR: [PlanAhead 12-106] *** Exception: ui.h.b: Found deleted key in HTclEventBroker. Verify if the classes listed here call cleanup()
HTclEvent: DEBUG_PORT_CONFIG_CHANGE   Classes: ui.views.aR 
HTclEvent: SIGNAL_BUS_MODIFY   Classes: ui.views.aR 
HTclEvent: SIGNAL_MODIFY   Classes: ui.views.aR 
HTclEvent: DEBUG_CORE_CONFIG_CHANGE   Classes: ui.views.aR 
 (See D:/Programming/EE2230/Lab9_2\planAhead_pid10668.debug)
ERROR: [Common 17-39] 'stop_gui' failed due to earlier errors.
INFO: [Common 17-206] Exiting PlanAhead at Tue May 19 19:15:12 2015...
INFO: [Common 17-83] Releasing license: PlanAhead
