Command line:
   speaker_isim_beh.exe
     -simmode  gui
     -simrunnum  0
     -socket  6491

Wed May 20 13:20:06 2015


 Elaboration Time: 0.015625 sec

 Current Memory Usage: 364.577 Meg

 Total Signals          : 34
 Total Nets             : 73
 Total Signal Drivers   : 14
 Total Blocks           : 4
 Total Primitive Blocks : 3
 Total Processes        : 24
 Total Traceable Variables  : 33
 Total Scalar Nets and Variables : 226
Total Line Count : 114

 Total Simulation Time: 0.015625 sec

 Current Memory Usage: 364.577 Meg

Wed May 20 13:20:11 2015

