Release 14.7 - xst P.20131013 (nt64)
Copyright (c) 1995-2013 Xilinx, Inc.  All rights reserved.
--> Parameter TMPDIR set to xst/projnav.tmp


Total REAL time to Xst completion: 0.00 secs
Total CPU time to Xst completion: 0.53 secs
 
--> Parameter xsthdpdir set to xst


Total REAL time to Xst completion: 0.00 secs
Total CPU time to Xst completion: 0.54 secs
 
--> Reading design: speaker.prj

TABLE OF CONTENTS
  1) Synthesis Options Summary
  2) HDL Parsing
  3) HDL Elaboration
  4) HDL Synthesis
       4.1) HDL Synthesis Report
  5) Advanced HDL Synthesis
       5.1) Advanced HDL Synthesis Report
  6) Low Level Synthesis
  7) Partition Report
  8) Design Summary
       8.1) Primitive and Black Box Usage
       8.2) Device utilization summary
       8.3) Partition Resource Summary
       8.4) Timing Report
            8.4.1) Clock Information
            8.4.2) Asynchronous Control Signals Information
            8.4.3) Timing Summary
            8.4.4) Timing Details
            8.4.5) Cross Clock Domains Report


=========================================================================
*                      Synthesis Options Summary                        *
=========================================================================
---- Source Parameters
Input File Name                    : "speaker.prj"
Ignore Synthesis Constraint File   : NO

---- Target Parameters
Output File Name                   : "speaker"
Output Format                      : NGC
Target Device                      : xc6slx16-3-csg324

---- Source Options
Top Module Name                    : speaker
Automatic FSM Extraction           : YES
FSM Encoding Algorithm             : Auto
Safe Implementation                : No
FSM Style                          : LUT
RAM Extraction                     : Yes
RAM Style                          : Auto
ROM Extraction                     : Yes
Shift Register Extraction          : YES
ROM Style                          : Auto
Resource Sharing                   : YES
Asynchronous To Synchronous        : NO
Shift Register Minimum Size        : 2
Use DSP Block                      : Auto
Automatic Register Balancing       : No

---- Target Options
LUT Combining                      : Auto
Reduce Control Sets                : Auto
Add IO Buffers                     : YES
Global Maximum Fanout              : 100000
Add Generic Clock Buffer(BUFG)     : 16
Register Duplication               : YES
Optimize Instantiated Primitives   : NO
Use Clock Enable                   : Auto
Use Synchronous Set                : Auto
Use Synchronous Reset              : Auto
Pack IO Registers into IOBs        : Auto
Equivalent register Removal        : YES

---- General Options
Optimization Goal                  : Speed
Optimization Effort                : 1
Power Reduction                    : NO
Keep Hierarchy                     : No
Netlist Hierarchy                  : As_Optimized
RTL Output                         : Yes
Global Optimization                : AllClockNets
Read Cores                         : YES
Write Timing Constraints           : NO
Cross Clock Analysis               : NO
Hierarchy Separator                : /
Bus Delimiter                      : <>
Case Specifier                     : Maintain
Slice Utilization Ratio            : 100
BRAM Utilization Ratio             : 100
DSP48 Utilization Ratio            : 100
Auto BRAM Packing                  : NO
Slice Utilization Ratio Delta      : 5

=========================================================================


=========================================================================
*                          HDL Parsing                                  *
=========================================================================
Analyzing Verilog file "D:\Programming\EE2230\Lab9_1\speaker_control.v" into library work
Parsing module <speaker_control>.
Analyzing Verilog file "D:\Programming\EE2230\Lab9_1\buzzer_control.v" into library work
Parsing module <buzzer_control>.
Analyzing Verilog file "D:\Programming\EE2230\Lab9_1\speaker.v" into library work
Parsing module <speaker>.

=========================================================================
*                            HDL Elaboration                            *
=========================================================================

Elaborating module <speaker>.

Elaborating module <buzzer_control>.

Elaborating module <speaker_control>.

=========================================================================
*                           HDL Synthesis                               *
=========================================================================

Synthesizing Unit <speaker>.
    Related source file is "D:\Programming\EE2230\Lab9_1\speaker.v".
    Summary:
	no macro.
Unit <speaker> synthesized.

Synthesizing Unit <buzzer_control>.
    Related source file is "D:\Programming\EE2230\Lab9_1\buzzer_control.v".
    Found 20-bit register for signal <clk_cnt>.
    Found 1-bit register for signal <b_clk>.
    Found 20-bit adder for signal <clk_cnt[19]_GND_2_o_add_2_OUT> created at line 46.
    Summary:
	inferred   1 Adder/Subtractor(s).
	inferred  21 D-type flip-flop(s).
	inferred   1 Multiplexer(s).
Unit <buzzer_control> synthesized.

Synthesizing Unit <speaker_control>.
    Related source file is "D:\Programming\EE2230\Lab9_1\speaker_control.v".
    Found 6-bit register for signal <cnt_64>.
    Found 4-bit register for signal <audio_bck_cnt>.
    Found 4-bit register for signal <cnt_16>.
    Found 1-bit register for signal <audio_bck>.
    Found 1-bit register for signal <audio_ws>.
    Found 4-bit adder for signal <cnt_16[3]_GND_3_o_add_1_OUT> created at line 53.
    Found 6-bit adder for signal <cnt_64[5]_GND_3_o_add_5_OUT> created at line 78.
    Found 4-bit adder for signal <audio_bck_cnt_next> created at line 97.
    Found 1-bit 32-to-1 multiplexer for signal <audio_data> created at line 114.
    Summary:
	inferred   3 Adder/Subtractor(s).
	inferred  16 D-type flip-flop(s).
	inferred   3 Multiplexer(s).
Unit <speaker_control> synthesized.

=========================================================================
HDL Synthesis Report

Macro Statistics
# Adders/Subtractors                                   : 4
 20-bit adder                                          : 1
 4-bit adder                                           : 2
 6-bit adder                                           : 1
# Registers                                            : 7
 1-bit register                                        : 3
 20-bit register                                       : 1
 4-bit register                                        : 2
 6-bit register                                        : 1
# Multiplexers                                         : 4
 1-bit 32-to-1 multiplexer                             : 1
 20-bit 2-to-1 multiplexer                             : 1
 4-bit 2-to-1 multiplexer                              : 1
 6-bit 2-to-1 multiplexer                              : 1

=========================================================================

=========================================================================
*                       Advanced HDL Synthesis                          *
=========================================================================


Synthesizing (advanced) Unit <buzzer_control>.
The following registers are absorbed into counter <clk_cnt>: 1 register on signal <clk_cnt>.
Unit <buzzer_control> synthesized (advanced).

Synthesizing (advanced) Unit <speaker_control>.
The following registers are absorbed into counter <audio_bck_cnt>: 1 register on signal <audio_bck_cnt>.
The following registers are absorbed into counter <cnt_64>: 1 register on signal <cnt_64>.
The following registers are absorbed into counter <cnt_16>: 1 register on signal <cnt_16>.
Unit <speaker_control> synthesized (advanced).

=========================================================================
Advanced HDL Synthesis Report

Macro Statistics
# Counters                                             : 4
 20-bit up counter                                     : 1
 4-bit up counter                                      : 2
 6-bit up counter                                      : 1
# Registers                                            : 3
 Flip-Flops                                            : 3
# Multiplexers                                         : 1
 1-bit 32-to-1 multiplexer                             : 1

=========================================================================

=========================================================================
*                         Low Level Synthesis                           *
=========================================================================

Optimizing unit <speaker> ...

Optimizing unit <speaker_control> ...
WARNING:Xst:1710 - FF/Latch <buz_ctl/clk_cnt_17> (without init value) has a constant value of 0 in block <speaker>. This FF/Latch will be trimmed during the optimization process.
WARNING:Xst:1895 - Due to other FF/Latch trimming, FF/Latch <buz_ctl/clk_cnt_18> (without init value) has a constant value of 0 in block <speaker>. This FF/Latch will be trimmed during the optimization process.
WARNING:Xst:1895 - Due to other FF/Latch trimming, FF/Latch <buz_ctl/clk_cnt_19> (without init value) has a constant value of 0 in block <speaker>. This FF/Latch will be trimmed during the optimization process.

Mapping all equations...
Building and optimizing final netlist ...
Found area constraint ratio of 100 (+ 5) on block speaker, actual ratio is 0.

Final Macro Processing ...

=========================================================================
Final Register Report

Macro Statistics
# Registers                                            : 34
 Flip-Flops                                            : 34

=========================================================================

=========================================================================
*                           Partition Report                            *
=========================================================================

Partition Implementation Status
-------------------------------

  No Partitions were found in this design.

-------------------------------

=========================================================================
*                            Design Summary                             *
=========================================================================

Top Level Output File Name         : speaker.ngc

Primitive and Black Box Usage:
------------------------------
# BELS                             : 92
#      GND                         : 1
#      INV                         : 3
#      LUT1                        : 16
#      LUT2                        : 2
#      LUT3                        : 1
#      LUT4                        : 23
#      LUT5                        : 3
#      LUT6                        : 9
#      MUXCY                       : 16
#      VCC                         : 1
#      XORCY                       : 17
# FlipFlops/Latches                : 34
#      FDC                         : 34
# Clock Buffers                    : 1
#      BUFG                        : 1
# IO Buffers                       : 7
#      IBUF                        : 2
#      OBUF                        : 5

Device utilization summary:
---------------------------

Selected Device : 6slx16csg324-3 


Slice Logic Utilization: 
 Number of Slice Registers:              34  out of  18224     0%  
 Number of Slice LUTs:                   57  out of   9112     0%  
    Number used as Logic:                57  out of   9112     0%  

Slice Logic Distribution: 
 Number of LUT Flip Flop pairs used:     57
   Number with an unused Flip Flop:      23  out of     57    40%  
   Number with an unused LUT:             0  out of     57     0%  
   Number of fully used LUT-FF pairs:    34  out of     57    59%  
   Number of unique control sets:         1

IO Utilization: 
 Number of IOs:                           7
 Number of bonded IOBs:                   7  out of    232     3%  

Specific Feature Utilization:
 Number of BUFG/BUFGCTRLs:                1  out of     16     6%  

---------------------------
Partition Resource Summary:
---------------------------

  No Partitions were found in this design.

---------------------------


=========================================================================
Timing Report

NOTE: THESE TIMING NUMBERS ARE ONLY A SYNTHESIS ESTIMATE.
      FOR ACCURATE TIMING INFORMATION PLEASE REFER TO THE TRACE REPORT
      GENERATED AFTER PLACE-and-ROUTE.

Clock Information:
------------------
-----------------------------------+------------------------+-------+
Clock Signal                       | Clock buffer(FF name)  | Load  |
-----------------------------------+------------------------+-------+
clk                                | IBUF+BUFG              | 34    |
-----------------------------------+------------------------+-------+

Asynchronous Control Signals Information:
----------------------------------------
No asynchronous control signals found in this design

Timing Summary:
---------------
Speed Grade: -3

   Minimum period: 3.196ns (Maximum Frequency: 312.876MHz)
   Minimum input arrival time before clock: 3.756ns
   Maximum output required time after clock: 4.761ns
   Maximum combinational path delay: 4.372ns

Timing Details:
---------------
All values displayed in nanoseconds (ns)

=========================================================================
Timing constraint: Default period analysis for Clock 'clk'
  Clock period: 3.196ns (frequency: 312.876MHz)
  Total number of paths / destination ports: 534 / 34
-------------------------------------------------------------------------
Delay:               3.196ns (Levels of Logic = 2)
  Source:            buz_ctl/clk_cnt_10 (FF)
  Destination:       buz_ctl/clk_cnt_0 (FF)
  Source Clock:      clk rising
  Destination Clock: clk rising

  Data Path: buz_ctl/clk_cnt_10 to buz_ctl/clk_cnt_0
                                Gate     Net
    Cell:in->out      fanout   Delay   Delay  Logical Name (Net Name)
    ----------------------------------------  ------------
     FDC:C->Q              2   0.447   0.961  buz_ctl/clk_cnt_10 (buz_ctl/clk_cnt_10)
     LUT5:I0->O           18   0.203   1.278  buz_ctl/clk_cnt[19]_note_div[19]_equal_2_o<19>3 (buz_ctl/clk_cnt[19]_note_div[19]_equal_2_o<19>2)
     LUT4:I1->O            1   0.205   0.000  buz_ctl/Mcount_clk_cnt_eqn_01 (buz_ctl/Mcount_clk_cnt_eqn_0)
     FDC:D                     0.102          buz_ctl/clk_cnt_0
    ----------------------------------------
    Total                      3.196ns (0.957ns logic, 2.239ns route)
                                       (29.9% logic, 70.1% route)

=========================================================================
Timing constraint: Default OFFSET IN BEFORE for Clock 'clk'
  Total number of paths / destination ports: 34 / 34
-------------------------------------------------------------------------
Offset:              3.756ns (Levels of Logic = 2)
  Source:            pb_in_rst (PAD)
  Destination:       buz_ctl/clk_cnt_0 (FF)
  Destination Clock: clk rising

  Data Path: pb_in_rst to buz_ctl/clk_cnt_0
                                Gate     Net
    Cell:in->out      fanout   Delay   Delay  Logical Name (Net Name)
    ----------------------------------------  ------------
     IBUF:I->O             1   1.222   0.579  pb_in_rst_IBUF (pb_in_rst_IBUF)
     INV:I->O             34   0.206   1.320  rst1_INV_0 (rst)
     FDC:CLR                   0.430          buz_ctl/clk_cnt_0
    ----------------------------------------
    Total                      3.756ns (1.858ns logic, 1.898ns route)
                                       (49.5% logic, 50.5% route)

=========================================================================
Timing constraint: Default OFFSET OUT AFTER for Clock 'clk'
  Total number of paths / destination ports: 7 / 3
-------------------------------------------------------------------------
Offset:              4.761ns (Levels of Logic = 2)
  Source:            buz_ctl/b_clk (FF)
  Destination:       audio_data (PAD)
  Source Clock:      clk rising

  Data Path: buz_ctl/b_clk to audio_data
                                Gate     Net
    Cell:in->out      fanout   Delay   Delay  Logical Name (Net Name)
    ----------------------------------------  ------------
     FDC:C->Q              2   0.447   0.961  buz_ctl/b_clk (buz_ctl/b_clk)
     LUT5:I0->O            1   0.203   0.579  spk_ctl/Mmux_audio_data11 (audio_data_OBUF)
     OBUF:I->O                 2.571          audio_data_OBUF (audio_data)
    ----------------------------------------
    Total                      4.761ns (3.221ns logic, 1.540ns route)
                                       (67.7% logic, 32.3% route)

=========================================================================
Timing constraint: Default path analysis
  Total number of paths / destination ports: 1 / 1
-------------------------------------------------------------------------
Delay:               4.372ns (Levels of Logic = 2)
  Source:            clk (PAD)
  Destination:       audio_sysclk (PAD)

  Data Path: clk to audio_sysclk
                                Gate     Net
    Cell:in->out      fanout   Delay   Delay  Logical Name (Net Name)
    ----------------------------------------  ------------
     IBUF:I->O             1   1.222   0.579  clk_IBUF (clk_IBUF)
     OBUF:I->O                 2.571          audio_sysclk_OBUF (audio_sysclk)
    ----------------------------------------
    Total                      4.372ns (3.793ns logic, 0.579ns route)
                                       (86.8% logic, 13.2% route)

=========================================================================

Cross Clock Domains Report:
--------------------------

Clock to Setup on destination clock clk
---------------+---------+---------+---------+---------+
               | Src:Rise| Src:Fall| Src:Rise| Src:Fall|
Source Clock   |Dest:Rise|Dest:Rise|Dest:Fall|Dest:Fall|
---------------+---------+---------+---------+---------+
clk            |    3.196|         |         |         |
---------------+---------+---------+---------+---------+

=========================================================================


Total REAL time to Xst completion: 14.00 secs
Total CPU time to Xst completion: 14.72 secs
 
--> 

Total memory usage is 219204 kilobytes

Number of errors   :    0 (   0 filtered)
Number of warnings :    3 (   0 filtered)
Number of infos    :    0 (   0 filtered)

