--------------------------------------------------------------------------------
Release 14.7 Trace  (nt64)
Copyright (c) 1995-2013 Xilinx, Inc.  All rights reserved.

D:\Xilinx\14.7\ISE_DS\ISE\bin\nt64\unwrapped\trce.exe -intstyle ise -v 3 -s 3
-n 3 -fastpaths -xml display_decoder.twx display_decoder.ncd -o
display_decoder.twr display_decoder.pcf -ucf display.ucf

Design file:              display_decoder.ncd
Physical constraint file: display_decoder.pcf
Device,package,speed:     xc6slx16,csg324,C,-3 (PRODUCTION 1.23 2013-10-13)
Report level:             verbose report

Environment Variable      Effect 
--------------------      ------ 
NONE                      No environment variables were set
--------------------------------------------------------------------------------

INFO:Timing:2698 - No timing constraints found, doing default enumeration.
INFO:Timing:3412 - To improve timing, see the Timing Closure User Guide (UG612).
INFO:Timing:2752 - To get complete path coverage, use the unconstrained paths 
   option. All paths that are not constrained will be reported in the 
   unconstrained paths section(s) of the report.
INFO:Timing:3339 - The clock-to-out numbers in this timing report are based on 
   a 50 Ohm transmission line loading model.  For the details of this model, 
   and for more information on accounting for different loading conditions, 
   please see the device datasheet.



Data Sheet report:
-----------------
All values displayed in nanoseconds (ns)

Setup/Hold to clock oscillator
------------+------------+------------+------------+------------+------------------+--------+
            |Max Setup to|  Process   |Max Hold to |  Process   |                  | Clock  |
Source      | clk (edge) |   Corner   | clk (edge) |   Corner   |Internal Clock(s) | Phase  |
------------+------------+------------+------------+------------+------------------+--------+
rst_n       |    1.724(R)|      SLOW  |   -0.191(R)|      SLOW  |oscillator_BUFGP  |   0.000|
------------+------------+------------+------------+------------+------------------+--------+

Clock oscillator to Pad
------------+-----------------+------------+-----------------+------------+------------------+--------+
            |Max (slowest) clk|  Process   |Min (fastest) clk|  Process   |                  | Clock  |
Destination |  (edge) to PAD  |   Corner   |  (edge) to PAD  |   Corner   |Internal Clock(s) | Phase  |
------------+-----------------+------------+-----------------+------------+------------------+--------+
display<2>  |         8.464(R)|      SLOW  |         4.495(R)|      FAST  |oscillator_BUFGP  |   0.000|
display<5>  |         8.195(R)|      SLOW  |         4.305(R)|      FAST  |oscillator_BUFGP  |   0.000|
display<7>  |         9.287(R)|      SLOW  |         5.037(R)|      FAST  |oscillator_BUFGP  |   0.000|
display<8>  |         8.605(R)|      SLOW  |         4.610(R)|      FAST  |oscillator_BUFGP  |   0.000|
display<9>  |         8.526(R)|      SLOW  |         4.519(R)|      FAST  |oscillator_BUFGP  |   0.000|
display<10> |         8.990(R)|      SLOW  |         4.939(R)|      FAST  |oscillator_BUFGP  |   0.000|
display<11> |         8.770(R)|      SLOW  |         4.720(R)|      FAST  |oscillator_BUFGP  |   0.000|
display<12> |         8.556(R)|      SLOW  |         4.621(R)|      FAST  |oscillator_BUFGP  |   0.000|
display<13> |         8.077(R)|      SLOW  |         4.233(R)|      FAST  |oscillator_BUFGP  |   0.000|
display<14> |         8.406(R)|      SLOW  |         4.450(R)|      FAST  |oscillator_BUFGP  |   0.000|
display<15> |         8.218(R)|      SLOW  |         4.431(R)|      FAST  |oscillator_BUFGP  |   0.000|
display<16> |         8.736(R)|      SLOW  |         4.699(R)|      FAST  |oscillator_BUFGP  |   0.000|
------------+-----------------+------------+-----------------+------------+------------------+--------+

Clock to Setup on destination clock oscillator
---------------+---------+---------+---------+---------+
               | Src:Rise| Src:Fall| Src:Rise| Src:Fall|
Source Clock   |Dest:Rise|Dest:Rise|Dest:Fall|Dest:Fall|
---------------+---------+---------+---------+---------+
oscillator     |    1.835|         |         |         |
---------------+---------+---------+---------+---------+

Pad to Pad
---------------+---------------+---------+
Source Pad     |Destination Pad|  Delay  |
---------------+---------------+---------+
in             |led<0>         |    8.552|
in             |led<2>         |    8.284|
---------------+---------------+---------+


Analysis completed Thu Apr 09 19:38:35 2015 
--------------------------------------------------------------------------------

Trace Settings:
-------------------------
Trace Settings 

Peak Memory Usage: 236 MB



