Release 14.7 - xst P.20131013 (nt64)
Copyright (c) 1995-2013 Xilinx, Inc.  All rights reserved.
--> Parameter TMPDIR set to xst/projnav.tmp


Total REAL time to Xst completion: 0.00 secs
Total CPU time to Xst completion: 0.12 secs
 
--> Parameter xsthdpdir set to xst


Total REAL time to Xst completion: 0.00 secs
Total CPU time to Xst completion: 0.12 secs
 
--> Reading design: speaker.prj

TABLE OF CONTENTS
  1) Synthesis Options Summary
  2) HDL Parsing
  3) HDL Elaboration
  4) HDL Synthesis
       4.1) HDL Synthesis Report
  5) Advanced HDL Synthesis
       5.1) Advanced HDL Synthesis Report
  6) Low Level Synthesis
  7) Partition Report
  8) Design Summary
       8.1) Primitive and Black Box Usage
       8.2) Device utilization summary
       8.3) Partition Resource Summary
       8.4) Timing Report
            8.4.1) Clock Information
            8.4.2) Asynchronous Control Signals Information
            8.4.3) Timing Summary
            8.4.4) Timing Details
            8.4.5) Cross Clock Domains Report


=========================================================================
*                      Synthesis Options Summary                        *
=========================================================================
---- Source Parameters
Input File Name                    : "speaker.prj"
Ignore Synthesis Constraint File   : NO

---- Target Parameters
Output File Name                   : "speaker"
Output Format                      : NGC
Target Device                      : xc6slx16-3-csg324

---- Source Options
Top Module Name                    : speaker
Automatic FSM Extraction           : YES
FSM Encoding Algorithm             : Auto
Safe Implementation                : No
FSM Style                          : LUT
RAM Extraction                     : Yes
RAM Style                          : Auto
ROM Extraction                     : Yes
Shift Register Extraction          : YES
ROM Style                          : Auto
Resource Sharing                   : YES
Asynchronous To Synchronous        : NO
Shift Register Minimum Size        : 2
Use DSP Block                      : Auto
Automatic Register Balancing       : No

---- Target Options
LUT Combining                      : Auto
Reduce Control Sets                : Auto
Add IO Buffers                     : YES
Global Maximum Fanout              : 100000
Add Generic Clock Buffer(BUFG)     : 16
Register Duplication               : YES
Optimize Instantiated Primitives   : NO
Use Clock Enable                   : Auto
Use Synchronous Set                : Auto
Use Synchronous Reset              : Auto
Pack IO Registers into IOBs        : Auto
Equivalent register Removal        : YES

---- General Options
Optimization Goal                  : Speed
Optimization Effort                : 1
Power Reduction                    : NO
Keep Hierarchy                     : No
Netlist Hierarchy                  : As_Optimized
RTL Output                         : Yes
Global Optimization                : AllClockNets
Read Cores                         : YES
Write Timing Constraints           : NO
Cross Clock Analysis               : NO
Hierarchy Separator                : /
Bus Delimiter                      : <>
Case Specifier                     : Maintain
Slice Utilization Ratio            : 100
BRAM Utilization Ratio             : 100
DSP48 Utilization Ratio            : 100
Auto BRAM Packing                  : NO
Slice Utilization Ratio Delta      : 5

=========================================================================


=========================================================================
*                          HDL Parsing                                  *
=========================================================================
Analyzing Verilog file "D:\Programming\EE2230\Lab9_2\one_pulse.v" into library work
Parsing verilog file "global.v" included at line 9.
Parsing module <one_pulse>.
Analyzing Verilog file "D:\Programming\EE2230\Lab9_2\debounce_circuit.v" into library work
Parsing verilog file "global.v" included at line 9.
Parsing module <debounce_circuit>.
Analyzing Verilog file "D:\Programming\EE2230\Lab9_2\add3.v" into library work
Parsing module <add3>.
Analyzing Verilog file "D:\Programming\EE2230\Lab9_2\speaker_control.v" into library work
Parsing module <speaker_control>.
Analyzing Verilog file "D:\Programming\EE2230\Lab9_2\sound_setting.v" into library work
Parsing module <sound_setting>.
Analyzing Verilog file "D:\Programming\EE2230\Lab9_2\push_button.v" into library work
Parsing module <push_button>.
Analyzing Verilog file "D:\Programming\EE2230\Lab9_2\FTSD_scan.v" into library work
Parsing verilog file "global.v" included at line 7.
Parsing module <FTSD_scan>.
Analyzing Verilog file "D:\Programming\EE2230\Lab9_2\FTSD_decoder.v" into library work
Parsing verilog file "global.v" included at line 7.
Parsing module <FTSD_decoder>.
Analyzing Verilog file "D:\Programming\EE2230\Lab9_2\frequency_divider.v" into library work
Parsing verilog file "global.v" included at line 9.
Parsing module <frequency_divider>.
Analyzing Verilog file "D:\Programming\EE2230\Lab9_2\buzzer_control.v" into library work
Parsing module <buzzer_control>.
Analyzing Verilog file "D:\Programming\EE2230\Lab9_2\BIN_converter_BCD.v" into library work
Parsing module <BIN_converter_BCD>.
Analyzing Verilog file "D:\Programming\EE2230\Lab9_2\speaker.v" into library work
Parsing module <speaker>.

=========================================================================
*                            HDL Elaboration                            *
=========================================================================

Elaborating module <speaker>.

Elaborating module <frequency_divider>.

Elaborating module <push_button>.

Elaborating module <debounce_circuit>.

Elaborating module <one_pulse>.

Elaborating module <sound_setting>.
WARNING:HDLCompiler:189 - "D:\Programming\EE2230\Lab9_2\speaker.v" Line 96: Size mismatch in connection of port <vol_level>. Formal port size is 4-bit while actual signal size is 5-bit.

Elaborating module <buzzer_control>.

Elaborating module <speaker_control>.

Elaborating module <BIN_converter_BCD>.

Elaborating module <add3>.

Elaborating module <FTSD_decoder>.
WARNING:HDLCompiler:189 - "D:\Programming\EE2230\Lab9_2\speaker.v" Line 133: Size mismatch in connection of port <bcd>. Formal port size is 6-bit while actual signal size is 4-bit.
WARNING:HDLCompiler:189 - "D:\Programming\EE2230\Lab9_2\speaker.v" Line 137: Size mismatch in connection of port <bcd>. Formal port size is 6-bit while actual signal size is 4-bit.

Elaborating module <FTSD_scan>.
WARNING:HDLCompiler:189 - "D:\Programming\EE2230\Lab9_2\speaker.v" Line 146: Size mismatch in connection of port <display>. Formal port size is 19-bit while actual signal size is 20-bit.
WARNING:HDLCompiler:552 - "D:\Programming\EE2230\Lab9_2\speaker.v" Line 140: Input port in3[14] is not connected on this instance

=========================================================================
*                           HDL Synthesis                               *
=========================================================================

Synthesizing Unit <speaker>.
    Related source file is "D:\Programming\EE2230\Lab9_2\speaker.v".
WARNING:Xst:2898 - Port 'in3', unconnected in block instance 'ftsd_scn', is tied to GND.
WARNING:Xst:2898 - Port 'in4', unconnected in block instance 'ftsd_scn', is tied to GND.
INFO:Xst:3210 - "D:\Programming\EE2230\Lab9_2\speaker.v" line 47: Output port <clk_cnt> of the instance <fteq_div> is unconnected or connected to loadless signal.
INFO:Xst:3210 - "D:\Programming\EE2230\Lab9_2\speaker.v" line 55: Output port <debounced> of the instance <pb_vol_0> is unconnected or connected to loadless signal.
INFO:Xst:3210 - "D:\Programming\EE2230\Lab9_2\speaker.v" line 62: Output port <debounced> of the instance <pb_vol_1> is unconnected or connected to loadless signal.
INFO:Xst:3210 - "D:\Programming\EE2230\Lab9_2\speaker.v" line 126: Output port <hunds> of the instance <ftsd_conv> is unconnected or connected to loadless signal.
    Summary:
	no macro.
Unit <speaker> synthesized.

Synthesizing Unit <frequency_divider>.
    Related source file is "D:\Programming\EE2230\Lab9_2\frequency_divider.v".
    Found 2-bit register for signal <clk_scn>.
    Found 7-bit register for signal <cnt_h>.
    Found 15-bit register for signal <cnt_l>.
    Found 1-bit register for signal <clk_cnt>.
    Found 25-bit adder for signal <cnt_tmp> created at line 30.
    Summary:
	inferred   1 Adder/Subtractor(s).
	inferred  25 D-type flip-flop(s).
Unit <frequency_divider> synthesized.

Synthesizing Unit <push_button>.
    Related source file is "D:\Programming\EE2230\Lab9_2\push_button.v".
    Summary:
	no macro.
Unit <push_button> synthesized.

Synthesizing Unit <debounce_circuit>.
    Related source file is "D:\Programming\EE2230\Lab9_2\debounce_circuit.v".
    Found 4-bit register for signal <debounce_window>.
    Found 1-bit register for signal <pb_debounced>.
    Summary:
	inferred   5 D-type flip-flop(s).
Unit <debounce_circuit> synthesized.

Synthesizing Unit <one_pulse>.
    Related source file is "D:\Programming\EE2230\Lab9_2\one_pulse.v".
    Found 1-bit register for signal <out_pulse>.
    Found 1-bit register for signal <in_trig_delay>.
    Summary:
	inferred   2 D-type flip-flop(s).
Unit <one_pulse> synthesized.

Synthesizing Unit <sound_setting>.
    Related source file is "D:\Programming\EE2230\Lab9_2\sound_setting.v".
WARNING:Xst:647 - Input <clk> is never used. This port will be preserved and left unconnected if it belongs to a top-level block or it belongs to a sub-block and the hierarchy of this sub-block is preserved.
    Found 4-bit register for signal <vol_level>.
    Found 16-bit register for signal <vol_data>.
    Found 4-bit subtractor for signal <vol_level[3]_GND_6_o_sub_8_OUT> created at line 56.
    Found 16-bit subtractor for signal <vol_data[15]_GND_6_o_sub_9_OUT> created at line 57.
    Found 4-bit adder for signal <vol_level[3]_GND_6_o_add_4_OUT> created at line 51.
    Found 16-bit adder for signal <vol_data[15]_GND_6_o_add_5_OUT> created at line 52.
    Found 16-bit comparator greater for signal <vol_data[15]_GND_6_o_LessThan_4_o> created at line 49
    Found 16-bit comparator greater for signal <GND_6_o_vol_data[15]_LessThan_7_o> created at line 54
    Summary:
	inferred   2 Adder/Subtractor(s).
	inferred  20 D-type flip-flop(s).
	inferred   2 Comparator(s).
	inferred   2 Multiplexer(s).
Unit <sound_setting> synthesized.

Synthesizing Unit <buzzer_control>.
    Related source file is "D:\Programming\EE2230\Lab9_2\buzzer_control.v".
    Found 20-bit register for signal <clk_cnt>.
    Found 1-bit register for signal <b_clk>.
    Found 20-bit adder for signal <clk_cnt[19]_GND_9_o_add_2_OUT> created at line 48.
    Found 20-bit comparator equal for signal <clk_cnt[19]_note_div[19]_equal_2_o> created at line 41
    Summary:
	inferred   1 Adder/Subtractor(s).
	inferred  21 D-type flip-flop(s).
	inferred   1 Comparator(s).
	inferred   2 Multiplexer(s).
Unit <buzzer_control> synthesized.

Synthesizing Unit <speaker_control>.
    Related source file is "D:\Programming\EE2230\Lab9_2\speaker_control.v".
WARNING:Xst:647 - Input <pressed> is never used. This port will be preserved and left unconnected if it belongs to a top-level block or it belongs to a sub-block and the hierarchy of this sub-block is preserved.
    Found 7-bit register for signal <clk_128>.
    Found 4-bit register for signal <audio_bck_cnt>.
    Found 2-bit register for signal <cnt_4>.
    Found 1-bit register for signal <audio_bck>.
    Found 1-bit register for signal <audio_ws>.
    Found 2-bit adder for signal <cnt_4[1]_GND_10_o_add_1_OUT> created at line 52.
    Found 7-bit adder for signal <clk_128[6]_GND_10_o_add_5_OUT> created at line 77.
    Found 4-bit adder for signal <audio_bck_cnt_next> created at line 96.
    Found 1-bit 32-to-1 multiplexer for signal <audio_data> created at line 113.
    Summary:
	inferred   3 Adder/Subtractor(s).
	inferred  15 D-type flip-flop(s).
	inferred   3 Multiplexer(s).
Unit <speaker_control> synthesized.

Synthesizing Unit <BIN_converter_BCD>.
    Related source file is "D:\Programming\EE2230\Lab9_2\BIN_converter_BCD.v".
    Summary:
	no macro.
Unit <BIN_converter_BCD> synthesized.

Synthesizing Unit <add3>.
    Related source file is "D:\Programming\EE2230\Lab9_2\add3.v".
    Found 16x4-bit Read Only RAM for signal <out>
    Summary:
	inferred   1 RAM(s).
Unit <add3> synthesized.

Synthesizing Unit <FTSD_decoder>.
    Related source file is "D:\Programming\EE2230\Lab9_2\FTSD_decoder.v".
    Found 64x15-bit Read Only RAM for signal <ftsd>
    Summary:
	inferred   1 RAM(s).
Unit <FTSD_decoder> synthesized.

Synthesizing Unit <FTSD_scan>.
    Related source file is "D:\Programming\EE2230\Lab9_2\FTSD_scan.v".
    Found 19-bit 4-to-1 multiplexer for signal <display> created at line 24.
    Summary:
	inferred   1 Multiplexer(s).
Unit <FTSD_scan> synthesized.

=========================================================================
HDL Synthesis Report

Macro Statistics
# RAMs                                                 : 9
 16x4-bit single-port Read Only RAM                    : 7
 64x15-bit single-port Read Only RAM                   : 2
# Adders/Subtractors                                   : 7
 16-bit addsub                                         : 1
 2-bit adder                                           : 1
 20-bit adder                                          : 1
 25-bit adder                                          : 1
 4-bit adder                                           : 1
 4-bit addsub                                          : 1
 7-bit adder                                           : 1
# Registers                                            : 27
 1-bit register                                        : 13
 15-bit register                                       : 1
 16-bit register                                       : 1
 2-bit register                                        : 2
 20-bit register                                       : 1
 4-bit register                                        : 7
 7-bit register                                        : 2
# Comparators                                          : 3
 16-bit comparator greater                             : 2
 20-bit comparator equal                               : 1
# Multiplexers                                         : 8
 1-bit 32-to-1 multiplexer                             : 1
 16-bit 2-to-1 multiplexer                             : 1
 19-bit 4-to-1 multiplexer                             : 1
 2-bit 2-to-1 multiplexer                              : 1
 20-bit 2-to-1 multiplexer                             : 3
 7-bit 2-to-1 multiplexer                              : 1

=========================================================================

=========================================================================
*                       Advanced HDL Synthesis                          *
=========================================================================


Synthesizing (advanced) Unit <FTSD_decoder>.
INFO:Xst:3218 - HDL ADVISOR - The RAM <Mram_ftsd> will be implemented on LUTs either because you have described an asynchronous read or because of currently unsupported block RAM features. If you have described an asynchronous read, making it synchronous would allow you to take advantage of available block RAM resources, for optimized device usage and improved timings. Please refer to your documentation for coding guidelines.
    -----------------------------------------------------------------------
    | ram_type           | Distributed                         |          |
    -----------------------------------------------------------------------
    | Port A                                                              |
    |     aspect ratio   | 64-word x 15-bit                    |          |
    |     weA            | connected to signal <GND>           | high     |
    |     addrA          | connected to signal <bcd>           |          |
    |     diA            | connected to signal <GND>           |          |
    |     doA            | connected to signal <ftsd>          |          |
    -----------------------------------------------------------------------
Unit <FTSD_decoder> synthesized (advanced).

Synthesizing (advanced) Unit <add3>.
INFO:Xst:3218 - HDL ADVISOR - The RAM <Mram_out> will be implemented on LUTs either because you have described an asynchronous read or because of currently unsupported block RAM features. If you have described an asynchronous read, making it synchronous would allow you to take advantage of available block RAM resources, for optimized device usage and improved timings. Please refer to your documentation for coding guidelines.
    -----------------------------------------------------------------------
    | ram_type           | Distributed                         |          |
    -----------------------------------------------------------------------
    | Port A                                                              |
    |     aspect ratio   | 16-word x 4-bit                     |          |
    |     weA            | connected to signal <GND>           | high     |
    |     addrA          | connected to signal <in>            |          |
    |     diA            | connected to signal <GND>           |          |
    |     doA            | connected to signal <out>           |          |
    -----------------------------------------------------------------------
Unit <add3> synthesized (advanced).

Synthesizing (advanced) Unit <buzzer_control>.
The following registers are absorbed into counter <clk_cnt>: 1 register on signal <clk_cnt>.
Unit <buzzer_control> synthesized (advanced).

Synthesizing (advanced) Unit <sound_setting>.
The following registers are absorbed into counter <vol_level>: 1 register on signal <vol_level>.
The following registers are absorbed into accumulator <vol_data>: 1 register on signal <vol_data>.
Unit <sound_setting> synthesized (advanced).

Synthesizing (advanced) Unit <speaker_control>.
The following registers are absorbed into counter <cnt_4>: 1 register on signal <cnt_4>.
The following registers are absorbed into counter <clk_128>: 1 register on signal <clk_128>.
The following registers are absorbed into counter <audio_bck_cnt>: 1 register on signal <audio_bck_cnt>.
Unit <speaker_control> synthesized (advanced).

=========================================================================
Advanced HDL Synthesis Report

Macro Statistics
# RAMs                                                 : 9
 16x4-bit single-port distributed Read Only RAM        : 7
 64x15-bit single-port distributed Read Only RAM       : 2
# Adders/Subtractors                                   : 1
 25-bit adder                                          : 1
# Counters                                             : 5
 2-bit up counter                                      : 1
 20-bit up counter                                     : 1
 4-bit up counter                                      : 1
 4-bit updown counter                                  : 1
 7-bit up counter                                      : 1
# Accumulators                                         : 1
 16-bit updown accumulator                             : 1
# Registers                                            : 57
 Flip-Flops                                            : 57
# Comparators                                          : 3
 16-bit comparator greater                             : 2
 20-bit comparator equal                               : 1
# Multiplexers                                         : 5
 1-bit 32-to-1 multiplexer                             : 1
 16-bit 2-to-1 multiplexer                             : 1
 19-bit 4-to-1 multiplexer                             : 1
 20-bit 2-to-1 multiplexer                             : 2

=========================================================================

=========================================================================
*                         Low Level Synthesis                           *
=========================================================================

Optimizing unit <frequency_divider> ...

Optimizing unit <speaker> ...

Optimizing unit <sound_setting> ...

Optimizing unit <speaker_control> ...
WARNING:Xst:2677 - Node <fteq_div/clk_cnt> of sequential type is unconnected in block <speaker>.
WARNING:Xst:2677 - Node <fteq_div/cnt_h_6> of sequential type is unconnected in block <speaker>.
WARNING:Xst:2677 - Node <fteq_div/cnt_h_5> of sequential type is unconnected in block <speaker>.
WARNING:Xst:2677 - Node <fteq_div/cnt_h_4> of sequential type is unconnected in block <speaker>.
WARNING:Xst:2677 - Node <fteq_div/cnt_h_3> of sequential type is unconnected in block <speaker>.
WARNING:Xst:2677 - Node <fteq_div/cnt_h_2> of sequential type is unconnected in block <speaker>.
WARNING:Xst:2677 - Node <fteq_div/cnt_h_1> of sequential type is unconnected in block <speaker>.
WARNING:Xst:2677 - Node <fteq_div/cnt_h_0> of sequential type is unconnected in block <speaker>.
INFO:Xst:2261 - The FF/Latch <voice_set/vol_data_1> in Unit <speaker> is equivalent to the following FF/Latch, which will be removed : <voice_set/vol_level_1> 
INFO:Xst:2261 - The FF/Latch <voice_set/vol_data_2> in Unit <speaker> is equivalent to the following FF/Latch, which will be removed : <voice_set/vol_level_2> 
INFO:Xst:2261 - The FF/Latch <voice_set/vol_data_3> in Unit <speaker> is equivalent to the following FF/Latch, which will be removed : <voice_set/vol_level_3> 
INFO:Xst:2261 - The FF/Latch <fteq_div/cnt_l_0> in Unit <speaker> is equivalent to the following 2 FFs/Latches, which will be removed : <spk_ctl/cnt_4_0> <spk_ctl/clk_128_0> 
INFO:Xst:2261 - The FF/Latch <fteq_div/cnt_l_1> in Unit <speaker> is equivalent to the following 2 FFs/Latches, which will be removed : <spk_ctl/cnt_4_1> <spk_ctl/clk_128_1> 
INFO:Xst:2261 - The FF/Latch <fteq_div/cnt_l_2> in Unit <speaker> is equivalent to the following 2 FFs/Latches, which will be removed : <spk_ctl/clk_128_2> <spk_ctl/audio_bck> 
INFO:Xst:2261 - The FF/Latch <fteq_div/cnt_l_3> in Unit <speaker> is equivalent to the following FF/Latch, which will be removed : <spk_ctl/clk_128_3> 
INFO:Xst:2261 - The FF/Latch <fteq_div/cnt_l_4> in Unit <speaker> is equivalent to the following FF/Latch, which will be removed : <spk_ctl/clk_128_4> 
INFO:Xst:2261 - The FF/Latch <fteq_div/cnt_l_5> in Unit <speaker> is equivalent to the following FF/Latch, which will be removed : <spk_ctl/clk_128_5> 
INFO:Xst:2261 - The FF/Latch <fteq_div/cnt_l_6> in Unit <speaker> is equivalent to the following FF/Latch, which will be removed : <spk_ctl/clk_128_6> 
INFO:Xst:2261 - The FF/Latch <fteq_div/cnt_l_7> in Unit <speaker> is equivalent to the following FF/Latch, which will be removed : <spk_ctl/audio_ws> 
INFO:Xst:2261 - The FF/Latch <voice_set/vol_data_0> in Unit <speaker> is equivalent to the following FF/Latch, which will be removed : <voice_set/vol_level_0> 

Mapping all equations...
Building and optimizing final netlist ...
Found area constraint ratio of 100 (+ 5) on block speaker, actual ratio is 1.

Final Macro Processing ...

=========================================================================
Final Register Report

Macro Statistics
# Registers                                            : 87
 Flip-Flops                                            : 87

=========================================================================

=========================================================================
*                           Partition Report                            *
=========================================================================

Partition Implementation Status
-------------------------------

  No Partitions were found in this design.

-------------------------------

=========================================================================
*                            Design Summary                             *
=========================================================================

Top Level Output File Name         : speaker.ngc

Primitive and Black Box Usage:
------------------------------
# BELS                             : 246
#      GND                         : 1
#      INV                         : 10
#      LUT1                        : 16
#      LUT2                        : 31
#      LUT3                        : 17
#      LUT4                        : 40
#      LUT5                        : 2
#      LUT6                        : 14
#      MUXCY                       : 58
#      MUXF7                       : 2
#      MUXF8                       : 1
#      VCC                         : 1
#      XORCY                       : 53
# FlipFlops/Latches                : 87
#      FDC                         : 71
#      FDCE                        : 15
#      FDPE                        : 1
# Clock Buffers                    : 2
#      BUFG                        : 2
# IO Buffers                       : 32
#      IBUF                        : 7
#      OBUF                        : 25

Device utilization summary:
---------------------------

Selected Device : 6slx16csg324-3 


Slice Logic Utilization: 
 Number of Slice Registers:              87  out of  18224     0%  
 Number of Slice LUTs:                  130  out of   9112     1%  
    Number used as Logic:               130  out of   9112     1%  

Slice Logic Distribution: 
 Number of LUT Flip Flop pairs used:    141
   Number with an unused Flip Flop:      54  out of    141    38%  
   Number with an unused LUT:            11  out of    141     7%  
   Number of fully used LUT-FF pairs:    76  out of    141    53%  
   Number of unique control sets:         4

IO Utilization: 
 Number of IOs:                          32
 Number of bonded IOBs:                  32  out of    232    13%  

Specific Feature Utilization:
 Number of BUFG/BUFGCTRLs:                2  out of     16    12%  

---------------------------
Partition Resource Summary:
---------------------------

  No Partitions were found in this design.

---------------------------


=========================================================================
Timing Report

NOTE: THESE TIMING NUMBERS ARE ONLY A SYNTHESIS ESTIMATE.
      FOR ACCURATE TIMING INFORMATION PLEASE REFER TO THE TRACE REPORT
      GENERATED AFTER PLACE-and-ROUTE.

Clock Information:
------------------
-----------------------------------+------------------------------+-------+
Clock Signal                       | Clock buffer(FF name)        | Load  |
-----------------------------------+------------------------------+-------+
fteq_div/clk_scn_0                 | BUFG                         | 45    |
clk                                | IBUF+BUFG                    | 38    |
fteq_div/cnt_l_2                   | NONE(spk_ctl/audio_bck_cnt_3)| 4     |
-----------------------------------+------------------------------+-------+
INFO:Xst:2169 - HDL ADVISOR - Some clock signals were not automatically buffered by XST with BUFG/BUFR resources. Please use the buffer_type constraint in order to insert these buffers to the clock signals to help prevent skew problems.

Asynchronous Control Signals Information:
----------------------------------------
No asynchronous control signals found in this design

Timing Summary:
---------------
Speed Grade: -3

   Minimum period: 5.271ns (Maximum Frequency: 189.712MHz)
   Minimum input arrival time before clock: 4.228ns
   Maximum output required time after clock: 6.934ns
   Maximum combinational path delay: 4.372ns

Timing Details:
---------------
All values displayed in nanoseconds (ns)

=========================================================================
Timing constraint: Default period analysis for Clock 'fteq_div/clk_scn_0'
  Clock period: 5.271ns (frequency: 189.712MHz)
  Total number of paths / destination ports: 3425 / 56
-------------------------------------------------------------------------
Delay:               5.271ns (Levels of Logic = 3)
  Source:            voice_set/vol_data_13 (FF)
  Destination:       voice_set/vol_data_0 (FF)
  Source Clock:      fteq_div/clk_scn_0 rising
  Destination Clock: fteq_div/clk_scn_0 rising

  Data Path: voice_set/vol_data_13 to voice_set/vol_data_0
                                Gate     Net
    Cell:in->out      fanout   Delay   Delay  Logical Name (Net Name)
    ----------------------------------------  ------------
     FDCE:C->Q             4   0.447   1.028  voice_set/vol_data_13 (voice_set/vol_data_13)
     LUT5:I0->O           18   0.203   1.278  voice_set/in_vol[0]_vol_data[15]_AND_2_o3 (voice_set/in_vol[0]_vol_data[15]_AND_2_o3)
     LUT3:I0->O            1   0.205   0.580  voice_set/in_vol[0]_vol_data[15]_AND_2_o4 (voice_set/in_vol[0]_vol_data[15]_AND_2_o)
     LUT5:I4->O           16   0.205   1.004  voice_set/_n0044_inv4 (voice_set/_n0044_inv)
     FDCE:CE                   0.322          voice_set/vol_data_3
    ----------------------------------------
    Total                      5.271ns (1.382ns logic, 3.889ns route)
                                       (26.2% logic, 73.8% route)

=========================================================================
Timing constraint: Default period analysis for Clock 'clk'
  Clock period: 4.154ns (frequency: 240.714MHz)
  Total number of paths / destination ports: 4984 / 38
-------------------------------------------------------------------------
Delay:               4.154ns (Levels of Logic = 29)
  Source:            buz_ctl/clk_cnt_0 (FF)
  Destination:       buz_ctl/clk_cnt_19 (FF)
  Source Clock:      clk rising
  Destination Clock: clk rising

  Data Path: buz_ctl/clk_cnt_0 to buz_ctl/clk_cnt_19
                                Gate     Net
    Cell:in->out      fanout   Delay   Delay  Logical Name (Net Name)
    ----------------------------------------  ------------
     FDC:C->Q              2   0.447   0.981  buz_ctl/clk_cnt_0 (buz_ctl/clk_cnt_0)
     LUT6:I0->O            1   0.203   0.000  buz_ctl/Mcompar_clk_cnt[19]_note_div[19]_equal_2_o_lut<0> (buz_ctl/Mcompar_clk_cnt[19]_note_div[19]_equal_2_o_lut<0>)
     MUXCY:S->O            1   0.172   0.000  buz_ctl/Mcompar_clk_cnt[19]_note_div[19]_equal_2_o_cy<0> (buz_ctl/Mcompar_clk_cnt[19]_note_div[19]_equal_2_o_cy<0>)
     MUXCY:CI->O           1   0.019   0.000  buz_ctl/Mcompar_clk_cnt[19]_note_div[19]_equal_2_o_cy<1> (buz_ctl/Mcompar_clk_cnt[19]_note_div[19]_equal_2_o_cy<1>)
     MUXCY:CI->O           1   0.019   0.000  buz_ctl/Mcompar_clk_cnt[19]_note_div[19]_equal_2_o_cy<2> (buz_ctl/Mcompar_clk_cnt[19]_note_div[19]_equal_2_o_cy<2>)
     MUXCY:CI->O           1   0.019   0.000  buz_ctl/Mcompar_clk_cnt[19]_note_div[19]_equal_2_o_cy<3> (buz_ctl/Mcompar_clk_cnt[19]_note_div[19]_equal_2_o_cy<3>)
     MUXCY:CI->O           1   0.019   0.000  buz_ctl/Mcompar_clk_cnt[19]_note_div[19]_equal_2_o_cy<4> (buz_ctl/Mcompar_clk_cnt[19]_note_div[19]_equal_2_o_cy<4>)
     MUXCY:CI->O           1   0.019   0.000  buz_ctl/Mcompar_clk_cnt[19]_note_div[19]_equal_2_o_cy<5> (buz_ctl/Mcompar_clk_cnt[19]_note_div[19]_equal_2_o_cy<5>)
     MUXCY:CI->O          22   0.019   1.238  buz_ctl/Mcompar_clk_cnt[19]_note_div[19]_equal_2_o_cy<6> (buz_ctl/clk_cnt[19]_note_div[19]_equal_2_o)
     LUT2:I0->O            1   0.203   0.000  buz_ctl/Mcount_clk_cnt_lut<0> (buz_ctl/Mcount_clk_cnt_lut<0>)
     MUXCY:S->O            1   0.172   0.000  buz_ctl/Mcount_clk_cnt_cy<0> (buz_ctl/Mcount_clk_cnt_cy<0>)
     MUXCY:CI->O           1   0.019   0.000  buz_ctl/Mcount_clk_cnt_cy<1> (buz_ctl/Mcount_clk_cnt_cy<1>)
     MUXCY:CI->O           1   0.019   0.000  buz_ctl/Mcount_clk_cnt_cy<2> (buz_ctl/Mcount_clk_cnt_cy<2>)
     MUXCY:CI->O           1   0.019   0.000  buz_ctl/Mcount_clk_cnt_cy<3> (buz_ctl/Mcount_clk_cnt_cy<3>)
     MUXCY:CI->O           1   0.019   0.000  buz_ctl/Mcount_clk_cnt_cy<4> (buz_ctl/Mcount_clk_cnt_cy<4>)
     MUXCY:CI->O           1   0.019   0.000  buz_ctl/Mcount_clk_cnt_cy<5> (buz_ctl/Mcount_clk_cnt_cy<5>)
     MUXCY:CI->O           1   0.019   0.000  buz_ctl/Mcount_clk_cnt_cy<6> (buz_ctl/Mcount_clk_cnt_cy<6>)
     MUXCY:CI->O           1   0.019   0.000  buz_ctl/Mcount_clk_cnt_cy<7> (buz_ctl/Mcount_clk_cnt_cy<7>)
     MUXCY:CI->O           1   0.019   0.000  buz_ctl/Mcount_clk_cnt_cy<8> (buz_ctl/Mcount_clk_cnt_cy<8>)
     MUXCY:CI->O           1   0.019   0.000  buz_ctl/Mcount_clk_cnt_cy<9> (buz_ctl/Mcount_clk_cnt_cy<9>)
     MUXCY:CI->O           1   0.019   0.000  buz_ctl/Mcount_clk_cnt_cy<10> (buz_ctl/Mcount_clk_cnt_cy<10>)
     MUXCY:CI->O           1   0.019   0.000  buz_ctl/Mcount_clk_cnt_cy<11> (buz_ctl/Mcount_clk_cnt_cy<11>)
     MUXCY:CI->O           1   0.019   0.000  buz_ctl/Mcount_clk_cnt_cy<12> (buz_ctl/Mcount_clk_cnt_cy<12>)
     MUXCY:CI->O           1   0.019   0.000  buz_ctl/Mcount_clk_cnt_cy<13> (buz_ctl/Mcount_clk_cnt_cy<13>)
     MUXCY:CI->O           1   0.019   0.000  buz_ctl/Mcount_clk_cnt_cy<14> (buz_ctl/Mcount_clk_cnt_cy<14>)
     MUXCY:CI->O           1   0.019   0.000  buz_ctl/Mcount_clk_cnt_cy<15> (buz_ctl/Mcount_clk_cnt_cy<15>)
     MUXCY:CI->O           1   0.019   0.000  buz_ctl/Mcount_clk_cnt_cy<16> (buz_ctl/Mcount_clk_cnt_cy<16>)
     MUXCY:CI->O           1   0.019   0.000  buz_ctl/Mcount_clk_cnt_cy<17> (buz_ctl/Mcount_clk_cnt_cy<17>)
     MUXCY:CI->O           0   0.019   0.000  buz_ctl/Mcount_clk_cnt_cy<18> (buz_ctl/Mcount_clk_cnt_cy<18>)
     XORCY:CI->O           1   0.180   0.000  buz_ctl/Mcount_clk_cnt_xor<19> (buz_ctl/Mcount_clk_cnt19)
     FDC:D                     0.102          buz_ctl/clk_cnt_19
    ----------------------------------------
    Total                      4.154ns (1.935ns logic, 2.219ns route)
                                       (46.6% logic, 53.4% route)

=========================================================================
Timing constraint: Default period analysis for Clock 'fteq_div/cnt_l_2'
  Clock period: 2.135ns (frequency: 468.296MHz)
  Total number of paths / destination ports: 10 / 4
-------------------------------------------------------------------------
Delay:               2.135ns (Levels of Logic = 1)
  Source:            spk_ctl/audio_bck_cnt_0 (FF)
  Destination:       spk_ctl/audio_bck_cnt_0 (FF)
  Source Clock:      fteq_div/cnt_l_2 rising
  Destination Clock: fteq_div/cnt_l_2 rising

  Data Path: spk_ctl/audio_bck_cnt_0 to spk_ctl/audio_bck_cnt_0
                                Gate     Net
    Cell:in->out      fanout   Delay   Delay  Logical Name (Net Name)
    ----------------------------------------  ------------
     FDC:C->Q              8   0.447   0.802  spk_ctl/audio_bck_cnt_0 (spk_ctl/audio_bck_cnt_0)
     INV:I->O              1   0.206   0.579  spk_ctl/Mcount_audio_bck_cnt_xor<0>11_INV_0 (spk_ctl/Result<0>)
     FDC:D                     0.102          spk_ctl/audio_bck_cnt_0
    ----------------------------------------
    Total                      2.135ns (0.755ns logic, 1.380ns route)
                                       (35.4% logic, 64.6% route)

=========================================================================
Timing constraint: Default OFFSET IN BEFORE for Clock 'fteq_div/clk_scn_0'
  Total number of paths / destination ports: 50 / 50
-------------------------------------------------------------------------
Offset:              4.228ns (Levels of Logic = 2)
  Source:            pb_in_rst (PAD)
  Destination:       pb_note_2/pb_debounced (FF)
  Destination Clock: fteq_div/clk_scn_0 rising

  Data Path: pb_in_rst to pb_note_2/pb_debounced
                                Gate     Net
    Cell:in->out      fanout   Delay   Delay  Logical Name (Net Name)
    ----------------------------------------  ------------
     IBUF:I->O             1   1.222   0.579  pb_in_rst_IBUF (pb_in_rst_IBUF)
     INV:I->O             87   0.206   1.791  rst1_INV_0 (rst)
     FDC:CLR                   0.430          pb_note_2/debounce_window_0
    ----------------------------------------
    Total                      4.228ns (1.858ns logic, 2.370ns route)
                                       (43.9% logic, 56.1% route)

=========================================================================
Timing constraint: Default OFFSET IN BEFORE for Clock 'clk'
  Total number of paths / destination ports: 38 / 38
-------------------------------------------------------------------------
Offset:              4.228ns (Levels of Logic = 2)
  Source:            pb_in_rst (PAD)
  Destination:       buz_ctl/clk_cnt_0 (FF)
  Destination Clock: clk rising

  Data Path: pb_in_rst to buz_ctl/clk_cnt_0
                                Gate     Net
    Cell:in->out      fanout   Delay   Delay  Logical Name (Net Name)
    ----------------------------------------  ------------
     IBUF:I->O             1   1.222   0.579  pb_in_rst_IBUF (pb_in_rst_IBUF)
     INV:I->O             87   0.206   1.791  rst1_INV_0 (rst)
     FDC:CLR                   0.430          buz_ctl/clk_cnt_0
    ----------------------------------------
    Total                      4.228ns (1.858ns logic, 2.370ns route)
                                       (43.9% logic, 56.1% route)

=========================================================================
Timing constraint: Default OFFSET IN BEFORE for Clock 'fteq_div/cnt_l_2'
  Total number of paths / destination ports: 4 / 4
-------------------------------------------------------------------------
Offset:              4.228ns (Levels of Logic = 2)
  Source:            pb_in_rst (PAD)
  Destination:       spk_ctl/audio_bck_cnt_3 (FF)
  Destination Clock: fteq_div/cnt_l_2 rising

  Data Path: pb_in_rst to spk_ctl/audio_bck_cnt_3
                                Gate     Net
    Cell:in->out      fanout   Delay   Delay  Logical Name (Net Name)
    ----------------------------------------  ------------
     IBUF:I->O             1   1.222   0.579  pb_in_rst_IBUF (pb_in_rst_IBUF)
     INV:I->O             87   0.206   1.791  rst1_INV_0 (rst)
     FDC:CLR                   0.430          spk_ctl/audio_bck_cnt_0
    ----------------------------------------
    Total                      4.228ns (1.858ns logic, 2.370ns route)
                                       (43.9% logic, 56.1% route)

=========================================================================
Timing constraint: Default OFFSET OUT AFTER for Clock 'clk'
  Total number of paths / destination ports: 39 / 22
-------------------------------------------------------------------------
Offset:              5.171ns (Levels of Logic = 4)
  Source:            buz_ctl/b_clk (FF)
  Destination:       audio_data (PAD)
  Source Clock:      clk rising

  Data Path: buz_ctl/b_clk to audio_data
                                Gate     Net
    Cell:in->out      fanout   Delay   Delay  Logical Name (Net Name)
    ----------------------------------------  ------------
     FDC:C->Q              5   0.447   1.079  buz_ctl/b_clk (buz_ctl/b_clk)
     LUT6:I0->O            1   0.203   0.000  spk_ctl/Mmux_audio_data_4 (spk_ctl/Mmux_audio_data_4)
     MUXF7:I1->O           1   0.140   0.000  spk_ctl/Mmux_audio_data_3_f7 (spk_ctl/Mmux_audio_data_3_f7)
     MUXF8:I1->O           1   0.152   0.579  spk_ctl/Mmux_audio_data_2_f8 (audio_data_OBUF)
     OBUF:I->O                 2.571          audio_data_OBUF (audio_data)
    ----------------------------------------
    Total                      5.171ns (3.513ns logic, 1.658ns route)
                                       (67.9% logic, 32.1% route)

=========================================================================
Timing constraint: Default OFFSET OUT AFTER for Clock 'fteq_div/clk_scn_0'
  Total number of paths / destination ports: 140 / 11
-------------------------------------------------------------------------
Offset:              6.934ns (Levels of Logic = 4)
  Source:            voice_set/vol_data_2 (FF)
  Destination:       display<5> (PAD)
  Source Clock:      fteq_div/clk_scn_0 rising

  Data Path: voice_set/vol_data_2 to display<5>
                                Gate     Net
    Cell:in->out      fanout   Delay   Delay  Logical Name (Net Name)
    ----------------------------------------  ------------
     FDCE:C->Q             8   0.447   1.031  voice_set/vol_data_2 (voice_set/vol_data_2)
     LUT3:I0->O            9   0.205   1.077  ftsd_conv/m5/Mram_out111 (ftsd_conv/m5/Mram_out1)
     LUT4:I0->O            2   0.203   0.617  dispB<5>1 (dispB<2>)
     LUT4:I3->O            1   0.205   0.579  ftsd_scn/Mmux_display121 (display_2_OBUF)
     OBUF:I->O                 2.571          display_2_OBUF (display<2>)
    ----------------------------------------
    Total                      6.934ns (3.631ns logic, 3.303ns route)
                                       (52.4% logic, 47.6% route)

=========================================================================
Timing constraint: Default OFFSET OUT AFTER for Clock 'fteq_div/cnt_l_2'
  Total number of paths / destination ports: 15 / 1
-------------------------------------------------------------------------
Offset:              5.990ns (Levels of Logic = 5)
  Source:            spk_ctl/audio_bck_cnt_1 (FF)
  Destination:       audio_data (PAD)
  Source Clock:      fteq_div/cnt_l_2 rising

  Data Path: spk_ctl/audio_bck_cnt_1 to audio_data
                                Gate     Net
    Cell:in->out      fanout   Delay   Delay  Logical Name (Net Name)
    ----------------------------------------  ------------
     FDC:C->Q             11   0.447   1.111  spk_ctl/audio_bck_cnt_1 (spk_ctl/audio_bck_cnt_1)
     LUT3:I0->O            1   0.205   0.580  spk_ctl/Mmux_audio_data_4_SW0 (N2)
     LUT6:I5->O            1   0.205   0.000  spk_ctl/Mmux_audio_data_4 (spk_ctl/Mmux_audio_data_4)
     MUXF7:I1->O           1   0.140   0.000  spk_ctl/Mmux_audio_data_3_f7 (spk_ctl/Mmux_audio_data_3_f7)
     MUXF8:I1->O           1   0.152   0.579  spk_ctl/Mmux_audio_data_2_f8 (audio_data_OBUF)
     OBUF:I->O                 2.571          audio_data_OBUF (audio_data)
    ----------------------------------------
    Total                      5.990ns (3.720ns logic, 2.270ns route)
                                       (62.1% logic, 37.9% route)

=========================================================================
Timing constraint: Default path analysis
  Total number of paths / destination ports: 1 / 1
-------------------------------------------------------------------------
Delay:               4.372ns (Levels of Logic = 2)
  Source:            clk (PAD)
  Destination:       audio_sysclk (PAD)

  Data Path: clk to audio_sysclk
                                Gate     Net
    Cell:in->out      fanout   Delay   Delay  Logical Name (Net Name)
    ----------------------------------------  ------------
     IBUF:I->O             1   1.222   0.579  clk_IBUF (clk_IBUF)
     OBUF:I->O                 2.571          audio_sysclk_OBUF (audio_sysclk)
    ----------------------------------------
    Total                      4.372ns (3.793ns logic, 0.579ns route)
                                       (86.8% logic, 13.2% route)

=========================================================================

Cross Clock Domains Report:
--------------------------

Clock to Setup on destination clock clk
------------------+---------+---------+---------+---------+
                  | Src:Rise| Src:Fall| Src:Rise| Src:Fall|
Source Clock      |Dest:Rise|Dest:Rise|Dest:Fall|Dest:Fall|
------------------+---------+---------+---------+---------+
clk               |    4.154|         |         |         |
fteq_div/clk_scn_0|    5.388|         |         |         |
------------------+---------+---------+---------+---------+

Clock to Setup on destination clock fteq_div/clk_scn_0
------------------+---------+---------+---------+---------+
                  | Src:Rise| Src:Fall| Src:Rise| Src:Fall|
Source Clock      |Dest:Rise|Dest:Rise|Dest:Fall|Dest:Fall|
------------------+---------+---------+---------+---------+
fteq_div/clk_scn_0|    5.271|         |         |         |
------------------+---------+---------+---------+---------+

Clock to Setup on destination clock fteq_div/cnt_l_2
----------------+---------+---------+---------+---------+
                | Src:Rise| Src:Fall| Src:Rise| Src:Fall|
Source Clock    |Dest:Rise|Dest:Rise|Dest:Fall|Dest:Fall|
----------------+---------+---------+---------+---------+
fteq_div/cnt_l_2|    2.135|         |         |         |
----------------+---------+---------+---------+---------+

=========================================================================


Total REAL time to Xst completion: 5.00 secs
Total CPU time to Xst completion: 5.37 secs
 
--> 

Total memory usage is 239924 kilobytes

Number of errors   :    0 (   0 filtered)
Number of warnings :   17 (   0 filtered)
Number of infos    :   19 (   0 filtered)

