
****** PlanAhead v14.7 (64-bit)
  **** Build 321239 by xbuild on Fri Sep 27 19:29:51 MDT 2013
    ** Copyright 1986-1999, 2001-2013 Xilinx, Inc. All Rights Reserved.

INFO: [Common 17-78] Attempting to get a license: PlanAhead
INFO: [Common 17-290] Got license for PlanAhead
INFO: [Device 21-36] Loading parts and site information from C:/XilinxISE/14.7/ISE_DS/PlanAhead/data/parts/arch.xml
Parsing RTL primitives file [C:/XilinxISE/14.7/ISE_DS/PlanAhead/data/parts/xilinx/rtl/prims/rtl_prims.xml]
Finished parsing RTL primitives file [C:/XilinxISE/14.7/ISE_DS/PlanAhead/data/parts/xilinx/rtl/prims/rtl_prims.xml]
start_gui
source D:/Programming/EE2230/Lab5_b/pa.fromHdl.tcl
# create_project -name Lab5_b -dir "D:/Programming/EE2230/Lab5_b/planAhead_run_1" -part xc6slx16csg324-3
# set_param project.pinAheadLayout yes
# set srcset [get_property srcset [current_run -impl]]
# set_property target_constrs_file "display.ucf" [current_fileset -constrset]
Adding file 'D:/Programming/EE2230/Lab5_b/display.ucf' to fileset 'constrs_1'
# set hdlfile [add_files [list {one_pulse.v}]]
# set_property file_type Verilog $hdlfile
# set_property library work $hdlfile
# set hdlfile [add_files [list {FTSD_Decoder.v}]]
# set_property file_type Verilog $hdlfile
# set_property library work $hdlfile
# set hdlfile [add_files [list {debounce_circuit.v}]]
# set_property file_type Verilog $hdlfile
# set_property library work $hdlfile
# set hdlfile [add_files [list {scan_control.v}]]
# set_property file_type Verilog $hdlfile
# set_property library work $hdlfile
# set hdlfile [add_files [list {rst_fsm.v}]]
# set_property file_type Verilog $hdlfile
# set_property library work $hdlfile
# set hdlfile [add_files [list {push_button.v}]]
# set_property file_type Verilog $hdlfile
# set_property library work $hdlfile
# set hdlfile [add_files [list {fsm.v}]]
# set_property file_type Verilog $hdlfile
# set_property library work $hdlfile
# set hdlfile [add_files [list {frequency_divider.v}]]
# set_property file_type Verilog $hdlfile
# set_property library work $hdlfile
# set hdlfile [add_files [list {downcounter_2d.v}]]
# set_property file_type Verilog $hdlfile
# set_property library work $hdlfile
# set hdlfile [add_files [list {clock_generator.v}]]
# set_property file_type Verilog $hdlfile
# set_property library work $hdlfile
# set hdlfile [add_files [list {stopwatch.v}]]
# set_property file_type Verilog $hdlfile
# set_property library work $hdlfile
# set_property top stopwatch $srcset
# add_files [list {display.ucf}] -fileset [get_property constrset [current_run]]
# open_rtl_design -part xc6slx16csg324-3
Using Verific elaboration
Parsing VHDL file "C:/XilinxISE/14.7/ISE_DS/PlanAhead/data/parts/xilinx/rtl/lib/synplify/synattr.vhd" into library synplify
Analyzing Verilog file "D:/Programming/EE2230/Lab5_b/one_pulse.v" into library work
Parsing verilog file "global.v" included at line 9. [D:/Programming/EE2230/Lab5_b/one_pulse.v:9]
Analyzing Verilog file "D:/Programming/EE2230/Lab5_b/FTSD_Decoder.v" into library work
Parsing verilog file "global.v" included at line 9. [D:/Programming/EE2230/Lab5_b/FTSD_Decoder.v:9]
Analyzing Verilog file "D:/Programming/EE2230/Lab5_b/debounce_circuit.v" into library work
Parsing verilog file "global.v" included at line 9. [D:/Programming/EE2230/Lab5_b/debounce_circuit.v:9]
Analyzing Verilog file "D:/Programming/EE2230/Lab5_b/scan_control.v" into library work
Parsing verilog file "global.v" included at line 9. [D:/Programming/EE2230/Lab5_b/scan_control.v:9]
Analyzing Verilog file "D:/Programming/EE2230/Lab5_b/rst_fsm.v" into library work
Parsing verilog file "global.v" included at line 9. [D:/Programming/EE2230/Lab5_b/rst_fsm.v:9]
Analyzing Verilog file "D:/Programming/EE2230/Lab5_b/push_button.v" into library work
Analyzing Verilog file "D:/Programming/EE2230/Lab5_b/fsm.v" into library work
Parsing verilog file "global.v" included at line 9. [D:/Programming/EE2230/Lab5_b/fsm.v:9]
Analyzing Verilog file "D:/Programming/EE2230/Lab5_b/frequency_divider.v" into library work
Parsing verilog file "global.v" included at line 9. [D:/Programming/EE2230/Lab5_b/frequency_divider.v:9]
Analyzing Verilog file "D:/Programming/EE2230/Lab5_b/downcounter_2d.v" into library work
Parsing verilog file "global.v" included at line 9. [D:/Programming/EE2230/Lab5_b/downcounter_2d.v:9]
Analyzing Verilog file "D:/Programming/EE2230/Lab5_b/clock_generator.v" into library work
Parsing verilog file "global.v" included at line 9. [D:/Programming/EE2230/Lab5_b/clock_generator.v:9]
Analyzing Verilog file "D:/Programming/EE2230/Lab5_b/stopwatch.v" into library work
Parsing verilog file "global.v" included at line 9. [D:/Programming/EE2230/Lab5_b/stopwatch.v:9]
Loading clock regions from C:/XilinxISE/14.7/ISE_DS/PlanAhead/data\parts/xilinx/spartan6/spartan6lx/xc6slx16/ClockRegion.xml
Loading clock buffers from C:/XilinxISE/14.7/ISE_DS/PlanAhead/data\parts/xilinx/spartan6/spartan6lx/xc6slx16/ClockBuffers.xml
Loading package pin functions from C:/XilinxISE/14.7/ISE_DS/PlanAhead/data\parts/xilinx/spartan6/PinFunctions.xml...
Loading package from C:/XilinxISE/14.7/ISE_DS/PlanAhead/data\parts/xilinx/spartan6/spartan6lx/xc6slx16/csg324/Package.xml
Loading io standards from C:/XilinxISE/14.7/ISE_DS/PlanAhead/data\./parts/xilinx/spartan6/IOStandards.xml
Loading device configuration modes from C:/XilinxISE/14.7/ISE_DS/PlanAhead/data\parts/xilinx/spartan6/ConfigModes.xml
Loading list of drcs for the architecture : C:/XilinxISE/14.7/ISE_DS/PlanAhead/data\./parts/xilinx/spartan6/drc.xml
Parsing UCF File [D:/Programming/EE2230/Lab5_b/display.ucf]
Finished Parsing UCF File [D:/Programming/EE2230/Lab5_b/display.ucf]
INFO: [Project 1-111] Unisim Transformation Summary:
No Unisim elements were transformed.

Phase 0 | Netlist Checksum: 394342c4
open_rtl_design: Time (s): elapsed = 00:00:06 . Memory (MB): peak = 626.363 ; gain = 167.352
update_compile_order -fileset sim_1
refresh_design
Using Verific elaboration
Parsing VHDL file "C:/XilinxISE/14.7/ISE_DS/PlanAhead/data/parts/xilinx/rtl/lib/synplify/synattr.vhd" into library synplify
Analyzing Verilog file "D:/Programming/EE2230/Lab5_b/one_pulse.v" into library work
Parsing verilog file "global.v" included at line 9. [D:/Programming/EE2230/Lab5_b/one_pulse.v:9]
Analyzing Verilog file "D:/Programming/EE2230/Lab5_b/FTSD_Decoder.v" into library work
Parsing verilog file "global.v" included at line 9. [D:/Programming/EE2230/Lab5_b/FTSD_Decoder.v:9]
Analyzing Verilog file "D:/Programming/EE2230/Lab5_b/debounce_circuit.v" into library work
Parsing verilog file "global.v" included at line 9. [D:/Programming/EE2230/Lab5_b/debounce_circuit.v:9]
Analyzing Verilog file "D:/Programming/EE2230/Lab5_b/scan_control.v" into library work
Parsing verilog file "global.v" included at line 9. [D:/Programming/EE2230/Lab5_b/scan_control.v:9]
Analyzing Verilog file "D:/Programming/EE2230/Lab5_b/rst_fsm.v" into library work
Parsing verilog file "global.v" included at line 9. [D:/Programming/EE2230/Lab5_b/rst_fsm.v:9]
Analyzing Verilog file "D:/Programming/EE2230/Lab5_b/push_button.v" into library work
Analyzing Verilog file "D:/Programming/EE2230/Lab5_b/fsm.v" into library work
Parsing verilog file "global.v" included at line 9. [D:/Programming/EE2230/Lab5_b/fsm.v:9]
Analyzing Verilog file "D:/Programming/EE2230/Lab5_b/frequency_divider.v" into library work
Parsing verilog file "global.v" included at line 9. [D:/Programming/EE2230/Lab5_b/frequency_divider.v:9]
Analyzing Verilog file "D:/Programming/EE2230/Lab5_b/downcounter_2d.v" into library work
Parsing verilog file "global.v" included at line 9. [D:/Programming/EE2230/Lab5_b/downcounter_2d.v:9]
Analyzing Verilog file "D:/Programming/EE2230/Lab5_b/clock_generator.v" into library work
Parsing verilog file "global.v" included at line 9. [D:/Programming/EE2230/Lab5_b/clock_generator.v:9]
Analyzing Verilog file "D:/Programming/EE2230/Lab5_b/stopwatch.v" into library work
Parsing verilog file "global.v" included at line 9. [D:/Programming/EE2230/Lab5_b/stopwatch.v:9]
Parsing UCF File [D:/Programming/EE2230/Lab5_b/display.ucf]
Finished Parsing UCF File [D:/Programming/EE2230/Lab5_b/display.ucf]
