Running: C:\XilinxISE\14.7\ISE_DS\ISE\bin\nt64\unwrapped\fuse.exe -intstyle ise -incremental -lib unisims_ver -lib unimacro_ver -lib xilinxcorelib_ver -lib secureip -o D:/Programming/EE2230/Lab1/FullAdder_Test_isim_beh.exe -prj D:/Programming/EE2230/Lab1/FullAdder_Test_beh.prj work.FullAdder_Test work.glbl 
ISim P.20131013 (signature 0x7708f090)
Number of CPUs detected in this system: 8
Turning on mult-threading, number of parallel sub-compilation jobs: 16 
Determining compilation order of HDL files
Analyzing Verilog file "D:/Programming/EE2230/Lab1/HalfAdder.v" into library work
Analyzing Verilog file "D:/Programming/EE2230/Lab1/FullAdder.v" into library work
Analyzing Verilog file "D:/Programming/EE2230/Lab1/FullAdder_Test.v" into library work
Analyzing Verilog file "C:/XilinxISE/14.7/ISE_DS/ISE//verilog/src/glbl.v" into library work
Starting static elaboration
Completed static elaboration
Compiling module HalfAdder
Compiling module FullAdder
Compiling module FullAdder_Test
Compiling module glbl
Time Resolution for simulation is 1ps.
Compiled 4 Verilog Units
Built simulation executable D:/Programming/EE2230/Lab1/FullAdder_Test_isim_beh.exe
Fuse Memory Usage: 25780 KB
Fuse CPU Usage: 343 ms
