--------------------------------------------------------------------------------
Release 14.7 Trace  (nt64)
Copyright (c) 1995-2013 Xilinx, Inc.  All rights reserved.

C:\XilinxISE\14.7\ISE_DS\ISE\bin\nt64\unwrapped\trce.exe -intstyle ise -v 3 -s
3 -n 3 -fastpaths -xml stopwatch.twx stopwatch.ncd -o stopwatch.twr
stopwatch.pcf -ucf display.ucf

Design file:              stopwatch.ncd
Physical constraint file: stopwatch.pcf
Device,package,speed:     xc6slx16,csg324,C,-3 (PRODUCTION 1.23 2013-10-13)
Report level:             verbose report

Environment Variable      Effect 
--------------------      ------ 
NONE                      No environment variables were set
--------------------------------------------------------------------------------

INFO:Timing:2698 - No timing constraints found, doing default enumeration.
INFO:Timing:3412 - To improve timing, see the Timing Closure User Guide (UG612).
INFO:Timing:2752 - To get complete path coverage, use the unconstrained paths 
   option. All paths that are not constrained will be reported in the 
   unconstrained paths section(s) of the report.
INFO:Timing:3339 - The clock-to-out numbers in this timing report are based on 
   a 50 Ohm transmission line loading model.  For the details of this model, 
   and for more information on accounting for different loading conditions, 
   please see the device datasheet.



Data Sheet report:
-----------------
All values displayed in nanoseconds (ns)

Setup/Hold to clock oscillator
------------+------------+------------+------------+------------+------------------+--------+
            |Max Setup to|  Process   |Max Hold to |  Process   |                  | Clock  |
Source      | clk (edge) |   Corner   | clk (edge) |   Corner   |Internal Clock(s) | Phase  |
------------+------------+------------+------------+------------+------------------+--------+
rst_n       |    2.409(R)|      SLOW  |   -0.031(R)|      SLOW  |oscillator_BUFGP  |   0.000|
------------+------------+------------+------------+------------+------------------+--------+

Clock oscillator to Pad
------------+-----------------+------------+-----------------+------------+------------------+--------+
            |Max (slowest) clk|  Process   |Min (fastest) clk|  Process   |                  | Clock  |
Destination |  (edge) to PAD  |   Corner   |  (edge) to PAD  |   Corner   |Internal Clock(s) | Phase  |
------------+-----------------+------------+-----------------+------------+------------------+--------+
display<2>  |         8.399(R)|      SLOW  |         4.376(R)|      FAST  |oscillator_BUFGP  |   0.000|
display<5>  |         8.114(R)|      SLOW  |         4.190(R)|      FAST  |oscillator_BUFGP  |   0.000|
display<7>  |         8.343(R)|      SLOW  |         4.412(R)|      FAST  |oscillator_BUFGP  |   0.000|
display<8>  |         8.290(R)|      SLOW  |         4.322(R)|      FAST  |oscillator_BUFGP  |   0.000|
display<9>  |         8.545(R)|      SLOW  |         4.480(R)|      FAST  |oscillator_BUFGP  |   0.000|
display<10> |         8.861(R)|      SLOW  |         4.277(R)|      FAST  |oscillator_BUFGP  |   0.000|
display<11> |         9.205(R)|      SLOW  |         4.461(R)|      FAST  |oscillator_BUFGP  |   0.000|
display<12> |         9.578(R)|      SLOW  |         4.019(R)|      FAST  |oscillator_BUFGP  |   0.000|
display<13> |         8.833(R)|      SLOW  |         4.457(R)|      FAST  |oscillator_BUFGP  |   0.000|
display<14> |         9.340(R)|      SLOW  |         4.373(R)|      FAST  |oscillator_BUFGP  |   0.000|
display<17> |         7.713(R)|      SLOW  |         4.023(R)|      FAST  |oscillator_BUFGP  |   0.000|
display<18> |         7.788(R)|      SLOW  |         4.075(R)|      FAST  |oscillator_BUFGP  |   0.000|
------------+-----------------+------------+-----------------+------------+------------------+--------+

Clock to Setup on destination clock oscillator
---------------+---------+---------+---------+---------+
               | Src:Rise| Src:Fall| Src:Rise| Src:Fall|
Source Clock   |Dest:Rise|Dest:Rise|Dest:Fall|Dest:Fall|
---------------+---------+---------+---------+---------+
oscillator     |    3.449|         |         |         |
---------------+---------+---------+---------+---------+


Analysis completed Tue Apr 14 23:03:04 2015 
--------------------------------------------------------------------------------

Trace Settings:
-------------------------
Trace Settings 

Peak Memory Usage: 238 MB



