Release 14.7 - xst P.20131013 (nt64)
Copyright (c) 1995-2013 Xilinx, Inc.  All rights reserved.
--> Parameter TMPDIR set to xst/projnav.tmp


Total REAL time to Xst completion: 1.00 secs
Total CPU time to Xst completion: 0.11 secs
 
--> Parameter xsthdpdir set to xst


Total REAL time to Xst completion: 1.00 secs
Total CPU time to Xst completion: 0.11 secs
 
--> Reading design: stopwatch.prj

TABLE OF CONTENTS
  1) Synthesis Options Summary
  2) HDL Parsing
  3) HDL Elaboration
  4) HDL Synthesis
       4.1) HDL Synthesis Report
  5) Advanced HDL Synthesis
       5.1) Advanced HDL Synthesis Report
  6) Low Level Synthesis
  7) Partition Report
  8) Design Summary
       8.1) Primitive and Black Box Usage
       8.2) Device utilization summary
       8.3) Partition Resource Summary
       8.4) Timing Report
            8.4.1) Clock Information
            8.4.2) Asynchronous Control Signals Information
            8.4.3) Timing Summary
            8.4.4) Timing Details
            8.4.5) Cross Clock Domains Report


=========================================================================
*                      Synthesis Options Summary                        *
=========================================================================
---- Source Parameters
Input File Name                    : "stopwatch.prj"
Ignore Synthesis Constraint File   : NO

---- Target Parameters
Output File Name                   : "stopwatch"
Output Format                      : NGC
Target Device                      : xc6slx16-3-csg324

---- Source Options
Top Module Name                    : stopwatch
Automatic FSM Extraction           : YES
FSM Encoding Algorithm             : Auto
Safe Implementation                : No
FSM Style                          : LUT
RAM Extraction                     : Yes
RAM Style                          : Auto
ROM Extraction                     : Yes
Shift Register Extraction          : YES
ROM Style                          : Auto
Resource Sharing                   : YES
Asynchronous To Synchronous        : NO
Shift Register Minimum Size        : 2
Use DSP Block                      : Auto
Automatic Register Balancing       : No

---- Target Options
LUT Combining                      : Auto
Reduce Control Sets                : Auto
Add IO Buffers                     : YES
Global Maximum Fanout              : 100000
Add Generic Clock Buffer(BUFG)     : 16
Register Duplication               : YES
Optimize Instantiated Primitives   : NO
Use Clock Enable                   : Auto
Use Synchronous Set                : Auto
Use Synchronous Reset              : Auto
Pack IO Registers into IOBs        : Auto
Equivalent register Removal        : YES

---- General Options
Optimization Goal                  : Speed
Optimization Effort                : 1
Power Reduction                    : NO
Keep Hierarchy                     : No
Netlist Hierarchy                  : As_Optimized
RTL Output                         : Yes
Global Optimization                : AllClockNets
Read Cores                         : YES
Write Timing Constraints           : NO
Cross Clock Analysis               : NO
Hierarchy Separator                : /
Bus Delimiter                      : <>
Case Specifier                     : Maintain
Slice Utilization Ratio            : 100
BRAM Utilization Ratio             : 100
DSP48 Utilization Ratio            : 100
Auto BRAM Packing                  : NO
Slice Utilization Ratio Delta      : 5

=========================================================================


=========================================================================
*                          HDL Parsing                                  *
=========================================================================
Analyzing Verilog file "D:\Programming\EE2230\Lab5_b\one_pulse.v" into library work
Parsing verilog file "global.v" included at line 9.
Parsing module <one_pulse>.
Analyzing Verilog file "D:\Programming\EE2230\Lab5_b\FTSD_Decoder.v" into library work
Parsing verilog file "global.v" included at line 9.
Parsing module <FTSD_Decoder>.
Analyzing Verilog file "D:\Programming\EE2230\Lab5_b\debounce_circuit.v" into library work
Parsing verilog file "global.v" included at line 9.
Parsing module <debounce>.
Analyzing Verilog file "D:\Programming\EE2230\Lab5_b\scan_control.v" into library work
Parsing verilog file "global.v" included at line 9.
Parsing module <scan_control>.
Analyzing Verilog file "D:\Programming\EE2230\Lab5_b\rst_fsm.v" into library work
Parsing verilog file "global.v" included at line 9.
Parsing module <rst_fsm>.
WARNING:HDLCompiler:370 - "D:\Programming\EE2230\Lab5_b\rst_fsm.v" Line 20: Empty port in module declaration
Analyzing Verilog file "D:\Programming\EE2230\Lab5_b\push_button.v" into library work
Parsing module <push_button>.
Analyzing Verilog file "D:\Programming\EE2230\Lab5_b\fsm.v" into library work
Parsing verilog file "global.v" included at line 9.
Parsing module <fsm>.
Analyzing Verilog file "D:\Programming\EE2230\Lab5_b\frequency_divider.v" into library work
Parsing verilog file "global.v" included at line 9.
Parsing module <frequency_divider>.
Analyzing Verilog file "D:\Programming\EE2230\Lab5_b\downcounter_2d.v" into library work
Parsing verilog file "global.v" included at line 9.
Parsing module <downcounter_2d>.
Analyzing Verilog file "D:\Programming\EE2230\Lab5_b\clock_generator.v" into library work
Parsing verilog file "global.v" included at line 9.
Parsing module <clock_generator>.
Analyzing Verilog file "D:\Programming\EE2230\Lab5_b\stopwatch.v" into library work
Parsing verilog file "global.v" included at line 9.
Parsing module <stopwatch>.

=========================================================================
*                            HDL Elaboration                            *
=========================================================================
WARNING:HDLCompiler:1016 - "D:\Programming\EE2230\Lab5_b\stopwatch.v" Line 51: Port clk_cnt is not connected to this instance
WARNING:HDLCompiler:1016 - "D:\Programming\EE2230\Lab5_b\stopwatch.v" Line 65: Port debounced is not connected to this instance
WARNING:HDLCompiler:1016 - "D:\Programming\EE2230\Lab5_b\stopwatch.v" Line 72: Port debounced is not connected to this instance
WARNING:HDLCompiler:1016 - "D:\Programming\EE2230\Lab5_b\stopwatch.v" Line 102: Port in3 is not connected to this instance

Elaborating module <stopwatch>.

Elaborating module <clock_generator>.

Elaborating module <frequency_divider>.

Elaborating module <push_button>.

Elaborating module <debounce>.

Elaborating module <one_pulse>.
WARNING:HDLCompiler:1127 - "D:\Programming\EE2230\Lab5_b\stopwatch.v" Line 62: Assignment to rst_tmp ignored, since the identifier is never used

Elaborating module <fsm>.

Elaborating module <rst_fsm>.

Elaborating module <downcounter_2d>.

Elaborating module <FTSD_Decoder>.

Elaborating module <scan_control>.
WARNING:HDLCompiler:552 - "D:\Programming\EE2230\Lab5_b\stopwatch.v" Line 102: Input port in3[14] is not connected on this instance

=========================================================================
*                           HDL Synthesis                               *
=========================================================================

Synthesizing Unit <stopwatch>.
    Related source file is "D:\Programming\EE2230\Lab5_b\stopwatch.v".
WARNING:Xst:2898 - Port 'p1', unconnected in block instance 'reset_val', is tied to GND.
WARNING:Xst:2898 - Port 'in3', unconnected in block instance 'scn', is tied to GND.
WARNING:Xst:2898 - Port 'in4', unconnected in block instance 'scn', is tied to GND.
INFO:Xst:3210 - "D:\Programming\EE2230\Lab5_b\stopwatch.v" line 51: Output port <clk_cnt> of the instance <freq_div> is unconnected or connected to loadless signal.
INFO:Xst:3210 - "D:\Programming\EE2230\Lab5_b\stopwatch.v" line 57: Output port <debounced> of the instance <cnt_en_pb> is unconnected or connected to loadless signal.
INFO:Xst:3210 - "D:\Programming\EE2230\Lab5_b\stopwatch.v" line 65: Output port <debounced> of the instance <rst_en_pb> is unconnected or connected to loadless signal.
INFO:Xst:3210 - "D:\Programming\EE2230\Lab5_b\stopwatch.v" line 72: Output port <debounced> of the instance <rst_val_pb> is unconnected or connected to loadless signal.
    Summary:
	no macro.
Unit <stopwatch> synthesized.

Synthesizing Unit <clock_generator>.
    Related source file is "D:\Programming\EE2230\Lab5_b\clock_generator.v".
    Found 18-bit register for signal <count_200K>.
    Found 25-bit register for signal <count_20M>.
    Found 1-bit register for signal <clk_1>.
    Found 1-bit register for signal <clk_100>.
    Found 25-bit adder for signal <count_20M[24]_GND_2_o_add_1_OUT> created at line 41.
    Found 18-bit adder for signal <count_200K[17]_GND_2_o_add_5_OUT> created at line 70.
    Summary:
	inferred   2 Adder/Subtractor(s).
	inferred  45 D-type flip-flop(s).
	inferred   2 Multiplexer(s).
Unit <clock_generator> synthesized.

Synthesizing Unit <frequency_divider>.
    Related source file is "D:\Programming\EE2230\Lab5_b\frequency_divider.v".
    Found 2-bit register for signal <clk_scn>.
    Found 7-bit register for signal <cnt_h>.
    Found 15-bit register for signal <cnt_l>.
    Found 1-bit register for signal <clk_cnt>.
    Found 25-bit adder for signal <cnt_tmp> created at line 30.
    Summary:
	inferred   1 Adder/Subtractor(s).
	inferred  25 D-type flip-flop(s).
Unit <frequency_divider> synthesized.

Synthesizing Unit <push_button>.
    Related source file is "D:\Programming\EE2230\Lab5_b\push_button.v".
    Summary:
	no macro.
Unit <push_button> synthesized.

Synthesizing Unit <debounce>.
    Related source file is "D:\Programming\EE2230\Lab5_b\debounce_circuit.v".
    Found 4-bit register for signal <debounce_window>.
    Found 1-bit register for signal <pb_debounced>.
    Summary:
	inferred   5 D-type flip-flop(s).
Unit <debounce> synthesized.

Synthesizing Unit <one_pulse>.
    Related source file is "D:\Programming\EE2230\Lab5_b\one_pulse.v".
    Found 1-bit register for signal <out_pulse>.
    Found 1-bit register for signal <in_trig_delay>.
    Summary:
	inferred   2 D-type flip-flop(s).
Unit <one_pulse> synthesized.

Synthesizing Unit <fsm>.
    Related source file is "D:\Programming\EE2230\Lab5_b\fsm.v".
    Found 1-bit register for signal <state>.
    Summary:
	inferred   1 D-type flip-flop(s).
	inferred   1 Multiplexer(s).
Unit <fsm> synthesized.

Synthesizing Unit <rst_fsm>.
    Related source file is "D:\Programming\EE2230\Lab5_b\rst_fsm.v".
    Found 8-bit register for signal <rst_value>.
    Found 1-bit register for signal <state>.
    Summary:
	inferred   9 D-type flip-flop(s).
	inferred   2 Multiplexer(s).
Unit <rst_fsm> synthesized.

Synthesizing Unit <downcounter_2d>.
    Related source file is "D:\Programming\EE2230\Lab5_b\downcounter_2d.v".
    Found 1-bit register for signal <bcd_u<3>>.
    Found 1-bit register for signal <bcd_u<2>>.
    Found 1-bit register for signal <bcd_u<1>>.
    Found 1-bit register for signal <bcd_u<0>>.
    Found 1-bit register for signal <bcd_t<3>>.
    Found 1-bit register for signal <bcd_t<2>>.
    Found 1-bit register for signal <bcd_t<1>>.
    Found 1-bit register for signal <bcd_t<0>>.
    Found 4-bit subtractor for signal <bcd_t[3]_GND_11_o_sub_4_OUT> created at line 39.
    Found 4-bit subtractor for signal <bcd_u[3]_GND_11_o_sub_5_OUT> created at line 42.
    Summary:
	inferred   2 Adder/Subtractor(s).
	inferred   8 D-type flip-flop(s).
	inferred   6 Multiplexer(s).
Unit <downcounter_2d> synthesized.

Synthesizing Unit <FTSD_Decoder>.
    Related source file is "D:\Programming\EE2230\Lab5_b\FTSD_Decoder.v".
    Found 16x15-bit Read Only RAM for signal <ftsd>
    Summary:
	inferred   1 RAM(s).
Unit <FTSD_Decoder> synthesized.

Synthesizing Unit <scan_control>.
    Related source file is "D:\Programming\EE2230\Lab5_b\scan_control.v".
WARNING:Xst:647 - Input <in3> is never used. This port will be preserved and left unconnected if it belongs to a top-level block or it belongs to a sub-block and the hierarchy of this sub-block is preserved.
WARNING:Xst:647 - Input <in4> is never used. This port will be preserved and left unconnected if it belongs to a top-level block or it belongs to a sub-block and the hierarchy of this sub-block is preserved.
    Summary:
	no macro.
Unit <scan_control> synthesized.

=========================================================================
HDL Synthesis Report

Macro Statistics
# RAMs                                                 : 2
 16x15-bit single-port Read Only RAM                   : 2
# Adders/Subtractors                                   : 5
 18-bit adder                                          : 1
 25-bit adder                                          : 2
 4-bit subtractor                                      : 2
# Registers                                            : 31
 1-bit register                                        : 22
 15-bit register                                       : 1
 18-bit register                                       : 1
 2-bit register                                        : 1
 25-bit register                                       : 1
 4-bit register                                        : 3
 7-bit register                                        : 1
 8-bit register                                        : 1
# Multiplexers                                         : 11
 1-bit 2-to-1 multiplexer                              : 2
 18-bit 2-to-1 multiplexer                             : 1
 25-bit 2-to-1 multiplexer                             : 1
 4-bit 2-to-1 multiplexer                              : 6
 8-bit 2-to-1 multiplexer                              : 1

=========================================================================

=========================================================================
*                       Advanced HDL Synthesis                          *
=========================================================================


Synthesizing (advanced) Unit <FTSD_Decoder>.
INFO:Xst:3218 - HDL ADVISOR - The RAM <Mram_ftsd> will be implemented on LUTs either because you have described an asynchronous read or because of currently unsupported block RAM features. If you have described an asynchronous read, making it synchronous would allow you to take advantage of available block RAM resources, for optimized device usage and improved timings. Please refer to your documentation for coding guidelines.
    -----------------------------------------------------------------------
    | ram_type           | Distributed                         |          |
    -----------------------------------------------------------------------
    | Port A                                                              |
    |     aspect ratio   | 16-word x 15-bit                    |          |
    |     weA            | connected to signal <GND>           | high     |
    |     addrA          | connected to signal <bcd>           |          |
    |     diA            | connected to signal <GND>           |          |
    |     doA            | connected to signal <ftsd>          |          |
    -----------------------------------------------------------------------
Unit <FTSD_Decoder> synthesized (advanced).

Synthesizing (advanced) Unit <clock_generator>.
The following registers are absorbed into counter <count_200K>: 1 register on signal <count_200K>.
The following registers are absorbed into counter <count_20M>: 1 register on signal <count_20M>.
Unit <clock_generator> synthesized (advanced).

=========================================================================
Advanced HDL Synthesis Report

Macro Statistics
# RAMs                                                 : 2
 16x15-bit single-port distributed Read Only RAM       : 2
# Adders/Subtractors                                   : 3
 25-bit adder                                          : 1
 4-bit subtractor                                      : 2
# Counters                                             : 2
 18-bit up counter                                     : 1
 25-bit up counter                                     : 1
# Registers                                            : 66
 Flip-Flops                                            : 66
# Multiplexers                                         : 9
 1-bit 2-to-1 multiplexer                              : 2
 4-bit 2-to-1 multiplexer                              : 6
 8-bit 2-to-1 multiplexer                              : 1

=========================================================================

=========================================================================
*                         Low Level Synthesis                           *
=========================================================================
WARNING:Xst:1710 - FF/Latch <rst_value_0> (without init value) has a constant value of 0 in block <rst_fsm>. This FF/Latch will be trimmed during the optimization process.
WARNING:Xst:1895 - Due to other FF/Latch trimming, FF/Latch <rst_value_1> (without init value) has a constant value of 0 in block <rst_fsm>. This FF/Latch will be trimmed during the optimization process.
WARNING:Xst:1895 - Due to other FF/Latch trimming, FF/Latch <rst_value_2> (without init value) has a constant value of 0 in block <rst_fsm>. This FF/Latch will be trimmed during the optimization process.
WARNING:Xst:1895 - Due to other FF/Latch trimming, FF/Latch <rst_value_3> (without init value) has a constant value of 0 in block <rst_fsm>. This FF/Latch will be trimmed during the optimization process.
WARNING:Xst:1895 - Due to other FF/Latch trimming, FF/Latch <rst_value_5> (without init value) has a constant value of 1 in block <rst_fsm>. This FF/Latch will be trimmed during the optimization process.
WARNING:Xst:1895 - Due to other FF/Latch trimming, FF/Latch <rst_value_7> (without init value) has a constant value of 0 in block <rst_fsm>. This FF/Latch will be trimmed during the optimization process.
INFO:Xst:2261 - The FF/Latch <state> in Unit <rst_fsm> is equivalent to the following FF/Latch, which will be removed : <rst_value_6> 
WARNING:Xst:3002 - This design contains one or more registers/latches that are directly
   incompatible with the Spartan6 architecture. The two primary causes of this is
   either a register or latch described with both an asynchronous set and
   asynchronous reset, or a register or latch described with an asynchronous
   set or reset which however has an initialization value of the opposite 
   polarity (i.e. asynchronous reset with an initialization value of 1).
    While this circuit can be built, it creates a sub-optimal implementation
   in terms of area, power and performance. For a more optimal implementation
   Xilinx highly recommends one of the following:

          1) Remove either the set or reset from all registers and latches
             if not needed for required functionality
          2) Modify the code in order to produce a synchronous set
             and/or reset (both is preferred)
          3) Ensure all registers have the same initialization value as the
             described asynchronous set or reset polarity
          4) Use the -async_to_sync option to transform the asynchronous
             set/reset to synchronous operation
             (timing simulation highly recommended when using this option)

  Please refer to http://www.xilinx.com search string "Spartan6 asynchronous set/reset" for more details.

  List of register instances with asynchronous set and reset:
    bcd_t_3 in unit <downcounter_2d>
    bcd_u_3 in unit <downcounter_2d>
    bcd_t_0 in unit <downcounter_2d>
    bcd_t_1 in unit <downcounter_2d>
    bcd_t_2 in unit <downcounter_2d>
    bcd_u_0 in unit <downcounter_2d>
    bcd_u_2 in unit <downcounter_2d>
    bcd_u_1 in unit <downcounter_2d>


Optimizing unit <stopwatch> ...

Optimizing unit <clock_generator> ...

Optimizing unit <frequency_divider> ...

Optimizing unit <debounce> ...

Optimizing unit <downcounter_2d> ...
WARNING:Xst:1710 - FF/Latch <down_cnt/bcd_t_3> (without init value) has a constant value of 0 in block <stopwatch>. This FF/Latch will be trimmed during the optimization process.
WARNING:Xst:2677 - Node <freq_div/clk_cnt> of sequential type is unconnected in block <stopwatch>.
WARNING:Xst:2677 - Node <freq_div/cnt_h_6> of sequential type is unconnected in block <stopwatch>.
WARNING:Xst:2677 - Node <freq_div/cnt_h_5> of sequential type is unconnected in block <stopwatch>.
WARNING:Xst:2677 - Node <freq_div/cnt_h_4> of sequential type is unconnected in block <stopwatch>.
WARNING:Xst:2677 - Node <freq_div/cnt_h_3> of sequential type is unconnected in block <stopwatch>.
WARNING:Xst:2677 - Node <freq_div/cnt_h_2> of sequential type is unconnected in block <stopwatch>.
WARNING:Xst:2677 - Node <freq_div/cnt_h_1> of sequential type is unconnected in block <stopwatch>.
WARNING:Xst:2677 - Node <freq_div/cnt_h_0> of sequential type is unconnected in block <stopwatch>.
INFO:Xst:2261 - The FF/Latch <clk_gen/count_20M_0> in Unit <stopwatch> is equivalent to the following FF/Latch, which will be removed : <clk_gen/count_200K_0> 
INFO:Xst:2261 - The FF/Latch <clk_gen/count_20M_1> in Unit <stopwatch> is equivalent to the following FF/Latch, which will be removed : <clk_gen/count_200K_1> 
INFO:Xst:2261 - The FF/Latch <clk_gen/count_20M_2> in Unit <stopwatch> is equivalent to the following FF/Latch, which will be removed : <clk_gen/count_200K_2> 
INFO:Xst:2261 - The FF/Latch <clk_gen/count_20M_3> in Unit <stopwatch> is equivalent to the following FF/Latch, which will be removed : <clk_gen/count_200K_3> 
INFO:Xst:2261 - The FF/Latch <clk_gen/count_20M_4> in Unit <stopwatch> is equivalent to the following FF/Latch, which will be removed : <clk_gen/count_200K_4> 
INFO:Xst:2261 - The FF/Latch <clk_gen/count_20M_5> in Unit <stopwatch> is equivalent to the following FF/Latch, which will be removed : <clk_gen/count_200K_5> 

Mapping all equations...
Building and optimizing final netlist ...
Found area constraint ratio of 100 (+ 5) on block stopwatch, actual ratio is 2.

Final Macro Processing ...

=========================================================================
Final Register Report

Macro Statistics
# Registers                                            : 89
 Flip-Flops                                            : 89

=========================================================================

=========================================================================
*                           Partition Report                            *
=========================================================================

Partition Implementation Status
-------------------------------

  No Partitions were found in this design.

-------------------------------

=========================================================================
*                            Design Summary                             *
=========================================================================

Top Level Output File Name         : stopwatch.ngc

Primitive and Black Box Usage:
------------------------------
# BELS                             : 269
#      GND                         : 1
#      INV                         : 6
#      LUT1                        : 57
#      LUT2                        : 39
#      LUT3                        : 3
#      LUT4                        : 8
#      LUT5                        : 9
#      LUT6                        : 34
#      MUXCY                       : 57
#      VCC                         : 1
#      XORCY                       : 54
# FlipFlops/Latches                : 91
#      FDC                         : 84
#      FDP                         : 5
#      LDC                         : 2
# Clock Buffers                    : 1
#      BUFGP                       : 1
# IO Buffers                       : 30
#      IBUF                        : 3
#      OBUF                        : 27

Device utilization summary:
---------------------------

Selected Device : 6slx16csg324-3 


Slice Logic Utilization: 
 Number of Slice Registers:              91  out of  18224     0%  
 Number of Slice LUTs:                  156  out of   9112     1%  
    Number used as Logic:               156  out of   9112     1%  

Slice Logic Distribution: 
 Number of LUT Flip Flop pairs used:    167
   Number with an unused Flip Flop:      76  out of    167    45%  
   Number with an unused LUT:            11  out of    167     6%  
   Number of fully used LUT-FF pairs:    80  out of    167    47%  
   Number of unique control sets:        10

IO Utilization: 
 Number of IOs:                          39
 Number of bonded IOBs:                  31  out of    232    13%  

Specific Feature Utilization:
 Number of BUFG/BUFGCTRLs:                1  out of     16     6%  

---------------------------
Partition Resource Summary:
---------------------------

  No Partitions were found in this design.

---------------------------


=========================================================================
Timing Report

NOTE: THESE TIMING NUMBERS ARE ONLY A SYNTHESIS ESTIMATE.
      FOR ACCURATE TIMING INFORMATION PLEASE REFER TO THE TRACE REPORT
      GENERATED AFTER PLACE-and-ROUTE.

Clock Information:
------------------
-------------------------------------------------------------------------+-----------------------------------+-------+
Clock Signal                                                             | Clock buffer(FF name)             | Load  |
-------------------------------------------------------------------------+-----------------------------------+-------+
clk_gen/clk_100                                                          | NONE(cnt_en_pb/PB_2/in_trig_delay)| 17    |
clk_gen/clk_1                                                            | NONE(rst_en_pb/PB_2/in_trig_delay)| 16    |
oscillator                                                               | BUFGP                             | 56    |
down_cnt/rst_n_rst_val[4]_AND_17_o(down_cnt/rst_n_rst_val[4]_AND_17_o1:O)| NONE(*)(down_cnt/bcd_t_0_LDC)     | 1     |
down_cnt/rst_n_rst_val[6]_AND_13_o(down_cnt/rst_n_rst_val[6]_AND_13_o1:O)| NONE(*)(down_cnt/bcd_t_2_LDC)     | 1     |
-------------------------------------------------------------------------+-----------------------------------+-------+
(*) These 2 clock signal(s) are generated by combinatorial logic,
and XST is not able to identify which are the primary clock signals.
Please use the CLOCK_SIGNAL constraint to specify the clock signal(s) generated by combinatorial logic.
INFO:Xst:2169 - HDL ADVISOR - Some clock signals were not automatically buffered by XST with BUFG/BUFR resources. Please use the buffer_type constraint in order to insert these buffers to the clock signals to help prevent skew problems.

Asynchronous Control Signals Information:
----------------------------------------
No asynchronous control signals found in this design

Timing Summary:
---------------
Speed Grade: -3

   Minimum period: 3.947ns (Maximum Frequency: 253.383MHz)
   Minimum input arrival time before clock: 4.182ns
   Maximum output required time after clock: 6.899ns
   Maximum combinational path delay: No path found

Timing Details:
---------------
All values displayed in nanoseconds (ns)

=========================================================================
Timing constraint: Default period analysis for Clock 'clk_gen/clk_100'
  Clock period: 1.599ns (frequency: 625.293MHz)
  Total number of paths / destination ports: 26 / 15
-------------------------------------------------------------------------
Delay:               1.599ns (Levels of Logic = 1)
  Source:            cnt_en_pb/PB_1/debounce_window_2 (FF)
  Destination:       cnt_en_pb/PB_1/pb_debounced (FF)
  Source Clock:      clk_gen/clk_100 rising
  Destination Clock: clk_gen/clk_100 rising

  Data Path: cnt_en_pb/PB_1/debounce_window_2 to cnt_en_pb/PB_1/pb_debounced
                                Gate     Net
    Cell:in->out      fanout   Delay   Delay  Logical Name (Net Name)
    ----------------------------------------  ------------
     FDC:C->Q              2   0.447   0.845  cnt_en_pb/PB_1/debounce_window_2 (cnt_en_pb/PB_1/debounce_window_2)
     LUT4:I1->O            1   0.205   0.000  cnt_en_pb/PB_1/pb_debounced_next<3>1 (cnt_en_pb/PB_1/pb_debounced_next)
     FDC:D                     0.102          cnt_en_pb/PB_1/pb_debounced
    ----------------------------------------
    Total                      1.599ns (0.754ns logic, 0.845ns route)
                                       (47.1% logic, 52.9% route)

=========================================================================
Timing constraint: Default period analysis for Clock 'clk_gen/clk_1'
  Clock period: 3.418ns (frequency: 292.586MHz)
  Total number of paths / destination ports: 106 / 24
-------------------------------------------------------------------------
Delay:               3.418ns (Levels of Logic = 3)
  Source:            down_cnt/bcd_t_0_C_0 (FF)
  Destination:       down_cnt/bcd_t_0_C_0 (FF)
  Source Clock:      clk_gen/clk_1 rising
  Destination Clock: clk_gen/clk_1 rising

  Data Path: down_cnt/bcd_t_0_C_0 to down_cnt/bcd_t_0_C_0
                                Gate     Net
    Cell:in->out      fanout   Delay   Delay  Logical Name (Net Name)
    ----------------------------------------  ------------
     FDC:C->Q              2   0.447   0.721  down_cnt/bcd_t_0_C_0 (down_cnt/bcd_t_0_C_0)
     LUT3:I1->O           11   0.203   0.883  down_cnt/bcd_t_01 (down_cnt/bcd_t_0)
     LUT6:I5->O            3   0.205   0.651  down_cnt/Mmux_bcd_t[3]_bcd_t[3]_mux_9_OUT221 (down_cnt/Mmux_bcd_t[3]_bcd_t[3]_mux_9_OUT22)
     LUT5:I4->O            2   0.205   0.000  down_cnt/Mmux_bcd_t[3]_bcd_t[3]_mux_9_OUT31 (down_cnt/bcd_t[3]_bcd_t[3]_mux_9_OUT<2>)
     FDC:D                     0.102          down_cnt/bcd_t_2_C_2
    ----------------------------------------
    Total                      3.418ns (1.162ns logic, 2.256ns route)
                                       (34.0% logic, 66.0% route)

=========================================================================
Timing constraint: Default period analysis for Clock 'oscillator'
  Clock period: 3.947ns (frequency: 253.383MHz)
  Total number of paths / destination ports: 1514 / 56
-------------------------------------------------------------------------
Delay:               3.947ns (Levels of Logic = 3)
  Source:            clk_gen/count_20M_17 (FF)
  Destination:       clk_gen/count_20M_24 (FF)
  Source Clock:      oscillator rising
  Destination Clock: oscillator rising

  Data Path: clk_gen/count_20M_17 to clk_gen/count_20M_24
                                Gate     Net
    Cell:in->out      fanout   Delay   Delay  Logical Name (Net Name)
    ----------------------------------------  ------------
     FDC:C->Q              2   0.447   0.981  clk_gen/count_20M_17 (clk_gen/count_20M_17)
     LUT6:I0->O            2   0.203   0.845  clk_gen/GND_2_o_GND_2_o_equal_1_o<24>4 (clk_gen/GND_2_o_GND_2_o_equal_1_o<24>3)
     LUT6:I3->O           14   0.205   0.958  clk_gen/GND_2_o_GND_2_o_equal_1_o<24>5 (clk_gen/GND_2_o_GND_2_o_equal_1_o)
     LUT2:I1->O            1   0.205   0.000  clk_gen/Mcount_count_20M_eqn_241 (clk_gen/Mcount_count_20M_eqn_24)
     FDC:D                     0.102          clk_gen/count_20M_24
    ----------------------------------------
    Total                      3.947ns (1.162ns logic, 2.785ns route)
                                       (29.4% logic, 70.6% route)

=========================================================================
Timing constraint: Default OFFSET IN BEFORE for Clock 'clk_gen/clk_100'
  Total number of paths / destination ports: 19 / 19
-------------------------------------------------------------------------
Offset:              4.182ns (Levels of Logic = 2)
  Source:            rst_n (PAD)
  Destination:       cnt_en_pb/PB_2/in_trig_delay (FF)
  Destination Clock: clk_gen/clk_100 rising

  Data Path: rst_n to cnt_en_pb/PB_2/in_trig_delay
                                Gate     Net
    Cell:in->out      fanout   Delay   Delay  Logical Name (Net Name)
    ----------------------------------------  ------------
     IBUF:I->O             1   1.222   0.579  rst_n_IBUF (rst_n_IBUF)
     INV:I->O             80   0.206   1.745  cnt_en_pb/PB_2/rst_n_inv1_INV_0 (clk_gen/rst_n_inv)
     FDC:CLR                   0.430          cnt_en_pb/PB_2/out_pulse
    ----------------------------------------
    Total                      4.182ns (1.858ns logic, 2.324ns route)
                                       (44.4% logic, 55.6% route)

=========================================================================
Timing constraint: Default OFFSET IN BEFORE for Clock 'clk_gen/clk_1'
  Total number of paths / destination ports: 8 / 8
-------------------------------------------------------------------------
Offset:              4.182ns (Levels of Logic = 2)
  Source:            rst_n (PAD)
  Destination:       rst_en_pb/PB_2/in_trig_delay (FF)
  Destination Clock: clk_gen/clk_1 rising

  Data Path: rst_n to rst_en_pb/PB_2/in_trig_delay
                                Gate     Net
    Cell:in->out      fanout   Delay   Delay  Logical Name (Net Name)
    ----------------------------------------  ------------
     IBUF:I->O             1   1.222   0.579  rst_n_IBUF (rst_n_IBUF)
     INV:I->O             80   0.206   1.745  cnt_en_pb/PB_2/rst_n_inv1_INV_0 (clk_gen/rst_n_inv)
     FDC:CLR                   0.430          rst_en_pb/PB_2/out_pulse
    ----------------------------------------
    Total                      4.182ns (1.858ns logic, 2.324ns route)
                                       (44.4% logic, 55.6% route)

=========================================================================
Timing constraint: Default OFFSET IN BEFORE for Clock 'oscillator'
  Total number of paths / destination ports: 56 / 56
-------------------------------------------------------------------------
Offset:              4.182ns (Levels of Logic = 2)
  Source:            rst_n (PAD)
  Destination:       clk_gen/count_20M_24 (FF)
  Destination Clock: oscillator rising

  Data Path: rst_n to clk_gen/count_20M_24
                                Gate     Net
    Cell:in->out      fanout   Delay   Delay  Logical Name (Net Name)
    ----------------------------------------  ------------
     IBUF:I->O             1   1.222   0.579  rst_n_IBUF (rst_n_IBUF)
     INV:I->O             80   0.206   1.745  cnt_en_pb/PB_2/rst_n_inv1_INV_0 (clk_gen/rst_n_inv)
     FDC:CLR                   0.430          clk_gen/count_20M_0
    ----------------------------------------
    Total                      4.182ns (1.858ns logic, 2.324ns route)
                                       (44.4% logic, 55.6% route)

=========================================================================
Timing constraint: Default OFFSET OUT AFTER for Clock 'oscillator'
  Total number of paths / destination ports: 28 / 12
-------------------------------------------------------------------------
Offset:              5.911ns (Levels of Logic = 3)
  Source:            freq_div/clk_scn_0 (FF)
  Destination:       display<13> (PAD)
  Source Clock:      oscillator rising

  Data Path: freq_div/clk_scn_0 to display<13>
                                Gate     Net
    Cell:in->out      fanout   Delay   Delay  Logical Name (Net Name)
    ----------------------------------------  ------------
     FDC:C->Q             15   0.447   1.326  freq_div/clk_scn_0 (freq_div/clk_scn_0)
     LUT5:I0->O            1   0.203   0.580  scn/display<7>1 (scn/display<7>)
     LUT6:I5->O            1   0.205   0.579  scn/display<7>3 (display_11_OBUF)
     OBUF:I->O                 2.571          display_11_OBUF (display<11>)
    ----------------------------------------
    Total                      5.911ns (3.426ns logic, 2.485ns route)
                                       (58.0% logic, 42.0% route)

=========================================================================
Timing constraint: Default OFFSET OUT AFTER for Clock 'clk_gen/clk_1'
  Total number of paths / destination ports: 90 / 10
-------------------------------------------------------------------------
Offset:              6.722ns (Levels of Logic = 4)
  Source:            down_cnt/bcd_t_2_C_2 (FF)
  Destination:       display<12> (PAD)
  Source Clock:      clk_gen/clk_1 rising

  Data Path: down_cnt/bcd_t_2_C_2 to display<12>
                                Gate     Net
    Cell:in->out      fanout   Delay   Delay  Logical Name (Net Name)
    ----------------------------------------  ------------
     FDC:C->Q              4   0.447   0.788  down_cnt/bcd_t_2_C_2 (down_cnt/bcd_t_2_C_2)
     LUT3:I1->O            8   0.203   1.147  down_cnt/bcd_t_21 (down_cnt/bcd_t_2)
     LUT5:I0->O            1   0.203   0.580  scn/display<6>1 (scn/display<6>)
     LUT6:I5->O            1   0.205   0.579  scn/display<6>3 (display_12_OBUF)
     OBUF:I->O                 2.571          display_12_OBUF (display<12>)
    ----------------------------------------
    Total                      6.722ns (3.629ns logic, 3.093ns route)
                                       (54.0% logic, 46.0% route)

=========================================================================
Timing constraint: Default OFFSET OUT AFTER for Clock 'down_cnt/rst_n_rst_val[6]_AND_13_o'
  Total number of paths / destination ports: 10 / 10
-------------------------------------------------------------------------
Offset:              6.899ns (Levels of Logic = 4)
  Source:            down_cnt/bcd_t_2_LDC (LATCH)
  Destination:       display<12> (PAD)
  Source Clock:      down_cnt/rst_n_rst_val[6]_AND_13_o falling

  Data Path: down_cnt/bcd_t_2_LDC to display<12>
                                Gate     Net
    Cell:in->out      fanout   Delay   Delay  Logical Name (Net Name)
    ----------------------------------------  ------------
     LDC:G->Q              4   0.498   0.912  down_cnt/bcd_t_2_LDC (down_cnt/bcd_t_2_LDC)
     LUT3:I0->O            8   0.205   1.147  down_cnt/bcd_t_21 (down_cnt/bcd_t_2)
     LUT5:I0->O            1   0.203   0.580  scn/display<6>1 (scn/display<6>)
     LUT6:I5->O            1   0.205   0.579  scn/display<6>3 (display_12_OBUF)
     OBUF:I->O                 2.571          display_12_OBUF (display<12>)
    ----------------------------------------
    Total                      6.899ns (3.682ns logic, 3.217ns route)
                                       (53.4% logic, 46.6% route)

=========================================================================
Timing constraint: Default OFFSET OUT AFTER for Clock 'down_cnt/rst_n_rst_val[4]_AND_17_o'
  Total number of paths / destination ports: 10 / 10
-------------------------------------------------------------------------
Offset:              6.816ns (Levels of Logic = 4)
  Source:            down_cnt/bcd_t_0_LDC (LATCH)
  Destination:       display<13> (PAD)
  Source Clock:      down_cnt/rst_n_rst_val[4]_AND_17_o falling

  Data Path: down_cnt/bcd_t_0_LDC to display<13>
                                Gate     Net
    Cell:in->out      fanout   Delay   Delay  Logical Name (Net Name)
    ----------------------------------------  ------------
     LDC:G->Q              2   0.498   0.845  down_cnt/bcd_t_0_LDC (down_cnt/bcd_t_0_LDC)
     LUT3:I0->O           11   0.205   1.130  down_cnt/bcd_t_01 (down_cnt/bcd_t_0)
     LUT5:I1->O            1   0.203   0.580  scn/display<7>1 (scn/display<7>)
     LUT6:I5->O            1   0.205   0.579  scn/display<7>3 (display_11_OBUF)
     OBUF:I->O                 2.571          display_11_OBUF (display<11>)
    ----------------------------------------
    Total                      6.816ns (3.682ns logic, 3.134ns route)
                                       (54.0% logic, 46.0% route)

=========================================================================
Timing constraint: Default OFFSET OUT AFTER for Clock 'clk_gen/clk_100'
  Total number of paths / destination ports: 2 / 2
-------------------------------------------------------------------------
Offset:              3.732ns (Levels of Logic = 1)
  Source:            reset_val/state (FF)
  Destination:       led<6> (PAD)
  Source Clock:      clk_gen/clk_100 rising

  Data Path: reset_val/state to led<6>
                                Gate     Net
    Cell:in->out      fanout   Delay   Delay  Logical Name (Net Name)
    ----------------------------------------  ------------
     FDC:C->Q              5   0.447   0.714  reset_val/state (reset_val/state)
     OBUF:I->O                 2.571          led_6_OBUF (led<6>)
    ----------------------------------------
    Total                      3.732ns (3.018ns logic, 0.714ns route)
                                       (80.9% logic, 19.1% route)

=========================================================================

Cross Clock Domains Report:
--------------------------

Clock to Setup on destination clock clk_gen/clk_1
----------------------------------+---------+---------+---------+---------+
                                  | Src:Rise| Src:Fall| Src:Rise| Src:Fall|
Source Clock                      |Dest:Rise|Dest:Rise|Dest:Fall|Dest:Fall|
----------------------------------+---------+---------+---------+---------+
clk_gen/clk_1                     |    3.418|         |         |         |
clk_gen/clk_100                   |    3.645|         |         |         |
down_cnt/rst_n_rst_val[4]_AND_17_o|         |    3.595|         |         |
down_cnt/rst_n_rst_val[6]_AND_13_o|         |    2.835|         |         |
----------------------------------+---------+---------+---------+---------+

Clock to Setup on destination clock clk_gen/clk_100
---------------+---------+---------+---------+---------+
               | Src:Rise| Src:Fall| Src:Rise| Src:Fall|
Source Clock   |Dest:Rise|Dest:Rise|Dest:Fall|Dest:Fall|
---------------+---------+---------+---------+---------+
clk_gen/clk_100|    1.599|         |         |         |
---------------+---------+---------+---------+---------+

Clock to Setup on destination clock down_cnt/rst_n_rst_val[4]_AND_17_o
---------------+---------+---------+---------+---------+
               | Src:Rise| Src:Fall| Src:Rise| Src:Fall|
Source Clock   |Dest:Rise|Dest:Rise|Dest:Fall|Dest:Fall|
---------------+---------+---------+---------+---------+
clk_gen/clk_1  |         |         |    2.630|         |
clk_gen/clk_100|         |         |    2.350|         |
---------------+---------+---------+---------+---------+

Clock to Setup on destination clock down_cnt/rst_n_rst_val[6]_AND_13_o
---------------+---------+---------+---------+---------+
               | Src:Rise| Src:Fall| Src:Rise| Src:Fall|
Source Clock   |Dest:Rise|Dest:Rise|Dest:Fall|Dest:Fall|
---------------+---------+---------+---------+---------+
clk_gen/clk_1  |         |         |    2.630|         |
clk_gen/clk_100|         |         |    2.413|         |
---------------+---------+---------+---------+---------+

Clock to Setup on destination clock oscillator
---------------+---------+---------+---------+---------+
               | Src:Rise| Src:Fall| Src:Rise| Src:Fall|
Source Clock   |Dest:Rise|Dest:Rise|Dest:Fall|Dest:Fall|
---------------+---------+---------+---------+---------+
oscillator     |    3.947|         |         |         |
---------------+---------+---------+---------+---------+

=========================================================================


Total REAL time to Xst completion: 5.00 secs
Total CPU time to Xst completion: 4.55 secs
 
--> 

Total memory usage is 223304 kilobytes

Number of errors   :    0 (   0 filtered)
Number of warnings :   28 (   0 filtered)
Number of infos    :   13 (   0 filtered)

