
****** PlanAhead v14.7 (64-bit)
  **** Build 321239 by xbuild on Fri Sep 27 19:29:51 MDT 2013
    ** Copyright 1986-1999, 2001-2013 Xilinx, Inc. All Rights Reserved.

INFO: [Common 17-78] Attempting to get a license: PlanAhead
INFO: [Common 17-290] Got license for PlanAhead
INFO: [Device 21-36] Loading parts and site information from C:/Xilinx/14.7/ISE_DS/PlanAhead/data/parts/arch.xml
Parsing RTL primitives file [C:/Xilinx/14.7/ISE_DS/PlanAhead/data/parts/xilinx/rtl/prims/rtl_prims.xml]
Finished parsing RTL primitives file [C:/Xilinx/14.7/ISE_DS/PlanAhead/data/parts/xilinx/rtl/prims/rtl_prims.xml]
start_gui
source C:/Xilinx/Lab2/pa.fromHdl.tcl
# create_project -name Lab2 -dir "C:/Xilinx/Lab2/planAhead_run_1" -part xc6slx16csg324-3
# set_param project.pinAheadLayout yes
# set srcset [get_property srcset [current_run -impl]]
# set_property target_constrs_file "FullAdder.ucf" [current_fileset -constrset]
Adding file 'C:/Xilinx/Lab2/FullAdder.ucf' to fileset 'constrs_1'
# set hdlfile [add_files [list {HalfAdder.v}]]
# set_property file_type Verilog $hdlfile
# set_property library work $hdlfile
# set hdlfile [add_files [list {FullAdder.v}]]
# set_property file_type Verilog $hdlfile
# set_property library work $hdlfile
# set_property top FullAdder $srcset
# add_files [list {FullAdder.ucf}] -fileset [get_property constrset [current_run]]
# open_rtl_design -part xc6slx16csg324-3
Using Verific elaboration
Parsing VHDL file "C:/Xilinx/14.7/ISE_DS/PlanAhead/data/parts/xilinx/rtl/lib/synplify/synattr.vhd" into library synplify
Analyzing Verilog file "C:/Xilinx/Lab2/HalfAdder.v" into library work
Analyzing Verilog file "C:/Xilinx/Lab2/FullAdder.v" into library work
Loading clock regions from C:/Xilinx/14.7/ISE_DS/PlanAhead/data\parts/xilinx/spartan6/spartan6lx/xc6slx16/ClockRegion.xml
Loading clock buffers from C:/Xilinx/14.7/ISE_DS/PlanAhead/data\parts/xilinx/spartan6/spartan6lx/xc6slx16/ClockBuffers.xml
Loading package pin functions from C:/Xilinx/14.7/ISE_DS/PlanAhead/data\parts/xilinx/spartan6/PinFunctions.xml...
Loading package from C:/Xilinx/14.7/ISE_DS/PlanAhead/data\parts/xilinx/spartan6/spartan6lx/xc6slx16/csg324/Package.xml
Loading io standards from C:/Xilinx/14.7/ISE_DS/PlanAhead/data\./parts/xilinx/spartan6/IOStandards.xml
Loading device configuration modes from C:/Xilinx/14.7/ISE_DS/PlanAhead/data\parts/xilinx/spartan6/ConfigModes.xml
Loading list of drcs for the architecture : C:/Xilinx/14.7/ISE_DS/PlanAhead/data\./parts/xilinx/spartan6/drc.xml
Parsing UCF File [C:/Xilinx/Lab2/FullAdder.ucf]
Finished Parsing UCF File [C:/Xilinx/Lab2/FullAdder.ucf]
INFO: [Project 1-111] Unisim Transformation Summary:
No Unisim elements were transformed.

Phase 0 | Netlist Checksum: 10763f13
open_rtl_design: Time (s): elapsed = 00:00:10 . Memory (MB): peak = 587.355 ; gain = 178.230
update_compile_order -fileset sim_1
set_property package_pin "" [get_ports [list  b]]
set_property package_pin "" [get_ports [list  a]]
set_property package_pin "" [get_ports [list  a]]
set_property package_pin "" [get_ports [list  b]]
set_property package_pin "" [get_ports [list  a]]
set_property package_pin "" [get_ports [list  b]]
startgroup
set_property package_pin T1 [get_ports a]
endgroup
startgroup
set_property package_pin P2 [get_ports b]
endgroup
startgroup
set_property package_pin P1 [get_ports cin]
endgroup
startgroup
set_property package_pin H5 [get_ports s]
endgroup
startgroup
set_property package_pin H6 [get_ports cout]
endgroup
save_constraints
exit
ERROR: [Common 17-39] 'stop_gui' failed due to earlier errors.
INFO: [Common 17-206] Exiting PlanAhead at Thu Mar 12 17:44:07 2015...
INFO: [Common 17-83] Releasing license: PlanAhead
