
****** PlanAhead v14.7 (64-bit)
  **** Build 321239 by xbuild on Fri Sep 27 19:29:51 MDT 2013
    ** Copyright 1986-1999, 2001-2013 Xilinx, Inc. All Rights Reserved.

INFO: [Common 17-78] Attempting to get a license: PlanAhead
INFO: [Common 17-290] Got license for PlanAhead
INFO: [Device 21-36] Loading parts and site information from D:/Xilinx/14.7/ISE_DS/PlanAhead/data/parts/arch.xml
Parsing RTL primitives file [D:/Xilinx/14.7/ISE_DS/PlanAhead/data/parts/xilinx/rtl/prims/rtl_prims.xml]
Finished parsing RTL primitives file [D:/Xilinx/14.7/ISE_DS/PlanAhead/data/parts/xilinx/rtl/prims/rtl_prims.xml]
start_gui
source D:/Programming/EE2230/Lab6_2/pa.fromHdl.tcl
# create_project -name Lab6_2 -dir "D:/Programming/EE2230/Lab6_2/planAhead_run_2" -part xc6slx16csg324-3
create_project: Time (s): elapsed = 00:00:05 . Memory (MB): peak = 429.172 ; gain = 68.969
# set_param project.pinAheadLayout yes
# set srcset [get_property srcset [current_run -impl]]
# set_property target_constrs_file "keypad.ucf" [current_fileset -constrset]
Adding file 'D:/Programming/EE2230/Lab6_2/keypad.ucf' to fileset 'constrs_1'
# set hdlfile [add_files [list {num_input_fsm.v}]]
# set_property file_type Verilog $hdlfile
# set_property library work $hdlfile
# set hdlfile [add_files [list {keypad_scan.v}]]
# set_property file_type Verilog $hdlfile
# set_property library work $hdlfile
# set hdlfile [add_files [list {FTSD_scan.v}]]
# set_property file_type Verilog $hdlfile
# set_property library work $hdlfile
# set hdlfile [add_files [list {FTSD_decoder.v}]]
# set_property file_type Verilog $hdlfile
# set_property library work $hdlfile
# set hdlfile [add_files [list {frequency_divider.v}]]
# set_property file_type Verilog $hdlfile
# set_property library work $hdlfile
# set hdlfile [add_files [list {bcd_adder.v}]]
# set_property file_type Verilog $hdlfile
# set_property library work $hdlfile
# set hdlfile [add_files [list {keypad.v}]]
# set_property file_type Verilog $hdlfile
# set_property library work $hdlfile
# set_property top keypad $srcset
# add_files [list {keypad.ucf}] -fileset [get_property constrset [current_run]]
# open_rtl_design -part xc6slx16csg324-3
Using Verific elaboration
Parsing VHDL file "D:/Xilinx/14.7/ISE_DS/PlanAhead/data/parts/xilinx/rtl/lib/synplify/synattr.vhd" into library synplify
Analyzing Verilog file "D:/Programming/EE2230/Lab6_2/num_input_fsm.v" into library work
Parsing verilog file "global.v" included at line 9. [D:/Programming/EE2230/Lab6_2/num_input_fsm.v:9]
Analyzing Verilog file "D:/Programming/EE2230/Lab6_2/keypad_scan.v" into library work
Parsing verilog file "global.v" included at line 9. [D:/Programming/EE2230/Lab6_2/keypad_scan.v:9]
Analyzing Verilog file "D:/Programming/EE2230/Lab6_2/FTSD_scan.v" into library work
Parsing verilog file "global.v" included at line 9. [D:/Programming/EE2230/Lab6_2/FTSD_scan.v:9]
Analyzing Verilog file "D:/Programming/EE2230/Lab6_2/FTSD_decoder.v" into library work
Parsing verilog file "global.v" included at line 9. [D:/Programming/EE2230/Lab6_2/FTSD_decoder.v:9]
Analyzing Verilog file "D:/Programming/EE2230/Lab6_2/frequency_divider.v" into library work
Parsing verilog file "global.v" included at line 9. [D:/Programming/EE2230/Lab6_2/frequency_divider.v:9]
Analyzing Verilog file "D:/Programming/EE2230/Lab6_2/bcd_adder.v" into library work
Analyzing Verilog file "D:/Programming/EE2230/Lab6_2/keypad.v" into library work
Parsing verilog file "global.v" included at line 9. [D:/Programming/EE2230/Lab6_2/keypad.v:9]
Loading clock regions from D:/Xilinx/14.7/ISE_DS/PlanAhead/data\parts/xilinx/spartan6/spartan6lx/xc6slx16/ClockRegion.xml
Loading clock buffers from D:/Xilinx/14.7/ISE_DS/PlanAhead/data\parts/xilinx/spartan6/spartan6lx/xc6slx16/ClockBuffers.xml
Loading package pin functions from D:/Xilinx/14.7/ISE_DS/PlanAhead/data\parts/xilinx/spartan6/PinFunctions.xml...
Loading package from D:/Xilinx/14.7/ISE_DS/PlanAhead/data\parts/xilinx/spartan6/spartan6lx/xc6slx16/csg324/Package.xml
Loading io standards from D:/Xilinx/14.7/ISE_DS/PlanAhead/data\./parts/xilinx/spartan6/IOStandards.xml
Loading device configuration modes from D:/Xilinx/14.7/ISE_DS/PlanAhead/data\parts/xilinx/spartan6/ConfigModes.xml
Loading list of drcs for the architecture : D:/Xilinx/14.7/ISE_DS/PlanAhead/data\./parts/xilinx/spartan6/drc.xml
Parsing UCF File [D:/Programming/EE2230/Lab6_2/keypad.ucf]
Finished Parsing UCF File [D:/Programming/EE2230/Lab6_2/keypad.ucf]
INFO: [Project 1-111] Unisim Transformation Summary:
No Unisim elements were transformed.

Phase 0 | Netlist Checksum: 50c1b881
open_rtl_design: Time (s): elapsed = 00:00:25 . Memory (MB): peak = 600.203 ; gain = 164.625
update_compile_order -fileset sim_1
