Release 14.7 - xst P.20131013 (nt64)
Copyright (c) 1995-2013 Xilinx, Inc.  All rights reserved.
--> Parameter TMPDIR set to xst/projnav.tmp


Total REAL time to Xst completion: 0.00 secs
Total CPU time to Xst completion: 0.13 secs
 
--> Parameter xsthdpdir set to xst


Total REAL time to Xst completion: 0.00 secs
Total CPU time to Xst completion: 0.13 secs
 
--> Reading design: display_decoder.prj

TABLE OF CONTENTS
  1) Synthesis Options Summary
  2) HDL Parsing
  3) HDL Elaboration
  4) HDL Synthesis
       4.1) HDL Synthesis Report
  5) Advanced HDL Synthesis
       5.1) Advanced HDL Synthesis Report
  6) Low Level Synthesis
  7) Partition Report
  8) Design Summary
       8.1) Primitive and Black Box Usage
       8.2) Device utilization summary
       8.3) Partition Resource Summary
       8.4) Timing Report
            8.4.1) Clock Information
            8.4.2) Asynchronous Control Signals Information
            8.4.3) Timing Summary
            8.4.4) Timing Details
            8.4.5) Cross Clock Domains Report


=========================================================================
*                      Synthesis Options Summary                        *
=========================================================================
---- Source Parameters
Input File Name                    : "display_decoder.prj"
Ignore Synthesis Constraint File   : NO

---- Target Parameters
Output File Name                   : "display_decoder"
Output Format                      : NGC
Target Device                      : xc6slx16-3-csg324

---- Source Options
Top Module Name                    : display_decoder
Automatic FSM Extraction           : YES
FSM Encoding Algorithm             : Auto
Safe Implementation                : No
FSM Style                          : LUT
RAM Extraction                     : Yes
RAM Style                          : Auto
ROM Extraction                     : Yes
Shift Register Extraction          : YES
ROM Style                          : Auto
Resource Sharing                   : YES
Asynchronous To Synchronous        : NO
Shift Register Minimum Size        : 2
Use DSP Block                      : Auto
Automatic Register Balancing       : No

---- Target Options
LUT Combining                      : Auto
Reduce Control Sets                : Auto
Add IO Buffers                     : YES
Global Maximum Fanout              : 100000
Add Generic Clock Buffer(BUFG)     : 16
Register Duplication               : YES
Optimize Instantiated Primitives   : NO
Use Clock Enable                   : Auto
Use Synchronous Set                : Auto
Use Synchronous Reset              : Auto
Pack IO Registers into IOBs        : Auto
Equivalent register Removal        : YES

---- General Options
Optimization Goal                  : Speed
Optimization Effort                : 1
Power Reduction                    : NO
Keep Hierarchy                     : No
Netlist Hierarchy                  : As_Optimized
RTL Output                         : Yes
Global Optimization                : AllClockNets
Read Cores                         : YES
Write Timing Constraints           : NO
Cross Clock Analysis               : NO
Hierarchy Separator                : /
Bus Delimiter                      : <>
Case Specifier                     : Maintain
Slice Utilization Ratio            : 100
BRAM Utilization Ratio             : 100
DSP48 Utilization Ratio            : 100
Auto BRAM Packing                  : NO
Slice Utilization Ratio Delta      : 5

=========================================================================


=========================================================================
*                          HDL Parsing                                  *
=========================================================================
Analyzing Verilog file "D:\Programming\EE2230\Lab3_3\SSD_Decoder.v" into library work
Parsing module <SSD_Decoder>.
Analyzing Verilog file "D:\Programming\EE2230\Lab3_3\freq_div.v" into library work
Parsing module <freq_div>.
Analyzing Verilog file "D:\Programming\EE2230\Lab3_3\bcd_counter.v" into library work
Parsing module <bcd_counter>.
Analyzing Verilog file "D:\Programming\EE2230\Lab3_3\display_decoder.v" into library work
Parsing module <display_decoder>.

=========================================================================
*                            HDL Elaboration                            *
=========================================================================
WARNING:HDLCompiler:1016 - "D:\Programming\EE2230\Lab3_3\display_decoder.v" Line 46: Port clk_add is not connected to this instance

Elaborating module <display_decoder>.

Elaborating module <freq_div>.

Elaborating module <bcd_counter>.

Elaborating module <SSD_Decoder>.

=========================================================================
*                           HDL Synthesis                               *
=========================================================================

Synthesizing Unit <display_decoder>.
    Related source file is "D:\Programming\EE2230\Lab3_3\display_decoder.v".
INFO:Xst:3210 - "D:\Programming\EE2230\Lab3_3\display_decoder.v" line 46: Output port <clk_add> of the instance <bcd_1> is unconnected or connected to loadless signal.
    Summary:
	inferred   3 Multiplexer(s).
Unit <display_decoder> synthesized.

Synthesizing Unit <freq_div>.
    Related source file is "D:\Programming\EE2230\Lab3_3\freq_div.v".
    Found 2-bit register for signal <clk_scn>.
    Found 7-bit register for signal <cnt_h>.
    Found 15-bit register for signal <cnt_l>.
    Found 1-bit register for signal <clk_cnt>.
    Found 25-bit adder for signal <cnt_tmp> created at line 42.
    Summary:
	inferred   1 Adder/Subtractor(s).
	inferred  25 D-type flip-flop(s).
Unit <freq_div> synthesized.

Synthesizing Unit <bcd_counter>.
    Related source file is "D:\Programming\EE2230\Lab3_3\bcd_counter.v".
    Found 4-bit register for signal <bcd>.
    Found 1-bit register for signal <clk_add>.
    Found 4-bit adder for signal <bcd[3]_GND_3_o_add_1_OUT> created at line 43.
    Found 4-bit comparator lessequal for signal <n0001> created at line 36
    Summary:
	inferred   1 Adder/Subtractor(s).
	inferred   5 D-type flip-flop(s).
	inferred   1 Comparator(s).
	inferred   1 Multiplexer(s).
Unit <bcd_counter> synthesized.

Synthesizing Unit <SSD_Decoder>.
    Related source file is "D:\Programming\EE2230\Lab3_3\SSD_Decoder.v".
    Found 16x15-bit Read Only RAM for signal <D_ssd>
    Summary:
	inferred   1 RAM(s).
Unit <SSD_Decoder> synthesized.

=========================================================================
HDL Synthesis Report

Macro Statistics
# RAMs                                                 : 2
 16x15-bit single-port Read Only RAM                   : 2
# Adders/Subtractors                                   : 3
 25-bit adder                                          : 1
 4-bit adder                                           : 2
# Registers                                            : 8
 1-bit register                                        : 3
 15-bit register                                       : 1
 2-bit register                                        : 1
 4-bit register                                        : 2
 7-bit register                                        : 1
# Comparators                                          : 2
 4-bit comparator lessequal                            : 2
# Multiplexers                                         : 5
 19-bit 2-to-1 multiplexer                             : 3
 4-bit 2-to-1 multiplexer                              : 2

=========================================================================

=========================================================================
*                       Advanced HDL Synthesis                          *
=========================================================================


Synthesizing (advanced) Unit <SSD_Decoder>.
INFO:Xst:3218 - HDL ADVISOR - The RAM <Mram_D_ssd> will be implemented on LUTs either because you have described an asynchronous read or because of currently unsupported block RAM features. If you have described an asynchronous read, making it synchronous would allow you to take advantage of available block RAM resources, for optimized device usage and improved timings. Please refer to your documentation for coding guidelines.
    -----------------------------------------------------------------------
    | ram_type           | Distributed                         |          |
    -----------------------------------------------------------------------
    | Port A                                                              |
    |     aspect ratio   | 16-word x 15-bit                    |          |
    |     weA            | connected to signal <GND>           | high     |
    |     addrA          | connected to signal <i>             |          |
    |     diA            | connected to signal <GND>           |          |
    |     doA            | connected to signal <D_ssd>         |          |
    -----------------------------------------------------------------------
Unit <SSD_Decoder> synthesized (advanced).

Synthesizing (advanced) Unit <bcd_counter>.
The following registers are absorbed into counter <bcd>: 1 register on signal <bcd>.
Unit <bcd_counter> synthesized (advanced).

=========================================================================
Advanced HDL Synthesis Report

Macro Statistics
# RAMs                                                 : 2
 16x15-bit single-port distributed Read Only RAM       : 2
# Adders/Subtractors                                   : 1
 25-bit adder                                          : 1
# Counters                                             : 2
 4-bit up counter                                      : 2
# Registers                                            : 27
 Flip-Flops                                            : 27
# Comparators                                          : 2
 4-bit comparator lessequal                            : 2
# Multiplexers                                         : 3
 19-bit 2-to-1 multiplexer                             : 3

=========================================================================

=========================================================================
*                         Low Level Synthesis                           *
=========================================================================

ERROR:Xst:528 - Multi-source in Unit <display_decoder> on signal <bcd_u<14>>; this signal is connected to multiple drivers.
Drivers are: 
   Primary input port <bcd_u<14>>
   Output port doA<14> of instance <bcd_0/decode/Mram_D_ssd> of inferred macro RAM

ERROR:Xst:528 - Multi-source in Unit <display_decoder> on signal <bcd_u<13>>; this signal is connected to multiple drivers.
Drivers are: 
   Primary input port <bcd_u<13>>
   Output port doA<13> of instance <bcd_0/decode/Mram_D_ssd> of inferred macro RAM

ERROR:Xst:528 - Multi-source in Unit <display_decoder> on signal <bcd_u<12>>; this signal is connected to multiple drivers.
Drivers are: 
   Primary input port <bcd_u<12>>
   Output port doA<12> of instance <bcd_0/decode/Mram_D_ssd> of inferred macro RAM

ERROR:Xst:528 - Multi-source in Unit <display_decoder> on signal <bcd_u<11>>; this signal is connected to multiple drivers.
Drivers are: 
   Primary input port <bcd_u<11>>
   Output port doA<11> of instance <bcd_0/decode/Mram_D_ssd> of inferred macro RAM

ERROR:Xst:528 - Multi-source in Unit <display_decoder> on signal <bcd_u<10>>; this signal is connected to multiple drivers.
Drivers are: 
   Primary input port <bcd_u<10>>
   Output port doA<10> of instance <bcd_0/decode/Mram_D_ssd> of inferred macro RAM

ERROR:Xst:528 - Multi-source in Unit <display_decoder> on signal <bcd_u<9>>; this signal is connected to multiple drivers.
Drivers are: 
   Primary input port <bcd_u<9>>
   Output port doA<9> of instance <bcd_0/decode/Mram_D_ssd> of inferred macro RAM

ERROR:Xst:528 - Multi-source in Unit <display_decoder> on signal <bcd_u<8>>; this signal is connected to multiple drivers.
Drivers are: 
   Primary input port <bcd_u<8>>
   Output port doA<8> of instance <bcd_0/decode/Mram_D_ssd> of inferred macro RAM

ERROR:Xst:528 - Multi-source in Unit <display_decoder> on signal <bcd_u<7>>; this signal is connected to multiple drivers.
Drivers are: 
   Primary input port <bcd_u<7>>
   Output port doA<7> of instance <bcd_0/decode/Mram_D_ssd> of inferred macro RAM

ERROR:Xst:528 - Multi-source in Unit <display_decoder> on signal <bcd_u<6>>; this signal is connected to multiple drivers.
Drivers are: 
   Primary input port <bcd_u<6>>
   Output port doA<6> of instance <bcd_0/decode/Mram_D_ssd> of inferred macro RAM

ERROR:Xst:528 - Multi-source in Unit <display_decoder> on signal <bcd_u<5>>; this signal is connected to multiple drivers.
Drivers are: 
   Primary input port <bcd_u<5>>
   Output port doA<5> of instance <bcd_0/decode/Mram_D_ssd> of inferred macro RAM

ERROR:Xst:528 - Multi-source in Unit <display_decoder> on signal <bcd_u<4>>; this signal is connected to multiple drivers.
Drivers are: 
   Primary input port <bcd_u<4>>
   Output port doA<4> of instance <bcd_0/decode/Mram_D_ssd> of inferred macro RAM

ERROR:Xst:528 - Multi-source in Unit <display_decoder> on signal <bcd_u<3>>; this signal is connected to multiple drivers.
Drivers are: 
   Primary input port <bcd_u<3>>
   Output port doA<3> of instance <bcd_0/decode/Mram_D_ssd> of inferred macro RAM

ERROR:Xst:528 - Multi-source in Unit <display_decoder> on signal <bcd_u<2>>; this signal is connected to multiple drivers.
Drivers are: 
   Primary input port <bcd_u<2>>
   Output port doA<2> of instance <bcd_0/decode/Mram_D_ssd> of inferred macro RAM

ERROR:Xst:528 - Multi-source in Unit <display_decoder> on signal <bcd_u<1>>; this signal is connected to multiple drivers.
Drivers are: 
   Primary input port <bcd_u<1>>
   Output port doA<1> of instance <bcd_0/decode/Mram_D_ssd> of inferred macro RAM

ERROR:Xst:528 - Multi-source in Unit <display_decoder> on signal <bcd_u<0>>; this signal is connected to multiple drivers.
Drivers are: 
   Primary input port <bcd_u<0>>
   Output port doA<0> of instance <bcd_0/decode/Mram_D_ssd> of inferred macro RAM

ERROR:Xst:528 - Multi-source in Unit <display_decoder> on signal <bcd_t<14>>; this signal is connected to multiple drivers.
Drivers are: 
   Primary input port <bcd_t<14>>
   Output port doA<14> of instance <bcd_1/decode/Mram_D_ssd> of inferred macro RAM

ERROR:Xst:528 - Multi-source in Unit <display_decoder> on signal <bcd_t<13>>; this signal is connected to multiple drivers.
Drivers are: 
   Primary input port <bcd_t<13>>
   Output port doA<13> of instance <bcd_1/decode/Mram_D_ssd> of inferred macro RAM

ERROR:Xst:528 - Multi-source in Unit <display_decoder> on signal <bcd_t<12>>; this signal is connected to multiple drivers.
Drivers are: 
   Primary input port <bcd_t<12>>
   Output port doA<12> of instance <bcd_1/decode/Mram_D_ssd> of inferred macro RAM

ERROR:Xst:528 - Multi-source in Unit <display_decoder> on signal <bcd_t<11>>; this signal is connected to multiple drivers.
Drivers are: 
   Primary input port <bcd_t<11>>
   Output port doA<11> of instance <bcd_1/decode/Mram_D_ssd> of inferred macro RAM

ERROR:Xst:528 - Multi-source in Unit <display_decoder> on signal <bcd_t<10>>; this signal is connected to multiple drivers.
Drivers are: 
   Primary input port <bcd_t<10>>
   Output port doA<10> of instance <bcd_1/decode/Mram_D_ssd> of inferred macro RAM

ERROR:Xst:528 - Multi-source in Unit <display_decoder> on signal <bcd_t<9>>; this signal is connected to multiple drivers.
Drivers are: 
   Primary input port <bcd_t<9>>
   Output port doA<9> of instance <bcd_1/decode/Mram_D_ssd> of inferred macro RAM

ERROR:Xst:528 - Multi-source in Unit <display_decoder> on signal <bcd_t<8>>; this signal is connected to multiple drivers.
Drivers are: 
   Primary input port <bcd_t<8>>
   Output port doA<8> of instance <bcd_1/decode/Mram_D_ssd> of inferred macro RAM

ERROR:Xst:528 - Multi-source in Unit <display_decoder> on signal <bcd_t<7>>; this signal is connected to multiple drivers.
Drivers are: 
   Primary input port <bcd_t<7>>
   Output port doA<7> of instance <bcd_1/decode/Mram_D_ssd> of inferred macro RAM

ERROR:Xst:528 - Multi-source in Unit <display_decoder> on signal <bcd_t<6>>; this signal is connected to multiple drivers.
Drivers are: 
   Primary input port <bcd_t<6>>
   Output port doA<6> of instance <bcd_1/decode/Mram_D_ssd> of inferred macro RAM

ERROR:Xst:528 - Multi-source in Unit <display_decoder> on signal <bcd_t<5>>; this signal is connected to multiple drivers.
Drivers are: 
   Primary input port <bcd_t<5>>
   Output port doA<5> of instance <bcd_1/decode/Mram_D_ssd> of inferred macro RAM

ERROR:Xst:528 - Multi-source in Unit <display_decoder> on signal <bcd_t<4>>; this signal is connected to multiple drivers.
Drivers are: 
   Primary input port <bcd_t<4>>
   Output port doA<4> of instance <bcd_1/decode/Mram_D_ssd> of inferred macro RAM

ERROR:Xst:528 - Multi-source in Unit <display_decoder> on signal <bcd_t<3>>; this signal is connected to multiple drivers.
Drivers are: 
   Primary input port <bcd_t<3>>
   Output port doA<3> of instance <bcd_1/decode/Mram_D_ssd> of inferred macro RAM

ERROR:Xst:528 - Multi-source in Unit <display_decoder> on signal <bcd_t<2>>; this signal is connected to multiple drivers.
Drivers are: 
   Primary input port <bcd_t<2>>
   Output port doA<2> of instance <bcd_1/decode/Mram_D_ssd> of inferred macro RAM

ERROR:Xst:528 - Multi-source in Unit <display_decoder> on signal <bcd_t<1>>; this signal is connected to multiple drivers.
Drivers are: 
   Primary input port <bcd_t<1>>
   Output port doA<1> of instance <bcd_1/decode/Mram_D_ssd> of inferred macro RAM

ERROR:Xst:528 - Multi-source in Unit <display_decoder> on signal <bcd_t<0>>; this signal is connected to multiple drivers.
Drivers are: 
   Primary input port <bcd_t<0>>
   Output port doA<0> of instance <bcd_1/decode/Mram_D_ssd> of inferred macro RAM

ERROR:Xst:528 - Multi-source in Unit <display_decoder> on signal <clk_scn<1>>; this signal is connected to multiple drivers.
Drivers are: 
   Primary input port <clk_scn<1>>
   Output signal of FDC instance <divider/clk_scn_1>

ERROR:Xst:528 - Multi-source in Unit <display_decoder> on signal <clk_scn<0>>; this signal is connected to multiple drivers.
Drivers are: 
   Primary input port <clk_scn<0>>
   Output signal of FDC instance <divider/clk_scn_0>


Total REAL time to Xst completion: 4.00 secs
Total CPU time to Xst completion: 4.15 secs
 
--> 

Total memory usage is 223304 kilobytes

Number of errors   :   32 (   0 filtered)
Number of warnings :    1 (   0 filtered)
Number of infos    :    2 (   0 filtered)

