Release 14.7 - WebTalk (P.20131013)
Copyright (c) 1995-2010 Xilinx, Inc.  All rights reserved.

Project Information
--------------------
<<<<<<< HEAD
ProjectID=5b8186706d534907a6022a4ec5916e1e
=======
ProjectID=2dfdaa6801d940f492950c75e62bbc79
>>>>>>> origin/master
ProjectIteration=1

WebTalk Summary
----------------
INFO:WebTalk:2 - WebTalk is enabled.

INFO:WebTalk:8 - WebTalk Install setting is ON.
INFO:WebTalk:6 - WebTalk User setting is ON.

<<<<<<< HEAD
INFO:WebTalk:4 - D:/Programming/EE2230/Lab3_3/usage_statistics_webtalk.html WebTalk report has been successfully sent to Xilinx on 2015-04-17T20:48:37.  For additional details about this file, please refer to the WebTalk help file at D:/Xilinx/14.7/ISE_DS/ISE/data/reports/webtalk_introduction.html
=======
INFO:WebTalk:5 - D:/Programming/EE2230/Lab3_3/usage_statistics_webtalk.html WebTalk report has not been sent to Xilinx.  Please check your network and proxy settings.  For additional details about this file, please refer to the WebTalk help file at C:/XilinxISE/14.7/ISE_DS/ISE/data/reports/webtalk_introduction.html
>>>>>>> origin/master
