--------------------------------------------------------------------------------
Release 14.7 Trace  (nt64)
Copyright (c) 1995-2013 Xilinx, Inc.  All rights reserved.

D:\Xilinx\14.7\ISE_DS\ISE\bin\nt64\unwrapped\trce.exe -intstyle ise -v 3 -s 3
-n 3 -fastpaths -xml electronic_clock.twx electronic_clock.ncd -o
electronic_clock.twr electronic_clock.pcf -ucf electronic_clock.ucf

Design file:              electronic_clock.ncd
Physical constraint file: electronic_clock.pcf
Device,package,speed:     xc6slx16,csg324,C,-3 (PRODUCTION 1.23 2013-10-13)
Report level:             verbose report

Environment Variable      Effect 
--------------------      ------ 
NONE                      No environment variables were set
--------------------------------------------------------------------------------

INFO:Timing:2698 - No timing constraints found, doing default enumeration.
INFO:Timing:3412 - To improve timing, see the Timing Closure User Guide (UG612).
INFO:Timing:2752 - To get complete path coverage, use the unconstrained paths 
   option. All paths that are not constrained will be reported in the 
   unconstrained paths section(s) of the report.
INFO:Timing:3339 - The clock-to-out numbers in this timing report are based on 
   a 50 Ohm transmission line loading model.  For the details of this model, 
   and for more information on accounting for different loading conditions, 
   please see the device datasheet.



Data Sheet report:
-----------------
All values displayed in nanoseconds (ns)

Setup/Hold to clock clk
------------+------------+------------+------------+------------+------------------+--------+
            |Max Setup to|  Process   |Max Hold to |  Process   |                  | Clock  |
Source      | clk (edge) |   Corner   | clk (edge) |   Corner   |Internal Clock(s) | Phase  |
------------+------------+------------+------------+------------+------------------+--------+
pb_in_rst   |    2.195(R)|      SLOW  |   -0.822(R)|      SLOW  |clk_BUFGP         |   0.000|
------------+------------+------------+------------+------------+------------------+--------+

Clock clk to Pad
------------+-----------------+------------+-----------------+------------+------------------+--------+
            |Max (slowest) clk|  Process   |Min (fastest) clk|  Process   |                  | Clock  |
Destination |  (edge) to PAD  |   Corner   |  (edge) to PAD  |   Corner   |Internal Clock(s) | Phase  |
------------+-----------------+------------+-----------------+------------+------------------+--------+
display<0>  |         8.949(R)|      SLOW  |         4.778(R)|      FAST  |clk_BUFGP         |   0.000|
display<1>  |         8.663(R)|      SLOW  |         4.615(R)|      FAST  |clk_BUFGP         |   0.000|
display<2>  |         9.052(R)|      SLOW  |         4.812(R)|      FAST  |clk_BUFGP         |   0.000|
display<3>  |         8.219(R)|      SLOW  |         4.358(R)|      FAST  |clk_BUFGP         |   0.000|
display<4>  |         9.155(R)|      SLOW  |         4.953(R)|      FAST  |clk_BUFGP         |   0.000|
display<5>  |         8.912(R)|      SLOW  |         4.741(R)|      FAST  |clk_BUFGP         |   0.000|
display<6>  |         9.378(R)|      SLOW  |         5.096(R)|      FAST  |clk_BUFGP         |   0.000|
display<7>  |        10.287(R)|      SLOW  |         4.696(R)|      FAST  |clk_BUFGP         |   0.000|
display<8>  |        11.011(R)|      SLOW  |         5.005(R)|      FAST  |clk_BUFGP         |   0.000|
display<9>  |         8.970(R)|      SLOW  |         4.655(R)|      FAST  |clk_BUFGP         |   0.000|
display<10> |         8.891(R)|      SLOW  |         4.607(R)|      FAST  |clk_BUFGP         |   0.000|
display<11> |        10.220(R)|      SLOW  |         4.896(R)|      FAST  |clk_BUFGP         |   0.000|
display<12> |        10.276(R)|      SLOW  |         4.591(R)|      FAST  |clk_BUFGP         |   0.000|
display<13> |         9.784(R)|      SLOW  |         4.686(R)|      FAST  |clk_BUFGP         |   0.000|
display<14> |         8.765(R)|      SLOW  |         4.601(R)|      FAST  |clk_BUFGP         |   0.000|
display<15> |         8.809(R)|      SLOW  |         4.553(R)|      FAST  |clk_BUFGP         |   0.000|
display<16> |         8.779(R)|      SLOW  |         4.531(R)|      FAST  |clk_BUFGP         |   0.000|
display<17> |         8.484(R)|      SLOW  |         4.493(R)|      FAST  |clk_BUFGP         |   0.000|
display<18> |         8.409(R)|      SLOW  |         4.441(R)|      FAST  |clk_BUFGP         |   0.000|
------------+-----------------+------------+-----------------+------------+------------------+--------+

Clock to Setup on destination clock clk
---------------+---------+---------+---------+---------+
               | Src:Rise| Src:Fall| Src:Rise| Src:Fall|
Source Clock   |Dest:Rise|Dest:Rise|Dest:Fall|Dest:Fall|
---------------+---------+---------+---------+---------+
clk            |    3.501|         |         |         |
---------------+---------+---------+---------+---------+


Analysis completed Thu Apr 30 18:44:53 2015 
--------------------------------------------------------------------------------

Trace Settings:
-------------------------
Trace Settings 

Peak Memory Usage: 236 MB



